
 /----------------------------------------------------------------------------\
 |                                                                            |
 |  yosys -- Yosys Open SYnthesis Suite                                       |
 |                                                                            |
 |  Copyright (C) 2012 - 2020  Claire Xenia Wolf <claire@yosyshq.com>         |
 |                                                                            |
 |  Permission to use, copy, modify, and/or distribute this software for any  |
 |  purpose with or without fee is hereby granted, provided that the above    |
 |  copyright notice and this permission notice appear in all copies.         |
 |                                                                            |
 |  THE SOFTWARE IS PROVIDED "AS IS" AND THE AUTHOR DISCLAIMS ALL WARRANTIES  |
 |  WITH REGARD TO THIS SOFTWARE INCLUDING ALL IMPLIED WARRANTIES OF          |
 |  MERCHANTABILITY AND FITNESS. IN NO EVENT SHALL THE AUTHOR BE LIABLE FOR   |
 |  ANY SPECIAL, DIRECT, INDIRECT, OR CONSEQUENTIAL DAMAGES OR ANY DAMAGES    |
 |  WHATSOEVER RESULTING FROM LOSS OF USE, DATA OR PROFITS, WHETHER IN AN     |
 |  ACTION OF CONTRACT, NEGLIGENCE OR OTHER TORTIOUS ACTION, ARISING OUT OF   |
 |  OR IN CONNECTION WITH THE USE OR PERFORMANCE OF THIS SOFTWARE.            |
 |                                                                            |
 \----------------------------------------------------------------------------/

 Yosys 0.25+1 (git sha1 d3216593d, clang 10.0.0-4ubuntu1 -fPIC -Os)


-- Executing script file `../model/design.ys' --

1. Executing Verilog-2005 frontend: countones.sv
Parsing formal SystemVerilog input from `countones.sv' to AST representation.
Storing AST representation for module `$abstract\countones'.
Storing AST representation for module `$abstract\countones_synth'.
Storing AST representation for module `$abstract\yosys_countones'.
Successfully finished Verilog frontend.

2. Executing PREP pass.

2.1. Executing HIERARCHY pass (managing design hierarchy).

2.2. Executing AST frontend in derive mode using pre-parsed AST for module `\countones'.
Generating RTLIL representation for module `\countones'.

2.2.1. Analyzing design hierarchy..
Top module:  \countones

2.2.2. Analyzing design hierarchy..
Top module:  \countones
Removing unused module `$abstract\yosys_countones'.
Removing unused module `$abstract\countones_synth'.
Removing unused module `$abstract\countones'.
Removed 3 unused modules.
Module countones directly or indirectly contains formal properties -> setting "keep" attribute.

2.3. Executing PROC pass (convert processes to netlists).

2.3.1. Executing PROC_CLEAN pass (remove empty switches from decision trees).
Cleaned up 0 empty switches.

2.3.2. Executing PROC_RMDEAD pass (remove dead branches from decision trees).
Removed a total of 0 dead cases.

2.3.3. Executing PROC_PRUNE pass (remove redundant assignments in processes).
Removed 0 redundant assignments.
Promoted 2 assignments to connections.

2.3.4. Executing PROC_INIT pass (extract init attributes).

2.3.5. Executing PROC_ARST pass (detect async resets in processes).

2.3.6. Executing PROC_ROM pass (convert switches to ROMs).
Converted 0 switches.

2.3.7. Executing PROC_MUX pass (convert decision trees to multiplexers).
Creating decoders for process `\countones.$proc$countones.sv:0$3'.

2.3.8. Executing PROC_DLATCH pass (convert process syncs to latches).
No latch inferred for signal `\countones.\count_l' from process `\countones.$proc$countones.sv:0$3'.
No latch inferred for signal `\countones.$fordecl_block$1.i' from process `\countones.$proc$countones.sv:0$3'.

2.3.9. Executing PROC_DFF pass (convert process syncs to FFs).

2.3.10. Executing PROC_MEMWR pass (convert process memory writes to cells).

2.3.11. Executing PROC_CLEAN pass (remove empty switches from decision trees).
Removing empty process `countones.$proc$countones.sv:0$3'.
Cleaned up 0 empty switches.

2.3.12. Executing OPT_EXPR pass (perform const folding).
Optimizing module countones.
<suppressed ~32 debug messages>

2.4. Executing OPT_EXPR pass (perform const folding).
Optimizing module countones.

2.5. Executing OPT_CLEAN pass (remove unused cells and wires).
Finding unused cells or wires in module \countones..
Removed 0 unused cells and 36 unused wires.
<suppressed ~1 debug messages>

2.6. Executing CHECK pass (checking for obvious problems).
Checking module countones...
Found and reported 0 problems.

2.7. Executing OPT pass (performing simple optimizations).

2.7.1. Executing OPT_EXPR pass (perform const folding).
Optimizing module countones.

2.7.2. Executing OPT_MERGE pass (detect identical cells).
Finding identical cells in module `\countones'.
<suppressed ~48 debug messages>
Removed a total of 16 cells.

2.7.3. Executing OPT_MUXTREE pass (detect dead branches in mux trees).
Running muxtree optimizer on module \countones..
  Creating internal representation of mux trees.
  No muxes found in this module.
Removed 0 multiplexer ports.

2.7.4. Executing OPT_REDUCE pass (consolidate $*mux and $reduce_* inputs).
  Optimizing cells in module \countones.
Performed a total of 0 changes.

2.7.5. Executing OPT_MERGE pass (detect identical cells).
Finding identical cells in module `\countones'.
Removed a total of 0 cells.

2.7.6. Executing OPT_CLEAN pass (remove unused cells and wires).
Finding unused cells or wires in module \countones..
Removed 0 unused cells and 16 unused wires.
<suppressed ~1 debug messages>

2.7.7. Executing OPT_EXPR pass (perform const folding).
Optimizing module countones.

2.7.8. Rerunning OPT passes. (Maybe there is more to do..)

2.7.9. Executing OPT_MUXTREE pass (detect dead branches in mux trees).
Running muxtree optimizer on module \countones..
  Creating internal representation of mux trees.
  No muxes found in this module.
Removed 0 multiplexer ports.

2.7.10. Executing OPT_REDUCE pass (consolidate $*mux and $reduce_* inputs).
  Optimizing cells in module \countones.
Performed a total of 0 changes.

2.7.11. Executing OPT_MERGE pass (detect identical cells).
Finding identical cells in module `\countones'.
Removed a total of 0 cells.

2.7.12. Executing OPT_CLEAN pass (remove unused cells and wires).
Finding unused cells or wires in module \countones..

2.7.13. Executing OPT_EXPR pass (perform const folding).
Optimizing module countones.

2.7.14. Finished OPT passes. (There is nothing left to do.)

2.8. Executing WREDUCE pass (reducing word size of cells).
Removed top 3 bits (of 4) from port A of cell countones.$add$countones.sv:17$5 ($add).
Removed top 3 bits (of 4) from port B of cell countones.$add$countones.sv:17$5 ($add).
Removed top 2 bits (of 4) from port Y of cell countones.$add$countones.sv:17$5 ($add).
Removed top 2 bits (of 4) from port A of cell countones.$add$countones.sv:17$6 ($add).
Removed top 3 bits (of 4) from port B of cell countones.$add$countones.sv:17$6 ($add).
Removed top 1 bits (of 4) from port Y of cell countones.$add$countones.sv:17$6 ($add).
Removed top 1 bits (of 4) from port A of cell countones.$add$countones.sv:17$7 ($add).
Removed top 3 bits (of 4) from port B of cell countones.$add$countones.sv:17$7 ($add).
Removed top 3 bits (of 4) from port B of cell countones.$add$countones.sv:17$8 ($add).
Removed top 3 bits (of 4) from port B of cell countones.$add$countones.sv:17$9 ($add).
Removed top 3 bits (of 4) from port B of cell countones.$add$countones.sv:17$10 ($add).
Removed top 3 bits (of 4) from port B of cell countones.$add$countones.sv:17$11 ($add).
Removed top 3 bits (of 4) from port B of cell countones.$add$countones.sv:17$12 ($add).
Removed top 31 bits (of 32) from port A of cell countones.$add$countones.sv:0$16 ($add).
Removed top 31 bits (of 32) from port B of cell countones.$add$countones.sv:0$16 ($add).
Removed top 30 bits (of 32) from port Y of cell countones.$add$countones.sv:0$16 ($add).
Removed top 30 bits (of 32) from port A of cell countones.$add$countones.sv:0$20 ($add).
Removed top 31 bits (of 32) from port B of cell countones.$add$countones.sv:0$20 ($add).
Removed top 29 bits (of 32) from port Y of cell countones.$add$countones.sv:0$20 ($add).
Removed top 29 bits (of 32) from port A of cell countones.$add$countones.sv:0$24 ($add).
Removed top 31 bits (of 32) from port B of cell countones.$add$countones.sv:0$24 ($add).
Removed top 28 bits (of 32) from port Y of cell countones.$add$countones.sv:0$24 ($add).
Removed top 28 bits (of 32) from port A of cell countones.$add$countones.sv:0$28 ($add).
Removed top 31 bits (of 32) from port B of cell countones.$add$countones.sv:0$28 ($add).
Removed top 27 bits (of 32) from port Y of cell countones.$add$countones.sv:0$28 ($add).
Removed top 27 bits (of 32) from port A of cell countones.$add$countones.sv:0$32 ($add).
Removed top 31 bits (of 32) from port B of cell countones.$add$countones.sv:0$32 ($add).
Removed top 26 bits (of 32) from port Y of cell countones.$add$countones.sv:0$32 ($add).
Removed top 26 bits (of 32) from port A of cell countones.$add$countones.sv:0$36 ($add).
Removed top 31 bits (of 32) from port B of cell countones.$add$countones.sv:0$36 ($add).
Removed top 25 bits (of 32) from port Y of cell countones.$add$countones.sv:0$36 ($add).
Removed top 25 bits (of 32) from port A of cell countones.$add$countones.sv:0$40 ($add).
Removed top 31 bits (of 32) from port B of cell countones.$add$countones.sv:0$40 ($add).
Removed top 24 bits (of 32) from port Y of cell countones.$add$countones.sv:0$40 ($add).
Removed top 24 bits (of 32) from port A of cell countones.$add$countones.sv:37$44 ($add).
Removed top 31 bits (of 32) from port B of cell countones.$add$countones.sv:37$44 ($add).
Removed top 23 bits (of 32) from port Y of cell countones.$add$countones.sv:37$44 ($add).
Removed top 23 bits (of 32) from port B of cell countones.$eq$countones.sv:37$45 ($eq).
Removed top 23 bits (of 32) from port A of cell countones.$and$countones.sv:38$79 ($and).
Removed top 23 bits (of 32) from port Y of cell countones.$and$countones.sv:38$79 ($and).
Removed top 23 bits (of 32) from port B of cell countones.$eq$countones.sv:38$80 ($eq).
Removed top 30 bits (of 32) from wire countones.$add$countones.sv:0$16_Y.
Removed top 29 bits (of 32) from wire countones.$add$countones.sv:0$20_Y.
Removed top 28 bits (of 32) from wire countones.$add$countones.sv:0$24_Y.
Removed top 27 bits (of 32) from wire countones.$add$countones.sv:0$28_Y.
Removed top 26 bits (of 32) from wire countones.$add$countones.sv:0$32_Y.
Removed top 25 bits (of 32) from wire countones.$add$countones.sv:0$36_Y.
Removed top 24 bits (of 32) from wire countones.$add$countones.sv:0$40_Y.
Removed top 2 bits (of 4) from wire countones.$add$countones.sv:17$5_Y.
Removed top 1 bits (of 4) from wire countones.$add$countones.sv:17$6_Y.
Removed top 23 bits (of 32) from wire countones.$add$countones.sv:37$44_Y.
Removed top 23 bits (of 32) from wire countones.$and$countones.sv:38$79_Y.
Removed top 31 bits (of 32) from wire countones.$eqx$countones.sv:0$15_Y.

2.9. Executing OPT_CLEAN pass (remove unused cells and wires).
Finding unused cells or wires in module \countones..
Removed 0 unused cells and 12 unused wires.
<suppressed ~1 debug messages>

2.10. Executing MEMORY_COLLECT pass (generating $mem cells).

2.11. Executing OPT pass (performing simple optimizations).

2.11.1. Executing OPT_EXPR pass (perform const folding).
Optimizing module countones.

2.11.2. Executing OPT_MERGE pass (detect identical cells).
Finding identical cells in module `\countones'.
Removed a total of 0 cells.

2.11.3. Executing OPT_CLEAN pass (remove unused cells and wires).
Finding unused cells or wires in module \countones..

2.11.4. Finished fast OPT passes.

2.12. Printing statistics.

=== countones ===

   Number of wires:                 29
   Number of wire bits:            352
   Number of public wires:           3
   Number of public wire bits:      16
   Number of memories:               0
   Number of memory bits:            0
   Number of processes:              0
   Number of cells:                 29
     $add                           16
     $and                            1
     $assert                         2
     $eq                             2
     $eqx                            8

2.13. Executing CHECK pass (checking for obvious problems).
Checking module countones...
Found and reported 0 problems.

3. Executing HIERARCHY pass (managing design hierarchy).

3.1. Analyzing design hierarchy..
Top module:  \countones

3.2. Analyzing design hierarchy..
Top module:  \countones
Removed 0 unused modules.
Module countones directly or indirectly contains formal properties -> setting "keep" attribute.

4. Executing jny backend.

5. Executing RTLIL backend.
Output filename: ../model/design.il

End of script. Logfile hash: 7a462d5012, CPU: user 0.04s system 0.00s, MEM: 12.59 MB peak
Yosys 0.25+1 (git sha1 d3216593d, clang 10.0.0-4ubuntu1 -fPIC -Os)
Time spent: 22% 2x check (0 sec), 21% 5x opt_clean (0 sec), ...
