kypd_i:   0, mem: 255

  ______          __  __                    __       __                   _____                 __
 /_  __/__  _____/ /_/ /_  ___  ____  _____/ /_     / /______  __  ______/ /__ \ ______________/ /
  / / / _ \/ ___/ __/ __ \/ _ \/ __ \/ ___/ __ \   / //_/ __ \/ / / / __  /__/ // ___/ ___/ __  / 
 / / /  __(__  ) /_/ /_/ /  __/ / / / /__/ / / /  / ,< / /_/ / /_/ / /_/ // __/(__  |__  ) /_/ /  
/_/  \___/____/\__/_.___/\___/_/ /_/\___/_/ /_/  /_/|_/ .___/\__, /\__,_//____/____/____/\__,_/   
                                                     /_/    /____/                                
Begin Test:

  kpyd_i = 00000000
  kpyd_i = 00000001
  kpyd_i = 00000010
  kpyd_i = 00000011
  kpyd_i = 00000100
  kpyd_i = 00000101
  kpyd_i = 00000110
  kpyd_i = 00000111
  kpyd_i = 00001000
  kpyd_i = 00001001
  kpyd_i = 00001010
  kpyd_i = 00001011
  kpyd_i = 00001100
  kpyd_i = 00001101
  kpyd_i = 00001110
  kpyd_i = 00001111
  kpyd_i = 00010000
  kpyd_i = 00010001
  kpyd_i = 00010010
  kpyd_i = 00010011
  kpyd_i = 00010100
  kpyd_i = 00010101
  kpyd_i = 00010110
  kpyd_i = 00010111
  kpyd_i = 00011000
  kpyd_i = 00011001
  kpyd_i = 00011010
  kpyd_i = 00011011
  kpyd_i = 00011100
  kpyd_i = 00011101
  kpyd_i = 00011110
  kpyd_i = 00011111
  kpyd_i = 00100000
  kpyd_i = 00100001
  kpyd_i = 00100010
  kpyd_i = 00100011
  kpyd_i = 00100100
  kpyd_i = 00100101
  kpyd_i = 00100110
  kpyd_i = 00100111
  kpyd_i = 00101000
  kpyd_i = 00101001
  kpyd_i = 00101010
  kpyd_i = 00101011
  kpyd_i = 00101100
  kpyd_i = 00101101
  kpyd_i = 00101110
  kpyd_i = 00101111
  kpyd_i = 00110000
  kpyd_i = 00110001
  kpyd_i = 00110010
  kpyd_i = 00110011
  kpyd_i = 00110100
  kpyd_i = 00110101
  kpyd_i = 00110110
  kpyd_i = 00110111
  kpyd_i = 00111000
  kpyd_i = 00111001
  kpyd_i = 00111010
  kpyd_i = 00111011
  kpyd_i = 00111100
  kpyd_i = 00111101
  kpyd_i = 00111110
  kpyd_i = 00111111
  kpyd_i = 01000000
  kpyd_i = 01000001
  kpyd_i = 01000010
  kpyd_i = 01000011
  kpyd_i = 01000100
  kpyd_i = 01000101
  kpyd_i = 01000110
  kpyd_i = 01000111
  kpyd_i = 01001000
  kpyd_i = 01001001
  kpyd_i = 01001010
  kpyd_i = 01001011
  kpyd_i = 01001100
  kpyd_i = 01001101
  kpyd_i = 01001110
  kpyd_i = 01001111
  kpyd_i = 01010000
  kpyd_i = 01010001
  kpyd_i = 01010010
  kpyd_i = 01010011
  kpyd_i = 01010100
  kpyd_i = 01010101
  kpyd_i = 01010110
  kpyd_i = 01010111
  kpyd_i = 01011000
  kpyd_i = 01011001
  kpyd_i = 01011010
  kpyd_i = 01011011
  kpyd_i = 01011100
  kpyd_i = 01011101
  kpyd_i = 01011110
  kpyd_i = 01011111
  kpyd_i = 01100000
  kpyd_i = 01100001
  kpyd_i = 01100010
  kpyd_i = 01100011
  kpyd_i = 01100100
  kpyd_i = 01100101
  kpyd_i = 01100110
  kpyd_i = 01100111
  kpyd_i = 01101000
  kpyd_i = 01101001
  kpyd_i = 01101010
  kpyd_i = 01101011
  kpyd_i = 01101100
  kpyd_i = 01101101
  kpyd_i = 01101110
  kpyd_i = 01101111
  kpyd_i = 01110000
  kpyd_i = 01110001
  kpyd_i = 01110010
  kpyd_i = 01110011
  kpyd_i = 01110100
  kpyd_i = 01110101
  kpyd_i = 01110110
  kpyd_i = 01110111
  kpyd_i = 01111000
  kpyd_i = 01111001
  kpyd_i = 01111010
  kpyd_i = 01111011
  kpyd_i = 01111100
  kpyd_i = 01111101
  kpyd_i = 01111110
  kpyd_i = 01111111
  kpyd_i = 10000000
  kpyd_i = 10000001
  kpyd_i = 10000010
  kpyd_i = 10000011
  kpyd_i = 10000100
  kpyd_i = 10000101
  kpyd_i = 10000110
  kpyd_i = 10000111
  kpyd_i = 10001000
  kpyd_i = 10001001
  kpyd_i = 10001010
  kpyd_i = 10001011
  kpyd_i = 10001100
  kpyd_i = 10001101
  kpyd_i = 10001110
  kpyd_i = 10001111
  kpyd_i = 10010000
  kpyd_i = 10010001
  kpyd_i = 10010010
  kpyd_i = 10010011
  kpyd_i = 10010100
  kpyd_i = 10010101
  kpyd_i = 10010110
  kpyd_i = 10010111
  kpyd_i = 10011000
  kpyd_i = 10011001
  kpyd_i = 10011010
  kpyd_i = 10011011
  kpyd_i = 10011100
  kpyd_i = 10011101
  kpyd_i = 10011110
  kpyd_i = 10011111
  kpyd_i = 10100000
  kpyd_i = 10100001
  kpyd_i = 10100010
  kpyd_i = 10100011
  kpyd_i = 10100100
  kpyd_i = 10100101
  kpyd_i = 10100110
  kpyd_i = 10100111
  kpyd_i = 10101000
  kpyd_i = 10101001
  kpyd_i = 10101010
  kpyd_i = 10101011
  kpyd_i = 10101100
  kpyd_i = 10101101
  kpyd_i = 10101110
  kpyd_i = 10101111
  kpyd_i = 10110000
  kpyd_i = 10110001
  kpyd_i = 10110010
  kpyd_i = 10110011
  kpyd_i = 10110100
  kpyd_i = 10110101
  kpyd_i = 10110110
  kpyd_i = 10110111
  kpyd_i = 10111000
  kpyd_i = 10111001
  kpyd_i = 10111010
  kpyd_i = 10111011
  kpyd_i = 10111100
  kpyd_i = 10111101
  kpyd_i = 10111110
  kpyd_i = 10111111
  kpyd_i = 11000000
  kpyd_i = 11000001
  kpyd_i = 11000010
  kpyd_i = 11000011
  kpyd_i = 11000100
  kpyd_i = 11000101
  kpyd_i = 11000110
  kpyd_i = 11000111
  kpyd_i = 11001000
  kpyd_i = 11001001
  kpyd_i = 11001010
  kpyd_i = 11001011
  kpyd_i = 11001100
  kpyd_i = 11001101
  kpyd_i = 11001110
  kpyd_i = 11001111
  kpyd_i = 11010000
  kpyd_i = 11010001
  kpyd_i = 11010010
  kpyd_i = 11010011
  kpyd_i = 11010100
  kpyd_i = 11010101
  kpyd_i = 11010110
  kpyd_i = 11010111
  kpyd_i = 11011000
  kpyd_i = 11011001
  kpyd_i = 11011010
  kpyd_i = 11011011
  kpyd_i = 11011100
  kpyd_i = 11011101
  kpyd_i = 11011110
  kpyd_i = 11011111
  kpyd_i = 11100000
  kpyd_i = 11100001
  kpyd_i = 11100010
  kpyd_i = 11100011
  kpyd_i = 11100100
  kpyd_i = 11100101
  kpyd_i = 11100110
  kpyd_i = 11100111
  kpyd_i = 11101000
  kpyd_i = 11101001
  kpyd_i = 11101010
  kpyd_i = 11101011
  kpyd_i = 11101100
  kpyd_i = 11101101
  kpyd_i = 11101110
  kpyd_i = 11101111
  kpyd_i = 11110000
  kpyd_i = 11110001
  kpyd_i = 11110010
  kpyd_i = 11110011
  kpyd_i = 11110100
  kpyd_i = 11110101
  kpyd_i = 11110110
  kpyd_i = 11110111
  kpyd_i = 11111000
  kpyd_i = 11111001
  kpyd_i = 11111010
  kpyd_i = 11111011
  kpyd_i = 11111100
  kpyd_i = 11111101
  kpyd_i = 11111110
  kpyd_i = 11111111
Simulation time is              2570000
[0;32m    ____  ___   __________[0m
[0;32m   / __ \/   | / ___/ ___/[0m
[0;32m  / /_/ / /| | \__ \__  [0m
[0;32m / ____/ ___ |___/ /__/ / [0m
[0;32m/_/   /_/  |_/____/____/  [0m

Simulation Succeeded!
