VCD info: dumpfile iverilog.vcd opened for output.
VCD warning: $dumpvars: Unsupported argument type (vpiPackage)

  ______          __  __                    __       __          ______            __    __
 /_  __/__  _____/ /_/ /_  ___  ____  _____/ /_     / /_  ____ _/ / __/ ____ _____/ /___/ /
  / / / _ \/ ___/ __/ __ \/ _ \/ __ \/ ___/ __ \   / __ \/ __ `/ / /_  / __ `/ __  / __  / 
 / / /  __(__  ) /_/ /_/ /  __/ / / / /__/ / / /  / / / / /_/ / / __/ / /_/ / /_/ / /_/ /  
/_/  \___/____/\__/_.___/\___/_/ /_/\___/_/ /_/  /_/ /_/\__,_/_/_/____\__,_/\__,_/\__,_/   
                                                                /_____/                    
Begin Test:

  a_i = 0, b_i = 0
  a_i = 0, b_i = 1
  a_i = 1, b_i = 0
  a_i = 1, b_i = 1
Simulation time is                50000
[0;32m    ____  ___   __________[0m
[0;32m   / __ \/   | / ___/ ___/[0m
[0;32m  / /_/ / /| | \__ \__  [0m
[0;32m / ____/ ___ |___/ /__/ / [0m
[0;32m/_/   /_/  |_/____/____/  [0m

Simulation Succeeded!
Current System Time is: 04:06:45 PM--02/08/2023
