testbench.cg with cycle_time_p          10
VCD info: dumpfile iverilog.vcd opened for output.
VCD warning: $dumpvars: Unsupported argument type (vpiPackage)

  ______          __  __                    __       ____  _       __  ___          
 /_  __/__  _____/ /_/ /_  ___  ____  _____/ /_     / __ )(_)___ _/  |/  /___ ______
  / / / _ \/ ___/ __/ __ \/ _ \/ __ \/ ___/ __ \   / __  / / __ `/ /|_/ / __ `/ ___/
 / / /  __(__  ) /_/ /_/ /  __/ / / / /__/ / / /  / /_/ / / /_/ / /  / / /_/ / /__  
/_/  \___/____/\__/_.___/\___/_/ /_/\___/_/ /_/  /_____/_/\__, /_/  /_/\__,_/\___/  
                                                         /____/                     
__________ ___________  _______________________________
\______   \\_   _____/ /   _____/\_   _____/\__    ___/
 |       _/ |    __)_  \_____  \  |    __)_   |    |   
 |    |   \ |        \ /        \ |        \  |    |  0->1 time =         10
 |____|_  //_______  //_______  //_______  /  |____|   
 ASYNC  \/         \/         \/         \/            
__________ ___________  _______________________________
\______   \\_   _____/ /   _____/\_   _____/\__    ___/
 |       _/ |    __)_  \_____  \  |    __)_   |    |   
 |    |   \ |        \ /        \ |        \  |    |  1->0 time =        110
 |____|_  //_______  //_______  //_______  /  |____|   
 ASYNC  \/         \/         \/         \/            

Begin Test:
On Cycle           1 (RV: 5d4a4dba) -- valid_i: 1, ready_n: 0, data_i:     0
On Cycle           2 (RV: c5a1608b) -- valid_i: 0, ready_n: 0, data_i:     0
On Cycle           3 (RV: d31dfea6) -- valid_i: 0, ready_n: 0, data_i:     0
On Cycle           4 (RV: 92831e25) -- valid_i: 0, ready_n: 0, data_i:     0
On Cycle           5 (RV: 19058332) -- valid_i: 0, ready_n: 0, data_i:     0
On Cycle           6 (RV: d10504a2) -- valid_i: 0, ready_n: 0, data_i:     0
On Cycle           7 (RV: a48f7c49) -- valid_i: 0, ready_n: 0, data_i:     0
On Cycle           8 (RV: 8a64b014) -- valid_i: 0, ready_n: 1, data_i:     0
On Cycle           9 (RV: 9ec9c03d) -- valid_i: 0, ready_n: 0, data_i:     0
On output iteration           0 -- data_o (Testbench Thread           1) got          0 (DUT Thread: z)

On Cycle          10 (RV: 25f2034b) -- valid_i: 0, ready_n: 0, data_i:     0
On Cycle          11 (RV: ae68305c) -- valid_i: 1, ready_n: 0, data_i:     1
On Cycle          12 (RV: 23907547) -- valid_i: 0, ready_n: 0, data_i:     0
On Cycle          13 (RV: 433e9786) -- valid_i: 1, ready_n: 1, data_i:     2
On output iteration           1 -- data_o (Testbench Thread           0) got          1 (DUT Thread: z)

On Cycle          14 (RV: 9caf7a39) -- valid_i: 0, ready_n: 0, data_i:     0
On Cycle          15 (RV: da058ab4) -- valid_i: 1, ready_n: 0, data_i:     2
On Cycle          16 (RV: 6851e5d0) -- valid_i: 1, ready_n: 1, data_i:     3
On Cycle          17 (RV: 9622502c) -- valid_i: 1, ready_n: 0, data_i:     3
On output iteration           2 -- data_o (Testbench Thread           1) got          2 (DUT Thread: z)

On Cycle          18 (RV: 467c458c) -- valid_i: 1, ready_n: 1, data_i:     4
On Cycle          19 (RV: 03e9b707) -- valid_i: 0, ready_n: 0, data_i:     0
On output iteration           3 -- data_o (Testbench Thread           0) got          3 (DUT Thread: z)

On Cycle          20 (RV: b522406a) -- valid_i: 1, ready_n: 0, data_i:     4
On Cycle          21 (RV: 0895f911) -- valid_i: 0, ready_n: 0, data_i:     0
On Cycle          22 (RV: 746affe8) -- valid_i: 1, ready_n: 1, data_i:     5
On Cycle          23 (RV: a5e79e4b) -- valid_i: 0, ready_n: 0, data_i:     0
On output iteration           4 -- data_o (Testbench Thread           1) got          5 (DUT Thread: z)

On Cycle          24 (RV: 39e48173) -- valid_i: 0, ready_n: 0, data_i:     0
On Cycle          25 (RV: 76295bec) -- valid_i: 1, ready_n: 0, data_i:     5
On Cycle          26 (RV: 11fe0523) -- valid_i: 0, ready_n: 0, data_i:     0
On Cycle          27 (RV: 520eefa4) -- valid_i: 1, ready_n: 1, data_i:     6
On output iteration           5 -- data_o (Testbench Thread           0) got          7 (DUT Thread: z)

On Cycle          28 (RV: 64e165c9) -- valid_i: 0, ready_n: 0, data_i:     0
On Cycle          29 (RV: 9ca70439) -- valid_i: 0, ready_n: 0, data_i:     0
On Cycle          30 (RV: ef8372df) -- valid_i: 0, ready_n: 0, data_i:     0
On Cycle          31 (RV: ea5814d4) -- valid_i: 1, ready_n: 0, data_i:     6
On Cycle          32 (RV: 33836567) -- valid_i: 0, ready_n: 0, data_i:     0
On Cycle          33 (RV: 4ea0419d) -- valid_i: 0, ready_n: 0, data_i:     0
On Cycle          34 (RV: 583125b0) -- valid_i: 1, ready_n: 1, data_i:     7
On Cycle          35 (RV: 41103982) -- valid_i: 1, ready_n: 0, data_i:     7
On output iteration           6 -- data_o (Testbench Thread           1) got         10 (DUT Thread: z)

On Cycle          36 (RV: 24d2bf49) -- valid_i: 0, ready_n: 0, data_i:     0
On Cycle          37 (RV: ecb91ad9) -- valid_i: 0, ready_n: 0, data_i:     0
On Cycle          38 (RV: 1000b720) -- valid_i: 1, ready_n: 1, data_i:     8
On Cycle          39 (RV: 8e054c1c) -- valid_i: 1, ready_n: 0, data_i:     8
On output iteration           7 -- data_o (Testbench Thread           0) got         12 (DUT Thread: z)

On Cycle          40 (RV: 49b16f93) -- valid_i: 0, ready_n: 0, data_i:     0
On Cycle          41 (RV: 71b461e3) -- valid_i: 0, ready_n: 0, data_i:     0
On Cycle          42 (RV: 954b822a) -- valid_i: 1, ready_n: 1, data_i:     9
On Cycle          43 (RV: e471f8c8) -- valid_i: 1, ready_n: 0, data_i:     9
On output iteration           8 -- data_o (Testbench Thread           1) got         16 (DUT Thread: z)

On Cycle          44 (RV: aed72e5d) -- valid_i: 0, ready_n: 0, data_i:     0
On Cycle          45 (RV: 1d3f9d3a) -- valid_i: 1, ready_n: 1, data_i:    18
On output iteration           9 -- data_o (Testbench Thread           0) got         19 (DUT Thread: z)

On Cycle          46 (RV: 4226a984) -- valid_i: 1, ready_n: 0, data_i:    18
On Cycle          47 (RV: 95a9a82b) -- valid_i: 0, ready_n: 0, data_i:     0
On Cycle          48 (RV: 1c8d7f39) -- valid_i: 0, ready_n: 0, data_i:     0
On Cycle          49 (RV: 897f1c12) -- valid_i: 1, ready_n: 1, data_i:    23
On output iteration          10 -- data_o (Testbench Thread           1) got         31 (DUT Thread: z)

On Cycle          50 (RV: a97f0052) -- valid_i: 1, ready_n: 0, data_i:    23
On Cycle          51 (RV: 2c848959) -- valid_i: 0, ready_n: 0, data_i:     0
On Cycle          52 (RV: e82b96d0) -- valid_i: 1, ready_n: 1, data_i:     9
On Cycle          53 (RV: b759ea6e) -- valid_i: 1, ready_n: 0, data_i:     9
On output iteration          11 -- data_o (Testbench Thread           0) got         39 (DUT Thread: z)

On Cycle          54 (RV: 4bf52997) -- valid_i: 0, ready_n: 0, data_i:     0
On Cycle          55 (RV: 6d8b87db) -- valid_i: 0, ready_n: 0, data_i:     0
On Cycle          56 (RV: 535277a6) -- valid_i: 1, ready_n: 1, data_i:     0
On Cycle          57 (RV: 5d85d3bb) -- valid_i: 0, ready_n: 0, data_i:     0
On output iteration          12 -- data_o (Testbench Thread           1) got         35 (DUT Thread: z)

On Cycle          58 (RV: 80797c00) -- valid_i: 1, ready_n: 0, data_i:     0
On Cycle          59 (RV: 87e44c0f) -- valid_i: 0, ready_n: 0, data_i:     0
On Cycle          60 (RV: b4e8d669) -- valid_i: 0, ready_n: 0, data_i:     0
On Cycle          61 (RV: 8653620c) -- valid_i: 1, ready_n: 1, data_i:    25
On output iteration          13 -- data_o (Testbench Thread           0) got         32 (DUT Thread: z)

On Cycle          62 (RV: 2ca81959) -- valid_i: 0, ready_n: 0, data_i:     0
On Cycle          63 (RV: 62fd49c5) -- valid_i: 0, ready_n: 0, data_i:     0
On Cycle          64 (RV: 67d735cf) -- valid_i: 0, ready_n: 0, data_i:     0
On Cycle          65 (RV: 4839e590) -- valid_i: 1, ready_n: 0, data_i:    25
On Cycle          66 (RV: a8e4d851) -- valid_i: 0, ready_n: 0, data_i:     0
On Cycle          67 (RV: b4f9a469) -- valid_i: 0, ready_n: 0, data_i:     0
On Cycle          68 (RV: 3b83cd77) -- valid_i: 0, ready_n: 0, data_i:     0
On Cycle          69 (RV: 2523654a) -- valid_i: 1, ready_n: 1, data_i:     0
On output iteration          14 -- data_o (Testbench Thread           1) got         54 (DUT Thread: z)

On Cycle          70 (RV: ec3758d8) -- valid_i: 1, ready_n: 0, data_i:     0
On Cycle          71 (RV: 4ddd4d9b) -- valid_i: 0, ready_n: 0, data_i:     0
On Cycle          72 (RV: e20e9ac4) -- valid_i: 1, ready_n: 1, data_i:    24
On Cycle          73 (RV: 5c78b1b8) -- valid_i: 1, ready_n: 0, data_i:    24
On output iteration          15 -- data_o (Testbench Thread           0) got         27 (DUT Thread: z)

On Cycle          74 (RV: dbe6f2b7) -- valid_i: 0, ready_n: 0, data_i:     0
On Cycle          75 (RV: c378ee86) -- valid_i: 1, ready_n: 1, data_i:     5
On output iteration          16 -- data_o (Testbench Thread           1) got         69 (DUT Thread: z)

On Cycle          76 (RV: 984d5a30) -- valid_i: 1, ready_n: 0, data_i:     5
On Cycle          77 (RV: 3bed5377) -- valid_i: 0, ready_n: 0, data_i:     0
On Cycle          78 (RV: 5ad6c7b5) -- valid_i: 0, ready_n: 0, data_i:     0
On Cycle          79 (RV: 6a15f5d4) -- valid_i: 1, ready_n: 1, data_i:    11
On output iteration          17 -- data_o (Testbench Thread           0) got         27 (DUT Thread: z)

On Cycle          80 (RV: 03878707) -- valid_i: 0, ready_n: 0, data_i:     0
On Cycle          81 (RV: 3b0b9776) -- valid_i: 1, ready_n: 0, data_i:    11
On Cycle          82 (RV: 74a1ade9) -- valid_i: 0, ready_n: 0, data_i:     0
On Cycle          83 (RV: 45e28b8b) -- valid_i: 0, ready_n: 0, data_i:     0
On Cycle          84 (RV: 00f25f01) -- valid_i: 0, ready_n: 0, data_i:     0
On Cycle          85 (RV: 6d808bdb) -- valid_i: 0, ready_n: 0, data_i:     0
On Cycle          86 (RV: c0764280) -- valid_i: 1, ready_n: 1, data_i:    17
On Cycle          87 (RV: 611d9fc2) -- valid_i: 1, ready_n: 0, data_i:    17
On output iteration          18 -- data_o (Testbench Thread           1) got         69 (DUT Thread: z)

On Cycle          88 (RV: e2ecdac5) -- valid_i: 0, ready_n: 0, data_i:     0
On Cycle          89 (RV: 9827fa30) -- valid_i: 1, ready_n: 1, data_i:    11
On output iteration          19 -- data_o (Testbench Thread           0) got         39 (DUT Thread: z)

On Cycle          90 (RV: d7b2e4af) -- valid_i: 0, ready_n: 0, data_i:     0
On Cycle          91 (RV: b302da66) -- valid_i: 1, ready_n: 0, data_i:    11
On Cycle          92 (RV: 57fbb9af) -- valid_i: 0, ready_n: 0, data_i:     0
On Cycle          93 (RV: f4d86ee9) -- valid_i: 0, ready_n: 0, data_i:     0
On Cycle          94 (RV: 7c41aff8) -- valid_i: 1, ready_n: 1, data_i:     0
On Cycle          95 (RV: 8376ac06) -- valid_i: 1, ready_n: 0, data_i:     0
On output iteration          20 -- data_o (Testbench Thread           1) got         69 (DUT Thread: z)

On Cycle          96 (RV: f78576ef) -- valid_i: 0, ready_n: 0, data_i:     0
On Cycle          97 (RV: 70ef37e1) -- valid_i: 0, ready_n: 0, data_i:     0
On Cycle          98 (RV: cab47c95) -- valid_i: 0, ready_n: 0, data_i:     0
On Cycle          99 (RV: f7723eee) -- valid_i: 1, ready_n: 1, data_i:     9
On output iteration          21 -- data_o (Testbench Thread           0) got         32 (DUT Thread: z)

On Cycle         100 (RV: 304e4d60) -- valid_i: 1, ready_n: 0, data_i:     9
On Cycle         101 (RV: f29c5ee5) -- valid_i: 0, ready_n: 0, data_i:     0
On Cycle         102 (RV: 9420ea28) -- valid_i: 1, ready_n: 1, data_i:     9
On Cycle         103 (RV: 322f7d64) -- valid_i: 1, ready_n: 0, data_i:     9
On output iteration          22 -- data_o (Testbench Thread           1) got         67 (DUT Thread: z)

On Cycle         104 (RV: 14b43729) -- valid_i: 0, ready_n: 0, data_i:     0
On Cycle         105 (RV: f0eeaee1) -- valid_i: 0, ready_n: 0, data_i:     0
On Cycle         106 (RV: bbbc5277) -- valid_i: 0, ready_n: 0, data_i:     0
On Cycle         107 (RV: 3715156e) -- valid_i: 1, ready_n: 1, data_i:     1
On output iteration          23 -- data_o (Testbench Thread           0) got         36 (DUT Thread: z)

On Cycle         108 (RV: 40aaf581) -- valid_i: 0, ready_n: 0, data_i:     0
On Cycle         109 (RV: 6a9fb9d5) -- valid_i: 0, ready_n: 0, data_i:     0
On Cycle         110 (RV: 3437d568) -- valid_i: 1, ready_n: 0, data_i:     1
On Cycle         111 (RV: 786271f0) -- valid_i: 1, ready_n: 1, data_i:    28
On output iteration          24 -- data_o (Testbench Thread           1) got         57 (DUT Thread: z)

On Cycle         112 (RV: d57800aa) -- valid_i: 1, ready_n: 0, data_i:    28
On Cycle         113 (RV: 079fc30f) -- valid_i: 0, ready_n: 0, data_i:     0
On Cycle         114 (RV: f8dc48f1) -- valid_i: 0, ready_n: 0, data_i:     0
On Cycle         115 (RV: be9bbc7d) -- valid_i: 0, ready_n: 0, data_i:     0
On Cycle         116 (RV: 472e958e) -- valid_i: 1, ready_n: 1, data_i:    21
On Cycle         117 (RV: f161dce2) -- valid_i: 1, ready_n: 0, data_i:    21
On output iteration          25 -- data_o (Testbench Thread           0) got         58 (DUT Thread: z)

On Cycle         118 (RV: 1e664d3c) -- valid_i: 1, ready_n: 1, data_i:    18
On Cycle         119 (RV: d4b5e6a9) -- valid_i: 0, ready_n: 0, data_i:     0
On output iteration          26 -- data_o (Testbench Thread           1) got         69 (DUT Thread: z)

On Cycle         120 (RV: 77ebb1ef) -- valid_i: 0, ready_n: 0, data_i:     0
On Cycle         121 (RV: ade7d05b) -- valid_i: 0, ready_n: 0, data_i:     0
On Cycle         122 (RV: d7a23caf) -- valid_i: 0, ready_n: 0, data_i:     0
On Cycle         123 (RV: 25029b4a) -- valid_i: 1, ready_n: 0, data_i:    18
On Cycle         124 (RV: 5cd20db9) -- valid_i: 0, ready_n: 0, data_i:     0
On Cycle         125 (RV: 098e2d13) -- valid_i: 0, ready_n: 0, data_i:     0
On Cycle         126 (RV: 09c83513) -- valid_i: 0, ready_n: 0, data_i:     0
On Cycle         127 (RV: 32dc4165) -- valid_i: 0, ready_n: 0, data_i:     0
On Cycle         128 (RV: 28c62751) -- valid_i: 0, ready_n: 0, data_i:     0
On Cycle         129 (RV: db983ab7) -- valid_i: 0, ready_n: 0, data_i:     0
On Cycle         130 (RV: cc981099) -- valid_i: 0, ready_n: 0, data_i:     0
On Cycle         131 (RV: 9d12083a) -- valid_i: 1, ready_n: 1, data_i:    23
On output iteration          27 -- data_o (Testbench Thread           0) got         66 (DUT Thread: z)

On Cycle         132 (RV: b8ea3a71) -- valid_i: 0, ready_n: 0, data_i:     0
On Cycle         133 (RV: 317c0762) -- valid_i: 1, ready_n: 0, data_i:    23
On Cycle         134 (RV: f2356ae4) -- valid_i: 1, ready_n: 1, data_i:     3
On Cycle         135 (RV: 1513dd2a) -- valid_i: 1, ready_n: 0, data_i:     3
On output iteration          28 -- data_o (Testbench Thread           1) got         81 (DUT Thread: z)

On Cycle         136 (RV: beda447d) -- valid_i: 0, ready_n: 0, data_i:     0
On Cycle         137 (RV: 2cee5f59) -- valid_i: 0, ready_n: 0, data_i:     0
On Cycle         138 (RV: 72c3a3e5) -- valid_i: 0, ready_n: 0, data_i:     0
On Cycle         139 (RV: 76de6bed) -- valid_i: 0, ready_n: 0, data_i:     0
On Cycle         140 (RV: e4a800c9) -- valid_i: 0, ready_n: 0, data_i:     0
On Cycle         141 (RV: a0aecc41) -- valid_i: 0, ready_n: 0, data_i:     0
On Cycle         142 (RV: 57c1d1af) -- valid_i: 0, ready_n: 0, data_i:     0
On Cycle         143 (RV: eda71cdb) -- valid_i: 0, ready_n: 0, data_i:     0
On Cycle         144 (RV: e696e8cd) -- valid_i: 0, ready_n: 0, data_i:     0
On Cycle         145 (RV: 38139f70) -- valid_i: 1, ready_n: 1, data_i:     7
On output iteration          29 -- data_o (Testbench Thread           0) got         58 (DUT Thread: z)

On Cycle         146 (RV: 8326d406) -- valid_i: 1, ready_n: 0, data_i:     7
On Cycle         147 (RV: d14820a2) -- valid_i: 1, ready_n: 1, data_i:    17
On output iteration          30 -- data_o (Testbench Thread           1) got         75 (DUT Thread: z)

On Cycle         148 (RV: 5e983dbd) -- valid_i: 0, ready_n: 0, data_i:     0
On Cycle         149 (RV: b555de6a) -- valid_i: 1, ready_n: 0, data_i:    17
On Cycle         150 (RV: 6e3d47dc) -- valid_i: 1, ready_n: 1, data_i:     2
On Cycle         151 (RV: a86c5e50) -- valid_i: 1, ready_n: 0, data_i:     2
On output iteration          31 -- data_o (Testbench Thread           0) got         65 (DUT Thread: z)

On Cycle         152 (RV: bd86f47b) -- valid_i: 0, ready_n: 0, data_i:     0
On Cycle         153 (RV: 929d5825) -- valid_i: 0, ready_n: 0, data_i:     0
On Cycle         154 (RV: bc3f8478) -- valid_i: 1, ready_n: 1, data_i:     8
On Cycle         155 (RV: 7b7b89f6) -- valid_i: 1, ready_n: 0, data_i:     8
On output iteration          32 -- data_o (Testbench Thread           1) got         65 (DUT Thread: z)

On Cycle         156 (RV: ae23ce5c) -- valid_i: 1, ready_n: 1, data_i:     9
On Cycle         157 (RV: 11cc9b23) -- valid_i: 0, ready_n: 0, data_i:     0
On output iteration          33 -- data_o (Testbench Thread           0) got         62 (DUT Thread: z)

On Cycle         158 (RV: 3cb3ab79) -- valid_i: 0, ready_n: 0, data_i:     0
On Cycle         159 (RV: 644605c8) -- valid_i: 1, ready_n: 0, data_i:     9
On Cycle         160 (RV: ddd146bb) -- valid_i: 0, ready_n: 0, data_i:     0
On Cycle         161 (RV: 870cee0e) -- valid_i: 1, ready_n: 1, data_i:     6
On output iteration          34 -- data_o (Testbench Thread           1) got         63 (DUT Thread: z)

On Cycle         162 (RV: b9879473) -- valid_i: 0, ready_n: 0, data_i:     0
On Cycle         163 (RV: 0671030c) -- valid_i: 1, ready_n: 0, data_i:     6
On Cycle         164 (RV: e70f98ce) -- valid_i: 1, ready_n: 1, data_i:     5
On Cycle         165 (RV: 6a1a61d4) -- valid_i: 1, ready_n: 0, data_i:     5
On output iteration          35 -- data_o (Testbench Thread           0) got         58 (DUT Thread: z)

On Cycle         166 (RV: acecdc59) -- valid_i: 0, ready_n: 0, data_i:     0
On Cycle         167 (RV: 5ca26fb9) -- valid_i: 0, ready_n: 0, data_i:     0
On Cycle         168 (RV: d9b8c0b3) -- valid_i: 0, ready_n: 0, data_i:     0
On Cycle         169 (RV: 7a4fbff4) -- valid_i: 1, ready_n: 1, data_i:    12
On output iteration          36 -- data_o (Testbench Thread           1) got         58 (DUT Thread: z)

On Cycle         170 (RV: baf4e275) -- valid_i: 0, ready_n: 0, data_i:     0
On Cycle         171 (RV: 066cf10c) -- valid_i: 1, ready_n: 0, data_i:    12
On Cycle         172 (RV: 9cfc7a39) -- valid_i: 0, ready_n: 0, data_i:     0
On Cycle         173 (RV: 01729302) -- valid_i: 1, ready_n: 1, data_i:     9
On output iteration          37 -- data_o (Testbench Thread           0) got         60 (DUT Thread: z)

On Cycle         174 (RV: 8aecbe15) -- valid_i: 0, ready_n: 0, data_i:     0
On Cycle         175 (RV: 02fbf905) -- valid_i: 0, ready_n: 0, data_i:     0
On Cycle         176 (RV: 271c434e) -- valid_i: 1, ready_n: 0, data_i:     9
On Cycle         177 (RV: 013f2902) -- valid_i: 1, ready_n: 1, data_i:    26
On output iteration          38 -- data_o (Testbench Thread           1) got         57 (DUT Thread: z)

On Cycle         178 (RV: 5c7951b8) -- valid_i: 1, ready_n: 0, data_i:    26
On Cycle         179 (RV: 847fb208) -- valid_i: 1, ready_n: 1, data_i:    27
On output iteration          39 -- data_o (Testbench Thread           0) got         76 (DUT Thread: z)

On Cycle         180 (RV: 46e7538d) -- valid_i: 0, ready_n: 0, data_i:     0
On Cycle         181 (RV: d7b48eaf) -- valid_i: 0, ready_n: 0, data_i:     0
On Cycle         182 (RV: 747331e8) -- valid_i: 1, ready_n: 0, data_i:    27
On Cycle         183 (RV: 48590990) -- valid_i: 1, ready_n: 1, data_i:    19
On output iteration          40 -- data_o (Testbench Thread           1) got         75 (DUT Thread: z)

On Cycle         184 (RV: 7af6abf5) -- valid_i: 0, ready_n: 0, data_i:     0
On Cycle         185 (RV: a620904c) -- valid_i: 1, ready_n: 0, data_i:    19
On Cycle         186 (RV: 3d82bd7b) -- valid_i: 0, ready_n: 0, data_i:     0
On Cycle         187 (RV: a005a640) -- valid_i: 1, ready_n: 1, data_i:    21
On output iteration          41 -- data_o (Testbench Thread           0) got         83 (DUT Thread: z)

On Cycle         188 (RV: 12a90325) -- valid_i: 0, ready_n: 0, data_i:     0
On Cycle         189 (RV: 86ebb60d) -- valid_i: 0, ready_n: 0, data_i:     0
On Cycle         190 (RV: b87c1070) -- valid_i: 1, ready_n: 0, data_i:    21
On Cycle         191 (RV: 16cbf92d) -- valid_i: 0, ready_n: 0, data_i:     0
On Cycle         192 (RV: 94ded829) -- valid_i: 0, ready_n: 0, data_i:     0
On Cycle         193 (RV: 5e2551bc) -- valid_i: 1, ready_n: 1, data_i:    19
On output iteration          42 -- data_o (Testbench Thread           1) got         84 (DUT Thread: z)

On Cycle         194 (RV: 987b0830) -- valid_i: 1, ready_n: 0, data_i:    19
On Cycle         195 (RV: 60272dc0) -- valid_i: 1, ready_n: 1, data_i:     1
On output iteration          43 -- data_o (Testbench Thread           0) got         89 (DUT Thread: z)

On Cycle         196 (RV: 28766950) -- valid_i: 1, ready_n: 0, data_i:     1
On Cycle         197 (RV: d0cf6aa1) -- valid_i: 0, ready_n: 0, data_i:     0
On Cycle         198 (RV: 26bf3f4d) -- valid_i: 0, ready_n: 0, data_i:     0
On Cycle         199 (RV: faf32ef5) -- valid_i: 0, ready_n: 0, data_i:     0
On Cycle         200 (RV: 7a87aff5) -- valid_i: 0, ready_n: 0, data_i:     0
On Cycle         201 (RV: aeeacc5d) -- valid_i: 0, ready_n: 0, data_i:     0
On Cycle         202 (RV: ca481294) -- valid_i: 1, ready_n: 1, data_i:    11
On Cycle         203 (RV: b558a66a) -- valid_i: 1, ready_n: 0, data_i:    11
On output iteration          44 -- data_o (Testbench Thread           1) got         71 (DUT Thread: z)

On Cycle         204 (RV: 5e6065bc) -- valid_i: 1, ready_n: 1, data_i:    14
On Cycle         205 (RV: dc4308b8) -- valid_i: 1, ready_n: 0, data_i:    14
On output iteration          45 -- data_o (Testbench Thread           0) got         86 (DUT Thread: z)

On Cycle         206 (RV: cf309c9e) -- valid_i: 1, ready_n: 1, data_i:     6
On Cycle         207 (RV: fd7906fa) -- valid_i: 1, ready_n: 0, data_i:     6
On output iteration          46 -- data_o (Testbench Thread           1) got         73 (DUT Thread: z)

On Cycle         208 (RV: 23400b46) -- valid_i: 1, ready_n: 1, data_i:     8
On Cycle         209 (RV: 83fa6407) -- valid_i: 0, ready_n: 0, data_i:     0
On output iteration          47 -- data_o (Testbench Thread           0) got         78 (DUT Thread: z)

On Cycle         210 (RV: c9cbbc93) -- valid_i: 0, ready_n: 0, data_i:     0
On Cycle         211 (RV: aada7455) -- valid_i: 0, ready_n: 0, data_i:     0
On Cycle         212 (RV: 5bd3dbb7) -- valid_i: 0, ready_n: 0, data_i:     0
On Cycle         213 (RV: 22d5f145) -- valid_i: 0, ready_n: 0, data_i:     0
On Cycle         214 (RV: b1800a63) -- valid_i: 0, ready_n: 0, data_i:     0
On Cycle         215 (RV: ac93e059) -- valid_i: 0, ready_n: 0, data_i:     0
On Cycle         216 (RV: 9372ce26) -- valid_i: 1, ready_n: 0, data_i:     8
On Cycle         217 (RV: b4497668) -- valid_i: 1, ready_n: 1, data_i:     2
On output iteration          48 -- data_o (Testbench Thread           1) got         69 (DUT Thread: z)

On Cycle         218 (RV: 8f63e41e) -- valid_i: 1, ready_n: 0, data_i:     2
On Cycle         219 (RV: c838f490) -- valid_i: 1, ready_n: 1, data_i:     6
On output iteration          49 -- data_o (Testbench Thread           0) got         67 (DUT Thread: z)

On Cycle         220 (RV: 2d19a55a) -- valid_i: 1, ready_n: 0, data_i:     6
On Cycle         221 (RV: 0e43851c) -- valid_i: 1, ready_n: 1, data_i:    28
On output iteration          50 -- data_o (Testbench Thread           1) got         64 (DUT Thread: z)

On Cycle         222 (RV: 5c9967b9) -- valid_i: 0, ready_n: 0, data_i:     0
On Cycle         223 (RV: 55861fab) -- valid_i: 0, ready_n: 0, data_i:     0
On Cycle         224 (RV: 6826d9d0) -- valid_i: 1, ready_n: 0, data_i:    28
On Cycle         225 (RV: 37b9656f) -- valid_i: 0, ready_n: 0, data_i:     0
On Cycle         226 (RV: 6c6a6dd8) -- valid_i: 1, ready_n: 1, data_i:    13
On Cycle         227 (RV: a2cc8845) -- valid_i: 0, ready_n: 0, data_i:     0
On output iteration          51 -- data_o (Testbench Thread           0) got         84 (DUT Thread: z)

On Cycle         228 (RV: 46d6a78d) -- valid_i: 0, ready_n: 0, data_i:     0
On Cycle         229 (RV: 45f3238b) -- valid_i: 0, ready_n: 0, data_i:     0
On Cycle         230 (RV: 7e2491fc) -- valid_i: 1, ready_n: 0, data_i:    13
On Cycle         231 (RV: 6e1e1fdc) -- valid_i: 1, ready_n: 1, data_i:    24
On output iteration          52 -- data_o (Testbench Thread           1) got         67 (DUT Thread: z)

On Cycle         232 (RV: d27f0aa4) -- valid_i: 1, ready_n: 0, data_i:    24
On Cycle         233 (RV: 0c978d19) -- valid_i: 0, ready_n: 0, data_i:     0
On Cycle         234 (RV: 52b533a5) -- valid_i: 0, ready_n: 0, data_i:     0
On Cycle         235 (RV: 9f398e3e) -- valid_i: 1, ready_n: 1, data_i:     9
On output iteration          53 -- data_o (Testbench Thread           0) got         94 (DUT Thread: z)

On Cycle         236 (RV: f98bc0f3) -- valid_i: 0, ready_n: 0, data_i:     0
On Cycle         237 (RV: ac782c58) -- valid_i: 1, ready_n: 0, data_i:     9
On Cycle         238 (RV: 62056bc4) -- valid_i: 1, ready_n: 1, data_i:    27
On Cycle         239 (RV: 2e36435c) -- valid_i: 1, ready_n: 0, data_i:    27
On output iteration          54 -- data_o (Testbench Thread           1) got         65 (DUT Thread: z)

On Cycle         240 (RV: 033a4506) -- valid_i: 1, ready_n: 1, data_i:     4
On Cycle         241 (RV: cd1d509a) -- valid_i: 1, ready_n: 0, data_i:     4
On output iteration          55 -- data_o (Testbench Thread           0) got        106 (DUT Thread: z)

On Cycle         242 (RV: 0c161918) -- valid_i: 1, ready_n: 1, data_i:     4
On Cycle         243 (RV: e2f066c5) -- valid_i: 0, ready_n: 0, data_i:     0
On output iteration          56 -- data_o (Testbench Thread           1) got         58 (DUT Thread: z)

On Cycle         244 (RV: 5515d1aa) -- valid_i: 1, ready_n: 0, data_i:     4
On Cycle         245 (RV: 0d12031a) -- valid_i: 1, ready_n: 1, data_i:     7
On output iteration          57 -- data_o (Testbench Thread           0) got         93 (DUT Thread: z)

On Cycle         246 (RV: 61dbd5c3) -- valid_i: 0, ready_n: 0, data_i:     0
On Cycle         247 (RV: 5934e9b2) -- valid_i: 1, ready_n: 0, data_i:     7
On Cycle         248 (RV: 0633630c) -- valid_i: 1, ready_n: 1, data_i:    11
On Cycle         249 (RV: f4f00ee9) -- valid_i: 0, ready_n: 0, data_i:     0
On output iteration          58 -- data_o (Testbench Thread           1) got         55 (DUT Thread: z)

On Cycle         250 (RV: 61dafdc3) -- valid_i: 0, ready_n: 0, data_i:     0
On Cycle         251 (RV: 75ad73eb) -- valid_i: 0, ready_n: 0, data_i:     0
On Cycle         252 (RV: 7c2db9f8) -- valid_i: 1, ready_n: 0, data_i:    11
On Cycle         253 (RV: 792c03f2) -- valid_i: 1, ready_n: 1, data_i:    25
On output iteration          59 -- data_o (Testbench Thread           0) got         89 (DUT Thread: z)

On Cycle         254 (RV: 4483ad89) -- valid_i: 0, ready_n: 0, data_i:     0
On Cycle         255 (RV: 378c736f) -- valid_i: 0, ready_n: 0, data_i:     0
On Cycle         256 (RV: 0de14b1b) -- valid_i: 0, ready_n: 0, data_i:     0
On Cycle         257 (RV: d6a128ad) -- valid_i: 0, ready_n: 0, data_i:     0
On Cycle         258 (RV: 344dc168) -- valid_i: 1, ready_n: 0, data_i:    25
On Cycle         259 (RV: 92f91225) -- valid_i: 0, ready_n: 0, data_i:     0
On Cycle         260 (RV: 67e857cf) -- valid_i: 0, ready_n: 0, data_i:     0
On Cycle         261 (RV: 55dd8dab) -- valid_i: 0, ready_n: 0, data_i:     0
On Cycle         262 (RV: 8d94d21b) -- valid_i: 0, ready_n: 0, data_i:     0
On Cycle         263 (RV: c03b3e80) -- valid_i: 1, ready_n: 1, data_i:     8
On output iteration          60 -- data_o (Testbench Thread           1) got         71 (DUT Thread: z)

On Cycle         264 (RV: 2ed6d95d) -- valid_i: 0, ready_n: 0, data_i:     0
On Cycle         265 (RV: 412dfd82) -- valid_i: 1, ready_n: 0, data_i:     8
On Cycle         266 (RV: 82344204) -- valid_i: 1, ready_n: 1, data_i:    12
On Cycle         267 (RV: 2ba7a557) -- valid_i: 0, ready_n: 0, data_i:     0
On output iteration          61 -- data_o (Testbench Thread           0) got         83 (DUT Thread: z)

On Cycle         268 (RV: 1b368b36) -- valid_i: 1, ready_n: 0, data_i:    12
On Cycle         269 (RV: 196a0332) -- valid_i: 1, ready_n: 1, data_i:    19
On output iteration          62 -- data_o (Testbench Thread           1) got         71 (DUT Thread: z)

On Cycle         270 (RV: bce32879) -- valid_i: 0, ready_n: 0, data_i:     0
On Cycle         271 (RV: f24baee4) -- valid_i: 1, ready_n: 0, data_i:    19
On Cycle         272 (RV: 8b42ec16) -- valid_i: 1, ready_n: 1, data_i:     6
On Cycle         273 (RV: d57fecaa) -- valid_i: 1, ready_n: 0, data_i:     6
On output iteration          63 -- data_o (Testbench Thread           0) got         89 (DUT Thread: z)

On Cycle         274 (RV: 605065c0) -- valid_i: 1, ready_n: 1, data_i:    23
On Cycle         275 (RV: 9759882e) -- valid_i: 1, ready_n: 0, data_i:    23
On output iteration          64 -- data_o (Testbench Thread           1) got         65 (DUT Thread: z)

On Cycle         276 (RV: 4665378c) -- valid_i: 1, ready_n: 1, data_i:    11
On Cycle         277 (RV: b8c0c271) -- valid_i: 0, ready_n: 0, data_i:     0
On output iteration          65 -- data_o (Testbench Thread           0) got         98 (DUT Thread: z)

On Cycle         278 (RV: 7dfe8ffb) -- valid_i: 0, ready_n: 0, data_i:     0
On Cycle         279 (RV: 5e5421bc) -- valid_i: 1, ready_n: 0, data_i:    11
On Cycle         280 (RV: ee7068dc) -- valid_i: 1, ready_n: 1, data_i:    10
On Cycle         281 (RV: 0bec5717) -- valid_i: 0, ready_n: 0, data_i:     0
On output iteration          66 -- data_o (Testbench Thread           1) got         65 (DUT Thread: z)

On Cycle         282 (RV: e0e004c1) -- valid_i: 0, ready_n: 0, data_i:     0
On Cycle         283 (RV: 75fb21eb) -- valid_i: 0, ready_n: 0, data_i:     0
On Cycle         284 (RV: 5a9d3bb5) -- valid_i: 0, ready_n: 0, data_i:     0
On Cycle         285 (RV: c4fd2e89) -- valid_i: 0, ready_n: 0, data_i:     0
On Cycle         286 (RV: c7b2e28f) -- valid_i: 0, ready_n: 0, data_i:     0
On Cycle         287 (RV: dff6f6bf) -- valid_i: 0, ready_n: 0, data_i:     0
On Cycle         288 (RV: d8462ab0) -- valid_i: 1, ready_n: 0, data_i:    10
On Cycle         289 (RV: e9b49ad3) -- valid_i: 0, ready_n: 0, data_i:     0
On Cycle         290 (RV: eb1d02d6) -- valid_i: 1, ready_n: 1, data_i:    24
On Cycle         291 (RV: c144cc82) -- valid_i: 1, ready_n: 0, data_i:    24
On output iteration          67 -- data_o (Testbench Thread           0) got         92 (DUT Thread: z)

On Cycle         292 (RV: 0d63751a) -- valid_i: 1, ready_n: 1, data_i:    24
On Cycle         293 (RV: 38e6a771) -- valid_i: 0, ready_n: 0, data_i:     0
On output iteration          68 -- data_o (Testbench Thread           1) got         78 (DUT Thread: z)

On Cycle         294 (RV: eb8804d7) -- valid_i: 0, ready_n: 0, data_i:     0
On Cycle         295 (RV: 87628e0e) -- valid_i: 1, ready_n: 0, data_i:    24
On Cycle         296 (RV: f8c714f1) -- valid_i: 0, ready_n: 0, data_i:     0
On Cycle         297 (RV: 66861dcd) -- valid_i: 0, ready_n: 0, data_i:     0
On Cycle         298 (RV: 02bd4305) -- valid_i: 0, ready_n: 0, data_i:     0
On Cycle         299 (RV: 0e3aeb1c) -- valid_i: 1, ready_n: 1, data_i:    13
On output iteration          69 -- data_o (Testbench Thread           0) got        101 (DUT Thread: z)

On Cycle         300 (RV: 4c18c798) -- valid_i: 1, ready_n: 0, data_i:    13
On Cycle         301 (RV: f67088ec) -- valid_i: 1, ready_n: 1, data_i:    22
On output iteration          70 -- data_o (Testbench Thread           1) got         78 (DUT Thread: z)

On Cycle         302 (RV: 9541d62a) -- valid_i: 1, ready_n: 0, data_i:    22
On Cycle         303 (RV: b2d14a65) -- valid_i: 0, ready_n: 0, data_i:     0
On Cycle         304 (RV: 1b920537) -- valid_i: 0, ready_n: 0, data_i:     0
On Cycle         305 (RV: 81fa3603) -- valid_i: 0, ready_n: 0, data_i:     0
On Cycle         306 (RV: ff729efe) -- valid_i: 1, ready_n: 1, data_i:    19
On Cycle         307 (RV: feaddcfd) -- valid_i: 0, ready_n: 0, data_i:     0
On output iteration          71 -- data_o (Testbench Thread           0) got        107 (DUT Thread: z)

On Cycle         308 (RV: 9f7a0e3e) -- valid_i: 1, ready_n: 0, data_i:    19
On Cycle         309 (RV: f43a34e8) -- valid_i: 1, ready_n: 1, data_i:    10
On output iteration          72 -- data_o (Testbench Thread           1) got         84 (DUT Thread: z)

On Cycle         310 (RV: ba603874) -- valid_i: 1, ready_n: 0, data_i:    10
On Cycle         311 (RV: 580989b0) -- valid_i: 1, ready_n: 1, data_i:    15
On output iteration          73 -- data_o (Testbench Thread           0) got        100 (DUT Thread: z)

On Cycle         312 (RV: 8361dc06) -- valid_i: 1, ready_n: 0, data_i:    15
On Cycle         313 (RV: 09164d12) -- valid_i: 1, ready_n: 1, data_i:    17
On output iteration          74 -- data_o (Testbench Thread           1) got         85 (DUT Thread: z)

On Cycle         314 (RV: b46afc68) -- valid_i: 1, ready_n: 0, data_i:    17
On Cycle         315 (RV: e2ba00c5) -- valid_i: 0, ready_n: 0, data_i:     0
On Cycle         316 (RV: ff202efe) -- valid_i: 1, ready_n: 1, data_i:    27
On Cycle         317 (RV: 1b0f0d36) -- valid_i: 1, ready_n: 0, data_i:    27
On output iteration          75 -- data_o (Testbench Thread           0) got        101 (DUT Thread: z)

On Cycle         318 (RV: 799f09f3) -- valid_i: 0, ready_n: 0, data_i:     0
On Cycle         319 (RV: 7dddabfb) -- valid_i: 0, ready_n: 0, data_i:     0
On Cycle         320 (RV: b58d7c6b) -- valid_i: 0, ready_n: 0, data_i:     0
On Cycle         321 (RV: 0bcbbf17) -- valid_i: 0, ready_n: 0, data_i:     0
On Cycle         322 (RV: 87d0360f) -- valid_i: 0, ready_n: 0, data_i:     0
On Cycle         323 (RV: 8a47b614) -- valid_i: 1, ready_n: 1, data_i:    11
On output iteration          76 -- data_o (Testbench Thread           1) got         98 (DUT Thread: z)

On Cycle         324 (RV: 1500052a) -- valid_i: 1, ready_n: 0, data_i:    11
On Cycle         325 (RV: d3666ea6) -- valid_i: 1, ready_n: 1, data_i:    27
On output iteration          77 -- data_o (Testbench Thread           0) got         96 (DUT Thread: z)

On Cycle         326 (RV: ea7626d4) -- valid_i: 1, ready_n: 0, data_i:    27
On Cycle         327 (RV: e5ac10cb) -- valid_i: 0, ready_n: 0, data_i:     0
On Cycle         328 (RV: b587c26b) -- valid_i: 0, ready_n: 0, data_i:     0
On Cycle         329 (RV: 0277eb04) -- valid_i: 1, ready_n: 1, data_i:     7
On output iteration          78 -- data_o (Testbench Thread           1) got        109 (DUT Thread: z)

On Cycle         330 (RV: fa4832f4) -- valid_i: 1, ready_n: 0, data_i:     7
On Cycle         331 (RV: 468b618d) -- valid_i: 0, ready_n: 0, data_i:     0
On Cycle         332 (RV: f0ea70e1) -- valid_i: 0, ready_n: 0, data_i:     0
On Cycle         333 (RV: 42e3bd85) -- valid_i: 0, ready_n: 0, data_i:     0
On Cycle         334 (RV: dc9974b9) -- valid_i: 0, ready_n: 0, data_i:     0
On Cycle         335 (RV: e4df16c9) -- valid_i: 0, ready_n: 0, data_i:     0
On Cycle         336 (RV: b05f8e60) -- valid_i: 1, ready_n: 1, data_i:    12
On Cycle         337 (RV: a3643246) -- valid_i: 1, ready_n: 0, data_i:    12
On output iteration          79 -- data_o (Testbench Thread           0) got         88 (DUT Thread: z)

On Cycle         338 (RV: 1e74cb3c) -- valid_i: 1, ready_n: 1, data_i:    15
On Cycle         339 (RV: 1b855f37) -- valid_i: 0, ready_n: 0, data_i:     0
On output iteration          80 -- data_o (Testbench Thread           1) got        103 (DUT Thread: z)

On Cycle         340 (RV: 2c0c5558) -- valid_i: 1, ready_n: 0, data_i:    15
On Cycle         341 (RV: 39d65773) -- valid_i: 0, ready_n: 0, data_i:     0
On Cycle         342 (RV: 8778d20e) -- valid_i: 1, ready_n: 1, data_i:     4
On Cycle         343 (RV: 6e6d23dc) -- valid_i: 1, ready_n: 0, data_i:     4
On output iteration          81 -- data_o (Testbench Thread           0) got         89 (DUT Thread: z)

On Cycle         344 (RV: 183fc330) -- valid_i: 1, ready_n: 1, data_i:     7
On Cycle         345 (RV: 6845f5d0) -- valid_i: 1, ready_n: 0, data_i:     7
On output iteration          82 -- data_o (Testbench Thread           1) got         90 (DUT Thread: z)

On Cycle         346 (RV: 0073e500) -- valid_i: 1, ready_n: 1, data_i:     3
On Cycle         347 (RV: 21820f43) -- valid_i: 0, ready_n: 0, data_i:     0
On output iteration          83 -- data_o (Testbench Thread           0) got         82 (DUT Thread: z)

On Cycle         348 (RV: 7c6e91f8) -- valid_i: 1, ready_n: 0, data_i:     3
On Cycle         349 (RV: d0b99aa1) -- valid_i: 0, ready_n: 0, data_i:     0
On Cycle         350 (RV: 29c01f53) -- valid_i: 0, ready_n: 0, data_i:     0
On Cycle         351 (RV: 4c588f98) -- valid_i: 1, ready_n: 1, data_i:    18
On output iteration          84 -- data_o (Testbench Thread           1) got         78 (DUT Thread: z)

On Cycle         352 (RV: 2fef3d5f) -- valid_i: 0, ready_n: 0, data_i:     0
On Cycle         353 (RV: c3be9287) -- valid_i: 0, ready_n: 0, data_i:     0
On Cycle         354 (RV: fd5f5afa) -- valid_i: 1, ready_n: 0, data_i:    18
On Cycle         355 (RV: 1699d12d) -- valid_i: 0, ready_n: 0, data_i:     0
On Cycle         356 (RV: b8760270) -- valid_i: 1, ready_n: 1, data_i:    26
On Cycle         357 (RV: b5b4e86b) -- valid_i: 0, ready_n: 0, data_i:     0
On output iteration          85 -- data_o (Testbench Thread           0) got         87 (DUT Thread: z)

On Cycle         358 (RV: 98d73831) -- valid_i: 0, ready_n: 0, data_i:     0
On Cycle         359 (RV: 892fc012) -- valid_i: 1, ready_n: 0, data_i:    26
On Cycle         360 (RV: 0650df0c) -- valid_i: 1, ready_n: 1, data_i:     1
On Cycle         361 (RV: 06db6b0d) -- valid_i: 0, ready_n: 0, data_i:     0
On output iteration          86 -- data_o (Testbench Thread           1) got         91 (DUT Thread: z)

On Cycle         362 (RV: 0acd1315) -- valid_i: 0, ready_n: 0, data_i:     0
On Cycle         363 (RV: 20310740) -- valid_i: 1, ready_n: 0, data_i:     1
On Cycle         364 (RV: 4a638d94) -- valid_i: 1, ready_n: 1, data_i:     5
On Cycle         365 (RV: 2a1ba354) -- valid_i: 1, ready_n: 0, data_i:     5
On output iteration          87 -- data_o (Testbench Thread           0) got         74 (DUT Thread: z)

On Cycle         366 (RV: c0620280) -- valid_i: 1, ready_n: 1, data_i:     4
On Cycle         367 (RV: 098d1513) -- valid_i: 0, ready_n: 0, data_i:     0
On output iteration          88 -- data_o (Testbench Thread           1) got         81 (DUT Thread: z)

On Cycle         368 (RV: e1e386c3) -- valid_i: 0, ready_n: 0, data_i:     0
On Cycle         369 (RV: f695deed) -- valid_i: 0, ready_n: 0, data_i:     0
On Cycle         370 (RV: ee4ee6dc) -- valid_i: 1, ready_n: 0, data_i:     4
On Cycle         371 (RV: bc781078) -- valid_i: 1, ready_n: 1, data_i:     6
On output iteration          89 -- data_o (Testbench Thread           0) got         66 (DUT Thread: z)

On Cycle         372 (RV: 13d40d27) -- valid_i: 0, ready_n: 0, data_i:     0
On Cycle         373 (RV: afed265f) -- valid_i: 0, ready_n: 0, data_i:     0
On Cycle         374 (RV: 11c05b23) -- valid_i: 0, ready_n: 0, data_i:     0
On Cycle         375 (RV: 5596ebab) -- valid_i: 0, ready_n: 0, data_i:     0
On Cycle         376 (RV: 1c421738) -- valid_i: 1, ready_n: 0, data_i:     6
On Cycle         377 (RV: 11534d22) -- valid_i: 1, ready_n: 1, data_i:    15
On output iteration          90 -- data_o (Testbench Thread           1) got         74 (DUT Thread: z)

On Cycle         378 (RV: 64f2bdc9) -- valid_i: 0, ready_n: 0, data_i:     0
On Cycle         379 (RV: e3eb4cc7) -- valid_i: 0, ready_n: 0, data_i:     0
On Cycle         380 (RV: c1406282) -- valid_i: 1, ready_n: 0, data_i:    15
On Cycle         381 (RV: 6754d7ce) -- valid_i: 1, ready_n: 1, data_i:    16
On output iteration          91 -- data_o (Testbench Thread           0) got         70 (DUT Thread: z)

On Cycle         382 (RV: e38e22c7) -- valid_i: 0, ready_n: 0, data_i:     0
On Cycle         383 (RV: 927fa424) -- valid_i: 1, ready_n: 0, data_i:    16
On Cycle         384 (RV: 6da36fdb) -- valid_i: 0, ready_n: 0, data_i:     0
On Cycle         385 (RV: 84651408) -- valid_i: 1, ready_n: 1, data_i:    26
On output iteration          92 -- data_o (Testbench Thread           1) got         78 (DUT Thread: z)

On Cycle         386 (RV: 3ac26f75) -- valid_i: 0, ready_n: 0, data_i:     0
On Cycle         387 (RV: 5ad31db5) -- valid_i: 0, ready_n: 0, data_i:     0
On Cycle         388 (RV: 8d7d721a) -- valid_i: 1, ready_n: 0, data_i:    26
On Cycle         389 (RV: 1c2a1338) -- valid_i: 1, ready_n: 1, data_i:     6
On output iteration          93 -- data_o (Testbench Thread           0) got         85 (DUT Thread: z)

On Cycle         390 (RV: c1233a82) -- valid_i: 1, ready_n: 0, data_i:     6
On Cycle         391 (RV: ac05a058) -- valid_i: 1, ready_n: 1, data_i:    23
On output iteration          94 -- data_o (Testbench Thread           1) got         71 (DUT Thread: z)

On Cycle         392 (RV: a85a6a50) -- valid_i: 1, ready_n: 0, data_i:    23
On Cycle         393 (RV: d1889aa3) -- valid_i: 0, ready_n: 0, data_i:     0
On Cycle         394 (RV: 5243e3a4) -- valid_i: 1, ready_n: 1, data_i:     7
On Cycle         395 (RV: 32c3df65) -- valid_i: 0, ready_n: 0, data_i:     0
On output iteration          95 -- data_o (Testbench Thread           0) got         94 (DUT Thread: z)

On Cycle         396 (RV: 753c17ea) -- valid_i: 1, ready_n: 0, data_i:     7
On Cycle         397 (RV: 03703906) -- valid_i: 1, ready_n: 1, data_i:    19
On output iteration          96 -- data_o (Testbench Thread           1) got         66 (DUT Thread: z)

On Cycle         398 (RV: aa138054) -- valid_i: 1, ready_n: 0, data_i:    19
On Cycle         399 (RV: adf3405b) -- valid_i: 0, ready_n: 0, data_i:     0
On Cycle         400 (RV: e455f0c8) -- valid_i: 1, ready_n: 1, data_i:     8
On Cycle         401 (RV: 24673948) -- valid_i: 1, ready_n: 0, data_i:     8
On output iteration          97 -- data_o (Testbench Thread           0) got         98 (DUT Thread: z)

On Cycle         402 (RV: 9bf8f237) -- valid_i: 0, ready_n: 0, data_i:     0
On Cycle         403 (RV: 7c1df3f8) -- valid_i: 1, ready_n: 1, data_i:     0
On output iteration          98 -- data_o (Testbench Thread           1) got         63 (DUT Thread: z)

On Cycle         404 (RV: da8932b5) -- valid_i: 0, ready_n: 0, data_i:     0
On Cycle         405 (RV: 28d6a951) -- valid_i: 0, ready_n: 0, data_i:     0
On Cycle         406 (RV: 41aed583) -- valid_i: 0, ready_n: 0, data_i:     0
On Cycle         407 (RV: 4d9ee39b) -- valid_i: 0, ready_n: 0, data_i:     0
On Cycle         408 (RV: 1aa0dd35) -- valid_i: 0, ready_n: 0, data_i:     0
On Cycle         409 (RV: 581653b0) -- valid_i: 1, ready_n: 0, data_i:     0
On Cycle         410 (RV: fddf82fb) -- valid_i: 0, ready_n: 0, data_i:     0
On Cycle         411 (RV: 278dbb4f) -- valid_i: 0, ready_n: 0, data_i:     0
On Cycle         412 (RV: 984da630) -- valid_i: 1, ready_n: 1, data_i:    27
On Cycle         413 (RV: 8c38c418) -- valid_i: 1, ready_n: 0, data_i:    27
On output iteration          99 -- data_o (Testbench Thread           0) got         82 (DUT Thread: z)

On Cycle         414 (RV: ee8118dd) -- valid_i: 0, ready_n: 0, data_i:     0
On Cycle         415 (RV: a36ae846) -- valid_i: 1, ready_n: 1, data_i:    16
On output iteration         100 -- data_o (Testbench Thread           1) got         80 (DUT Thread: z)

On Cycle         416 (RV: 30e20f61) -- valid_i: 0, ready_n: 0, data_i:     0
On Cycle         417 (RV: ac974859) -- valid_i: 0, ready_n: 0, data_i:     0
On Cycle         418 (RV: 2af17355) -- valid_i: 0, ready_n: 0, data_i:     0
On Cycle         419 (RV: 178b972f) -- valid_i: 0, ready_n: 0, data_i:     0
On Cycle         420 (RV: 85ce500b) -- valid_i: 0, ready_n: 0, data_i:     0
On Cycle         421 (RV: ef1deade) -- valid_i: 1, ready_n: 0, data_i:    16
On Cycle         422 (RV: e9d22cd3) -- valid_i: 0, ready_n: 0, data_i:     0
On Cycle         423 (RV: 1445b128) -- valid_i: 1, ready_n: 1, data_i:    12
On output iteration         101 -- data_o (Testbench Thread           0) got         85 (DUT Thread: z)

On Cycle         424 (RV: 74dc69e9) -- valid_i: 0, ready_n: 0, data_i:     0
On Cycle         425 (RV: 2c577958) -- valid_i: 1, ready_n: 0, data_i:    12
On Cycle         426 (RV: 6aa4a1d5) -- valid_i: 0, ready_n: 0, data_i:     0
On Cycle         427 (RV: 61dbe5c3) -- valid_i: 0, ready_n: 0, data_i:     0
On Cycle         428 (RV: 6a2c13d4) -- valid_i: 1, ready_n: 1, data_i:     5
On Cycle         429 (RV: 52397da4) -- valid_i: 1, ready_n: 0, data_i:     5
On output iteration         102 -- data_o (Testbench Thread           1) got         79 (DUT Thread: z)

On Cycle         430 (RV: 3f25ef7e) -- valid_i: 1, ready_n: 1, data_i:     5
On Cycle         431 (RV: 6b299dd6) -- valid_i: 1, ready_n: 0, data_i:     5
On output iteration         103 -- data_o (Testbench Thread           0) got         76 (DUT Thread: z)

On Cycle         432 (RV: 87eec80f) -- valid_i: 0, ready_n: 0, data_i:     0
On Cycle         433 (RV: c1b04483) -- valid_i: 0, ready_n: 0, data_i:     0
On Cycle         434 (RV: 506aefa0) -- valid_i: 1, ready_n: 1, data_i:    15
On Cycle         435 (RV: c10f0482) -- valid_i: 1, ready_n: 0, data_i:    15
On output iteration         104 -- data_o (Testbench Thread           1) got         71 (DUT Thread: z)

On Cycle         436 (RV: 5fe3cbbf) -- valid_i: 0, ready_n: 0, data_i:     0
On Cycle         437 (RV: 22eadb45) -- valid_i: 0, ready_n: 0, data_i:     0
On Cycle         438 (RV: bbbc3e77) -- valid_i: 0, ready_n: 0, data_i:     0
On Cycle         439 (RV: 229d0b45) -- valid_i: 0, ready_n: 0, data_i:     0
On Cycle         440 (RV: ba941075) -- valid_i: 0, ready_n: 0, data_i:     0
On Cycle         441 (RV: fc670af8) -- valid_i: 1, ready_n: 1, data_i:    23
On output iteration         105 -- data_o (Testbench Thread           0) got         79 (DUT Thread: z)

On Cycle         442 (RV: 63323bc6) -- valid_i: 1, ready_n: 0, data_i:    23
On Cycle         443 (RV: 3601596c) -- valid_i: 1, ready_n: 1, data_i:    12
On output iteration         106 -- data_o (Testbench Thread           1) got         82 (DUT Thread: z)

On Cycle         444 (RV: a84e5850) -- valid_i: 1, ready_n: 0, data_i:    12
On Cycle         445 (RV: 18bd6331) -- valid_i: 0, ready_n: 0, data_i:     0
On Cycle         446 (RV: ce10fe9c) -- valid_i: 1, ready_n: 1, data_i:     2
On Cycle         447 (RV: de325cbc) -- valid_i: 1, ready_n: 0, data_i:     2
On output iteration         107 -- data_o (Testbench Thread           0) got         78 (DUT Thread: z)

On Cycle         448 (RV: d7e31eaf) -- valid_i: 0, ready_n: 0, data_i:     0
On Cycle         449 (RV: 872d2c0e) -- valid_i: 1, ready_n: 1, data_i:    28
On output iteration         108 -- data_o (Testbench Thread           1) got         71 (DUT Thread: z)

On Cycle         450 (RV: b4e46669) -- valid_i: 0, ready_n: 0, data_i:     0
On Cycle         451 (RV: d95b40b2) -- valid_i: 1, ready_n: 0, data_i:    28
On Cycle         452 (RV: ef209ede) -- valid_i: 1, ready_n: 1, data_i:    22
On Cycle         453 (RV: c2e87485) -- valid_i: 0, ready_n: 0, data_i:     0
On output iteration         109 -- data_o (Testbench Thread           0) got         93 (DUT Thread: z)

On Cycle         454 (RV: 555c0faa) -- valid_i: 1, ready_n: 0, data_i:    22
On Cycle         455 (RV: 1407f128) -- valid_i: 1, ready_n: 1, data_i:     7
On output iteration         110 -- data_o (Testbench Thread           1) got         81 (DUT Thread: z)

On Cycle         456 (RV: 610ed5c2) -- valid_i: 1, ready_n: 0, data_i:     7
On Cycle         457 (RV: 4d20099a) -- valid_i: 1, ready_n: 1, data_i:     3
On output iteration         111 -- data_o (Testbench Thread           0) got         85 (DUT Thread: z)

On Cycle         458 (RV: 69e751d3) -- valid_i: 0, ready_n: 0, data_i:     0
On Cycle         459 (RV: dd111aba) -- valid_i: 1, ready_n: 0, data_i:     3
On Cycle         460 (RV: fdeb7cfb) -- valid_i: 0, ready_n: 0, data_i:     0
On Cycle         461 (RV: c5cf728b) -- valid_i: 0, ready_n: 0, data_i:     0
On Cycle         462 (RV: 61114dc2) -- valid_i: 1, ready_n: 1, data_i:     3
On Cycle         463 (RV: e64828cc) -- valid_i: 1, ready_n: 0, data_i:     3
On output iteration         112 -- data_o (Testbench Thread           1) got         71 (DUT Thread: z)

On Cycle         464 (RV: 38e61371) -- valid_i: 0, ready_n: 0, data_i:     0
On Cycle         465 (RV: 4f49019e) -- valid_i: 1, ready_n: 1, data_i:    12
On output iteration         113 -- data_o (Testbench Thread           0) got         74 (DUT Thread: z)

On Cycle         466 (RV: 309cdb61) -- valid_i: 0, ready_n: 0, data_i:     0
On Cycle         467 (RV: bde3487b) -- valid_i: 0, ready_n: 0, data_i:     0
On Cycle         468 (RV: df9bd0bf) -- valid_i: 0, ready_n: 0, data_i:     0
On Cycle         469 (RV: c881bc91) -- valid_i: 0, ready_n: 0, data_i:     0
On Cycle         470 (RV: e06098c0) -- valid_i: 1, ready_n: 0, data_i:    12
On Cycle         471 (RV: 2ca96359) -- valid_i: 0, ready_n: 0, data_i:     0
On Cycle         472 (RV: bf53b47e) -- valid_i: 1, ready_n: 1, data_i:    23
On Cycle         473 (RV: 2a1d7354) -- valid_i: 1, ready_n: 0, data_i:    23
On output iteration         114 -- data_o (Testbench Thread           1) got         71 (DUT Thread: z)

On Cycle         474 (RV: a8e2e251) -- valid_i: 0, ready_n: 0, data_i:     0
On Cycle         475 (RV: a4de2849) -- valid_i: 0, ready_n: 0, data_i:     0
On Cycle         476 (RV: 73fa7de7) -- valid_i: 0, ready_n: 0, data_i:     0
On Cycle         477 (RV: 123aaf24) -- valid_i: 1, ready_n: 1, data_i:     2
On output iteration         115 -- data_o (Testbench Thread           0) got         85 (DUT Thread: z)

On Cycle         478 (RV: 41b5d583) -- valid_i: 0, ready_n: 0, data_i:     0
On Cycle         479 (RV: adee005b) -- valid_i: 0, ready_n: 0, data_i:     0
On Cycle         480 (RV: 5cdea1b9) -- valid_i: 0, ready_n: 0, data_i:     0
On Cycle         481 (RV: 4afebf95) -- valid_i: 0, ready_n: 0, data_i:     0
On Cycle         482 (RV: bb934a77) -- valid_i: 0, ready_n: 0, data_i:     0
On Cycle         483 (RV: f8da1af1) -- valid_i: 0, ready_n: 0, data_i:     0
On Cycle         484 (RV: 732c5fe6) -- valid_i: 1, ready_n: 0, data_i:     2
On Cycle         485 (RV: d7e1aeaf) -- valid_i: 0, ready_n: 0, data_i:     0
On Cycle         486 (RV: 0238e104) -- valid_i: 1, ready_n: 1, data_i:     9
On Cycle         487 (RV: 89646012) -- valid_i: 1, ready_n: 0, data_i:     9
On output iteration         116 -- data_o (Testbench Thread           1) got         61 (DUT Thread: z)

On Cycle         488 (RV: 7e29b3fc) -- valid_i: 1, ready_n: 1, data_i:     4
On Cycle         489 (RV: d5ba48ab) -- valid_i: 0, ready_n: 0, data_i:     0
On output iteration         117 -- data_o (Testbench Thread           0) got         80 (DUT Thread: z)

On Cycle         490 (RV: e203f0c4) -- valid_i: 1, ready_n: 0, data_i:     4
On Cycle         491 (RV: 1ffb813f) -- valid_i: 0, ready_n: 0, data_i:     0
On Cycle         492 (RV: e13256c2) -- valid_i: 1, ready_n: 1, data_i:    15
On Cycle         493 (RV: 398a1973) -- valid_i: 0, ready_n: 0, data_i:     0
On output iteration         118 -- data_o (Testbench Thread           1) got         55 (DUT Thread: z)

On Cycle         494 (RV: 2d4d9b5a) -- valid_i: 1, ready_n: 0, data_i:    15
On Cycle         495 (RV: d066e4a0) -- valid_i: 1, ready_n: 1, data_i:    18
On output iteration         119 -- data_o (Testbench Thread           0) got         82 (DUT Thread: z)

On Cycle         496 (RV: ff73cafe) -- valid_i: 1, ready_n: 0, data_i:    18
On Cycle         497 (RV: 3a096b74) -- valid_i: 1, ready_n: 1, data_i:     0
On output iteration         120 -- data_o (Testbench Thread           1) got         64 (DUT Thread: z)

On Cycle         498 (RV: 5d86b7bb) -- valid_i: 0, ready_n: 0, data_i:     0
On Cycle         499 (RV: 7132bbe2) -- valid_i: 1, ready_n: 0, data_i:     0
On Cycle         500 (RV: f16948e2) -- valid_i: 1, ready_n: 1, data_i:    25
On Cycle         501 (RV: eff34cdf) -- valid_i: 0, ready_n: 0, data_i:     0
On output iteration         121 -- data_o (Testbench Thread           0) got         69 (DUT Thread: z)

On Cycle         502 (RV: cc13e298) -- valid_i: 1, ready_n: 0, data_i:    25
On Cycle         503 (RV: 4fdbed9f) -- valid_i: 0, ready_n: 0, data_i:     0
On Cycle         504 (RV: 0817cb10) -- valid_i: 1, ready_n: 1, data_i:    25
On Cycle         505 (RV: 791189f2) -- valid_i: 1, ready_n: 0, data_i:    25
On output iteration         122 -- data_o (Testbench Thread           1) got         79 (DUT Thread: z)

On Cycle         506 (RV: 5ee97bbd) -- valid_i: 0, ready_n: 0, data_i:     0
On Cycle         507 (RV: 55bc27ab) -- valid_i: 0, ready_n: 0, data_i:     0
On Cycle         508 (RV: 5a0a0fb4) -- valid_i: 1, ready_n: 1, data_i:     6
On Cycle         509 (RV: aa08ac54) -- valid_i: 1, ready_n: 0, data_i:     6
On output iteration         123 -- data_o (Testbench Thread           0) got         83 (DUT Thread: z)

On Cycle         510 (RV: 44e79b89) -- valid_i: 0, ready_n: 0, data_i:     0
On Cycle         511 (RV: 89b5d413) -- valid_i: 0, ready_n: 0, data_i:     0
On Cycle         512 (RV: 560c91ac) -- valid_i: 1, ready_n: 1, data_i:    26
On Cycle         513 (RV: 1ae40335) -- valid_i: 0, ready_n: 0, data_i:     0
On output iteration         124 -- data_o (Testbench Thread           1) got         72 (DUT Thread: z)

On Cycle         514 (RV: 1df61f3b) -- valid_i: 0, ready_n: 0, data_i:     0
On Cycle         515 (RV: 9aa02435) -- valid_i: 0, ready_n: 0, data_i:     0
On Cycle         516 (RV: 17a98d2f) -- valid_i: 0, ready_n: 0, data_i:     0
On Cycle         517 (RV: 1a619934) -- valid_i: 1, ready_n: 0, data_i:    26
On Cycle         518 (RV: aae0a255) -- valid_i: 0, ready_n: 0, data_i:     0
On Cycle         519 (RV: de7302bc) -- valid_i: 1, ready_n: 1, data_i:    15
On output iteration         125 -- data_o (Testbench Thread           0) got         96 (DUT Thread: z)

On Cycle         520 (RV: f964fef2) -- valid_i: 1, ready_n: 0, data_i:    15
On Cycle         521 (RV: d3fe36a7) -- valid_i: 0, ready_n: 0, data_i:     0
On Cycle         522 (RV: e0f280c1) -- valid_i: 0, ready_n: 0, data_i:     0
On Cycle         523 (RV: f23316e4) -- valid_i: 1, ready_n: 1, data_i:     9
On output iteration         126 -- data_o (Testbench Thread           1) got         75 (DUT Thread: z)

On Cycle         524 (RV: a0b8a241) -- valid_i: 0, ready_n: 0, data_i:     0
On Cycle         525 (RV: b4c16c69) -- valid_i: 0, ready_n: 0, data_i:     0
On Cycle         526 (RV: fd52d8fa) -- valid_i: 1, ready_n: 0, data_i:     9
On Cycle         527 (RV: e69dd0cd) -- valid_i: 0, ready_n: 0, data_i:     0
On Cycle         528 (RV: 7fcff3ff) -- valid_i: 0, ready_n: 0, data_i:     0
On Cycle         529 (RV: dac986b5) -- valid_i: 0, ready_n: 0, data_i:     0
On Cycle         530 (RV: f42082e8) -- valid_i: 1, ready_n: 1, data_i:    22
On Cycle         531 (RV: a5955c4b) -- valid_i: 0, ready_n: 0, data_i:     0
On output iteration         127 -- data_o (Testbench Thread           0) got         90 (DUT Thread: z)

On Cycle         532 (RV: 89042e12) -- valid_i: 1, ready_n: 0, data_i:    22
On Cycle         533 (RV: 1b978f37) -- valid_i: 0, ready_n: 0, data_i:     0
On Cycle         534 (RV: 574e1dae) -- valid_i: 1, ready_n: 1, data_i:    25
On Cycle         535 (RV: fc4ca4f8) -- valid_i: 1, ready_n: 0, data_i:    25
On output iteration         128 -- data_o (Testbench Thread           1) got         85 (DUT Thread: z)

On Cycle         536 (RV: 90184e20) -- valid_i: 1, ready_n: 1, data_i:    11
On Cycle         537 (RV: ed1b50da) -- valid_i: 1, ready_n: 0, data_i:    11
On output iteration         129 -- data_o (Testbench Thread           0) got        100 (DUT Thread: z)

On Cycle         538 (RV: 913e0222) -- valid_i: 1, ready_n: 1, data_i:    18
On Cycle         539 (RV: 763355ec) -- valid_i: 1, ready_n: 0, data_i:    18
On output iteration         130 -- data_o (Testbench Thread           1) got         82 (DUT Thread: z)

On Cycle         540 (RV: 9535122a) -- valid_i: 1, ready_n: 1, data_i:    19
On Cycle         541 (RV: 3d7f5b7a) -- valid_i: 1, ready_n: 0, data_i:    19
On output iteration         131 -- data_o (Testbench Thread           0) got        102 (DUT Thread: z)

On Cycle         542 (RV: 0f1e511e) -- valid_i: 1, ready_n: 1, data_i:    18
On Cycle         543 (RV: f4a1dae9) -- valid_i: 0, ready_n: 0, data_i:     0
On output iteration         132 -- data_o (Testbench Thread           1) got         88 (DUT Thread: z)

On Cycle         544 (RV: f5a4f2eb) -- valid_i: 0, ready_n: 0, data_i:     0
On Cycle         545 (RV: 05b4f70b) -- valid_i: 0, ready_n: 0, data_i:     0
On Cycle         546 (RV: b704e26e) -- valid_i: 1, ready_n: 0, data_i:    18
On Cycle         547 (RV: af455e5e) -- valid_i: 1, ready_n: 1, data_i:    28
On output iteration         133 -- data_o (Testbench Thread           0) got        104 (DUT Thread: z)

On Cycle         548 (RV: 3e502d7c) -- valid_i: 1, ready_n: 0, data_i:    28
On Cycle         549 (RV: 22c03145) -- valid_i: 0, ready_n: 0, data_i:     0
On Cycle         550 (RV: c5cb548b) -- valid_i: 0, ready_n: 0, data_i:     0
On Cycle         551 (RV: 094bd312) -- valid_i: 1, ready_n: 1, data_i:    22
On output iteration         134 -- data_o (Testbench Thread           1) got        102 (DUT Thread: z)

On Cycle         552 (RV: 1bf8bd37) -- valid_i: 0, ready_n: 0, data_i:     0
On Cycle         553 (RV: c1c3d683) -- valid_i: 0, ready_n: 0, data_i:     0
On Cycle         554 (RV: f0ab00e1) -- valid_i: 0, ready_n: 0, data_i:     0
On Cycle         555 (RV: 674fdfce) -- valid_i: 1, ready_n: 0, data_i:    22
On Cycle         556 (RV: a5365c4a) -- valid_i: 1, ready_n: 1, data_i:     0
On Cycle         557 (RV: 6acd73d5) -- valid_i: 0, ready_n: 0, data_i:     0
On output iteration         135 -- data_o (Testbench Thread           0) got        109 (DUT Thread: z)

On Cycle         558 (RV: 669907cd) -- valid_i: 0, ready_n: 0, data_i:     0
On Cycle         559 (RV: f204eee4) -- valid_i: 1, ready_n: 0, data_i:     0
On Cycle         560 (RV: fa328cf4) -- valid_i: 1, ready_n: 1, data_i:     2
On Cycle         561 (RV: 766153ec) -- valid_i: 1, ready_n: 0, data_i:     2
On output iteration         136 -- data_o (Testbench Thread           1) got         86 (DUT Thread: z)

On Cycle         562 (RV: 0d623f1a) -- valid_i: 1, ready_n: 1, data_i:    13
On Cycle         563 (RV: f1a32ee3) -- valid_i: 0, ready_n: 0, data_i:     0
On output iteration         137 -- data_o (Testbench Thread           0) got         93 (DUT Thread: z)

On Cycle         564 (RV: f62484ec) -- valid_i: 1, ready_n: 0, data_i:    13
On Cycle         565 (RV: 79c681f3) -- valid_i: 0, ready_n: 0, data_i:     0
On Cycle         566 (RV: 1687472d) -- valid_i: 0, ready_n: 0, data_i:     0
On Cycle         567 (RV: 2e138d5c) -- valid_i: 1, ready_n: 1, data_i:    23
On output iteration         138 -- data_o (Testbench Thread           1) got         85 (DUT Thread: z)

On Cycle         568 (RV: 6e8d45dd) -- valid_i: 0, ready_n: 0, data_i:     0
On Cycle         569 (RV: f612c8ec) -- valid_i: 1, ready_n: 0, data_i:    23
On Cycle         570 (RV: c7d87a8f) -- valid_i: 0, ready_n: 0, data_i:     0
On Cycle         571 (RV: 7fdbb3ff) -- valid_i: 0, ready_n: 0, data_i:     0
On Cycle         572 (RV: 3c338578) -- valid_i: 1, ready_n: 1, data_i:    22
On Cycle         573 (RV: 55f6b9ab) -- valid_i: 0, ready_n: 0, data_i:     0
On output iteration         139 -- data_o (Testbench Thread           0) got        101 (DUT Thread: z)

On Cycle         574 (RV: 13d1f727) -- valid_i: 0, ready_n: 0, data_i:     0
On Cycle         575 (RV: 7dca0ffb) -- valid_i: 0, ready_n: 0, data_i:     0
On Cycle         576 (RV: 09dfc313) -- valid_i: 0, ready_n: 0, data_i:     0
On Cycle         577 (RV: 06499b0c) -- valid_i: 1, ready_n: 0, data_i:    22
On Cycle         578 (RV: 5db797bb) -- valid_i: 0, ready_n: 0, data_i:     0
On Cycle         579 (RV: f361cae6) -- valid_i: 1, ready_n: 1, data_i:     9
On output iteration         140 -- data_o (Testbench Thread           1) got         93 (DUT Thread: z)

On Cycle         580 (RV: a4d83a49) -- valid_i: 0, ready_n: 0, data_i:     0
On Cycle         581 (RV: 35557b6a) -- valid_i: 1, ready_n: 0, data_i:     9
On Cycle         582 (RV: 8570f60a) -- valid_i: 1, ready_n: 1, data_i:    23
On Cycle         583 (RV: 8c06d218) -- valid_i: 1, ready_n: 0, data_i:    23
On output iteration         141 -- data_o (Testbench Thread           0) got         94 (DUT Thread: z)

On Cycle         584 (RV: 4b1ce996) -- valid_i: 1, ready_n: 1, data_i:     7
On Cycle         585 (RV: 84e32609) -- valid_i: 0, ready_n: 0, data_i:     0
On output iteration         142 -- data_o (Testbench Thread           1) got        101 (DUT Thread: z)

On Cycle         586 (RV: 1725712e) -- valid_i: 1, ready_n: 0, data_i:     7
On Cycle         587 (RV: dee9d4bd) -- valid_i: 0, ready_n: 0, data_i:     0
On Cycle         588 (RV: 33638966) -- valid_i: 1, ready_n: 1, data_i:     2
On Cycle         589 (RV: bb062876) -- valid_i: 1, ready_n: 0, data_i:     2
On output iteration         143 -- data_o (Testbench Thread           0) got         86 (DUT Thread: z)

On Cycle         590 (RV: 3a982575) -- valid_i: 0, ready_n: 0, data_i:     0
On Cycle         591 (RV: c7b43a8f) -- valid_i: 0, ready_n: 0, data_i:     0
On Cycle         592 (RV: 4ad39595) -- valid_i: 0, ready_n: 0, data_i:     0
On Cycle         593 (RV: 3da8cd7b) -- valid_i: 0, ready_n: 0, data_i:     0
On Cycle         594 (RV: be43ea7c) -- valid_i: 1, ready_n: 1, data_i:     7
On Cycle         595 (RV: b7f4306f) -- valid_i: 0, ready_n: 0, data_i:     0
On output iteration         144 -- data_o (Testbench Thread           1) got         87 (DUT Thread: z)

On Cycle         596 (RV: e4824cc9) -- valid_i: 0, ready_n: 0, data_i:     0
On Cycle         597 (RV: e4d820c9) -- valid_i: 0, ready_n: 0, data_i:     0
On Cycle         598 (RV: 5a3761b4) -- valid_i: 1, ready_n: 0, data_i:     7
On Cycle         599 (RV: 6d48a5da) -- valid_i: 1, ready_n: 1, data_i:    24
On output iteration         145 -- data_o (Testbench Thread           0) got         79 (DUT Thread: z)

On Cycle         600 (RV: d6aea8ad) -- valid_i: 0, ready_n: 0, data_i:     0
On Cycle         601 (RV: 6fcff1df) -- valid_i: 0, ready_n: 0, data_i:     0
On Cycle         602 (RV: 06b0e30d) -- valid_i: 0, ready_n: 0, data_i:     0
On Cycle         603 (RV: 384d4170) -- valid_i: 1, ready_n: 0, data_i:    24
On Cycle         604 (RV: 41bd6783) -- valid_i: 0, ready_n: 0, data_i:     0
On Cycle         605 (RV: a8c6c451) -- valid_i: 0, ready_n: 0, data_i:     0
On Cycle         606 (RV: 027a8d04) -- valid_i: 1, ready_n: 1, data_i:    21
On Cycle         607 (RV: c0467280) -- valid_i: 1, ready_n: 0, data_i:    21
On output iteration         146 -- data_o (Testbench Thread           1) got         97 (DUT Thread: z)

On Cycle         608 (RV: fcf504f9) -- valid_i: 0, ready_n: 0, data_i:     0
On Cycle         609 (RV: 0379ed06) -- valid_i: 1, ready_n: 1, data_i:    24
On output iteration         147 -- data_o (Testbench Thread           0) got         87 (DUT Thread: z)

On Cycle         610 (RV: e5063aca) -- valid_i: 1, ready_n: 0, data_i:    24
On Cycle         611 (RV: ef8d64df) -- valid_i: 0, ready_n: 0, data_i:     0
On Cycle         612 (RV: 64f9bbc9) -- valid_i: 0, ready_n: 0, data_i:     0
On Cycle         613 (RV: 42797584) -- valid_i: 1, ready_n: 1, data_i:     6
On output iteration         148 -- data_o (Testbench Thread           1) got        105 (DUT Thread: z)

On Cycle         614 (RV: d84988b0) -- valid_i: 1, ready_n: 0, data_i:     6
On Cycle         615 (RV: 74bc03e9) -- valid_i: 0, ready_n: 0, data_i:     0
On Cycle         616 (RV: 08098510) -- valid_i: 1, ready_n: 1, data_i:    24
On Cycle         617 (RV: 6f3425de) -- valid_i: 1, ready_n: 0, data_i:    24
On output iteration         149 -- data_o (Testbench Thread           0) got         79 (DUT Thread: z)

On Cycle         618 (RV: d659d0ac) -- valid_i: 1, ready_n: 1, data_i:    22
On Cycle         619 (RV: 0498fb09) -- valid_i: 0, ready_n: 0, data_i:     0
On output iteration         150 -- data_o (Testbench Thread           1) got        112 (DUT Thread: z)

On Cycle         620 (RV: 6bf823d7) -- valid_i: 0, ready_n: 0, data_i:     0
On Cycle         621 (RV: 30c38f61) -- valid_i: 0, ready_n: 0, data_i:     0
On Cycle         622 (RV: 86c8320d) -- valid_i: 0, ready_n: 0, data_i:     0
On Cycle         623 (RV: 48c3b791) -- valid_i: 0, ready_n: 0, data_i:     0
On Cycle         624 (RV: e9eb0ed3) -- valid_i: 0, ready_n: 0, data_i:     0
On Cycle         625 (RV: 4d77f99a) -- valid_i: 1, ready_n: 0, data_i:    22
On Cycle         626 (RV: 17bd872f) -- valid_i: 0, ready_n: 0, data_i:     0
On Cycle         627 (RV: 2720634e) -- valid_i: 1, ready_n: 1, data_i:    13
On output iteration         151 -- data_o (Testbench Thread           0) got         88 (DUT Thread: z)

On Cycle         628 (RV: 5bd583b7) -- valid_i: 0, ready_n: 0, data_i:     0
On Cycle         629 (RV: e32472c6) -- valid_i: 1, ready_n: 0, data_i:    13
On Cycle         630 (RV: 2ed66b5d) -- valid_i: 0, ready_n: 0, data_i:     0
On Cycle         631 (RV: ce03ec9c) -- valid_i: 1, ready_n: 1, data_i:     6
On output iteration         152 -- data_o (Testbench Thread           1) got        107 (DUT Thread: z)

On Cycle         632 (RV: 17b47f2f) -- valid_i: 0, ready_n: 0, data_i:     0
On Cycle         633 (RV: a22ac644) -- valid_i: 1, ready_n: 0, data_i:     6
On Cycle         634 (RV: cdbf3a9b) -- valid_i: 0, ready_n: 0, data_i:     0
On Cycle         635 (RV: b1200062) -- valid_i: 1, ready_n: 1, data_i:     6
On output iteration         153 -- data_o (Testbench Thread           0) got         80 (DUT Thread: z)

On Cycle         636 (RV: 748abbe9) -- valid_i: 0, ready_n: 0, data_i:     0
On Cycle         637 (RV: 1747832e) -- valid_i: 1, ready_n: 0, data_i:     6
On Cycle         638 (RV: c690128d) -- valid_i: 0, ready_n: 0, data_i:     0
On Cycle         639 (RV: 632f07c6) -- valid_i: 1, ready_n: 1, data_i:     2
On output iteration         154 -- data_o (Testbench Thread           1) got         96 (DUT Thread: z)

On Cycle         640 (RV: d51cb4aa) -- valid_i: 1, ready_n: 0, data_i:     2
On Cycle         641 (RV: d01df0a0) -- valid_i: 1, ready_n: 1, data_i:     1
On output iteration         155 -- data_o (Testbench Thread           0) got         69 (DUT Thread: z)

On Cycle         642 (RV: 1be8cf37) -- valid_i: 0, ready_n: 0, data_i:     0
On Cycle         643 (RV: f8602ef0) -- valid_i: 1, ready_n: 0, data_i:     1
On Cycle         644 (RV: f46ca8e8) -- valid_i: 1, ready_n: 1, data_i:    27
On Cycle         645 (RV: e6841ccd) -- valid_i: 0, ready_n: 0, data_i:     0
On output iteration         156 -- data_o (Testbench Thread           1) got         82 (DUT Thread: z)

On Cycle         646 (RV: 68cd09d1) -- valid_i: 0, ready_n: 0, data_i:     0
On Cycle         647 (RV: 5d8363bb) -- valid_i: 0, ready_n: 0, data_i:     0
On Cycle         648 (RV: eff692df) -- valid_i: 0, ready_n: 0, data_i:     0
On Cycle         649 (RV: 3e8ed57d) -- valid_i: 0, ready_n: 0, data_i:     0
On Cycle         650 (RV: 2c402158) -- valid_i: 1, ready_n: 0, data_i:    27
On Cycle         651 (RV: cff5509f) -- valid_i: 0, ready_n: 0, data_i:     0
On Cycle         652 (RV: 4bac2f97) -- valid_i: 0, ready_n: 0, data_i:     0
On Cycle         653 (RV: 835da206) -- valid_i: 1, ready_n: 1, data_i:    18
On output iteration         157 -- data_o (Testbench Thread           0) got         85 (DUT Thread: z)

On Cycle         654 (RV: 94a12e29) -- valid_i: 0, ready_n: 0, data_i:     0
On Cycle         655 (RV: 624b63c4) -- valid_i: 1, ready_n: 0, data_i:    18
On Cycle         656 (RV: ebb0f6d7) -- valid_i: 0, ready_n: 0, data_i:     0
On Cycle         657 (RV: aea6d45d) -- valid_i: 0, ready_n: 0, data_i:     0
On Cycle         658 (RV: 26c7134d) -- valid_i: 0, ready_n: 0, data_i:     0
On Cycle         659 (RV: 39bfc773) -- valid_i: 0, ready_n: 0, data_i:     0
On Cycle         660 (RV: bfd62a7f) -- valid_i: 0, ready_n: 0, data_i:     0
On Cycle         661 (RV: a703744e) -- valid_i: 1, ready_n: 1, data_i:    13
On output iteration         158 -- data_o (Testbench Thread           1) got         87 (DUT Thread: z)

On Cycle         662 (RV: 5cdc65b9) -- valid_i: 0, ready_n: 0, data_i:     0
On Cycle         663 (RV: f05d64e0) -- valid_i: 1, ready_n: 0, data_i:    13
On Cycle         664 (RV: 9cd6c239) -- valid_i: 0, ready_n: 0, data_i:     0
On Cycle         665 (RV: 40fb4f81) -- valid_i: 0, ready_n: 0, data_i:     0
On Cycle         666 (RV: 18fb8331) -- valid_i: 0, ready_n: 0, data_i:     0
On Cycle         667 (RV: 47ebef8f) -- valid_i: 0, ready_n: 0, data_i:     0
On Cycle         668 (RV: 7f537dfe) -- valid_i: 1, ready_n: 1, data_i:     4
On Cycle         669 (RV: aed0f05d) -- valid_i: 0, ready_n: 0, data_i:     0
On output iteration         159 -- data_o (Testbench Thread           0) got         84 (DUT Thread: z)

On Cycle         670 (RV: 878a880f) -- valid_i: 0, ready_n: 0, data_i:     0
On Cycle         671 (RV: 199bcb33) -- valid_i: 0, ready_n: 0, data_i:     0
On Cycle         672 (RV: 348ed569) -- valid_i: 0, ready_n: 0, data_i:     0
On Cycle         673 (RV: 2b0da556) -- valid_i: 1, ready_n: 0, data_i:     4
On Cycle         674 (RV: cd57529a) -- valid_i: 1, ready_n: 1, data_i:    13
On Cycle         675 (RV: 2e72295c) -- valid_i: 1, ready_n: 0, data_i:    13
On output iteration         160 -- data_o (Testbench Thread           1) got         77 (DUT Thread: z)

On Cycle         676 (RV: 24e90749) -- valid_i: 0, ready_n: 0, data_i:     0
On Cycle         677 (RV: 69cd77d3) -- valid_i: 0, ready_n: 0, data_i:     0
On Cycle         678 (RV: 9d737a3a) -- valid_i: 1, ready_n: 1, data_i:     0
On Cycle         679 (RV: 6c74f5d8) -- valid_i: 1, ready_n: 0, data_i:     0
On output iteration         161 -- data_o (Testbench Thread           0) got         83 (DUT Thread: z)

On Cycle         680 (RV: bc1c0e78) -- valid_i: 1, ready_n: 1, data_i:    26
On Cycle         681 (RV: 1ccb3539) -- valid_i: 0, ready_n: 0, data_i:     0
On output iteration         162 -- data_o (Testbench Thread           1) got         64 (DUT Thread: z)

On Cycle         682 (RV: 92d06025) -- valid_i: 0, ready_n: 0, data_i:     0
On Cycle         683 (RV: 8496d609) -- valid_i: 0, ready_n: 0, data_i:     0
On Cycle         684 (RV: ab37a856) -- valid_i: 1, ready_n: 0, data_i:    26
On Cycle         685 (RV: 962c682c) -- valid_i: 1, ready_n: 1, data_i:     3
On output iteration         163 -- data_o (Testbench Thread           0) got         96 (DUT Thread: z)

On Cycle         686 (RV: e99b1cd3) -- valid_i: 0, ready_n: 0, data_i:     0
On Cycle         687 (RV: 0d633f1a) -- valid_i: 1, ready_n: 0, data_i:     3
On Cycle         688 (RV: 005d5100) -- valid_i: 1, ready_n: 1, data_i:    12
On Cycle         689 (RV: 560d5fac) -- valid_i: 1, ready_n: 0, data_i:    12
On output iteration         164 -- data_o (Testbench Thread           1) got         57 (DUT Thread: z)

On Cycle         690 (RV: f4588ee8) -- valid_i: 1, ready_n: 1, data_i:     5
On Cycle         691 (RV: b66a586c) -- valid_i: 1, ready_n: 0, data_i:     5
On output iteration         165 -- data_o (Testbench Thread           0) got         93 (DUT Thread: z)

On Cycle         692 (RV: d03c40a0) -- valid_i: 1, ready_n: 1, data_i:    23
On Cycle         693 (RV: 0ecd251d) -- valid_i: 0, ready_n: 0, data_i:     0
On output iteration         166 -- data_o (Testbench Thread           1) got         53 (DUT Thread: z)

On Cycle         694 (RV: 68c14fd1) -- valid_i: 0, ready_n: 0, data_i:     0
On Cycle         695 (RV: 006d0f00) -- valid_i: 1, ready_n: 0, data_i:    23
On Cycle         696 (RV: ed4d78da) -- valid_i: 1, ready_n: 1, data_i:    19
On Cycle         697 (RV: 6c1987d8) -- valid_i: 1, ready_n: 0, data_i:    19
On output iteration         167 -- data_o (Testbench Thread           0) got        101 (DUT Thread: z)

On Cycle         698 (RV: 605dbbc0) -- valid_i: 1, ready_n: 1, data_i:     9
On Cycle         699 (RV: a6490c4c) -- valid_i: 1, ready_n: 0, data_i:     9
On output iteration         168 -- data_o (Testbench Thread           1) got         63 (DUT Thread: z)

On Cycle         700 (RV: e8cfb0d1) -- valid_i: 0, ready_n: 0, data_i:     0
On Cycle         701 (RV: a8bb0c51) -- valid_i: 0, ready_n: 0, data_i:     0
On Cycle         702 (RV: a8e1ee51) -- valid_i: 0, ready_n: 0, data_i:     0
On Cycle         703 (RV: a2a4be45) -- valid_i: 0, ready_n: 0, data_i:     0
On Cycle         704 (RV: 598367b3) -- valid_i: 0, ready_n: 0, data_i:     0
On Cycle         705 (RV: bf21067e) -- valid_i: 1, ready_n: 1, data_i:     7
On output iteration         169 -- data_o (Testbench Thread           0) got         94 (DUT Thread: z)

On Cycle         706 (RV: c049c680) -- valid_i: 1, ready_n: 0, data_i:     7
On Cycle         707 (RV: 7e5b53fc) -- valid_i: 1, ready_n: 1, data_i:     4
On output iteration         170 -- data_o (Testbench Thread           1) got         60 (DUT Thread: z)

On Cycle         708 (RV: 2426d748) -- valid_i: 1, ready_n: 0, data_i:     4
On Cycle         709 (RV: c0ad8081) -- valid_i: 0, ready_n: 0, data_i:     0
On Cycle         710 (RV: 98b4dc31) -- valid_i: 0, ready_n: 0, data_i:     0
On Cycle         711 (RV: 53a8b5a7) -- valid_i: 0, ready_n: 0, data_i:     0
On Cycle         712 (RV: 41b1fd83) -- valid_i: 0, ready_n: 0, data_i:     0
On Cycle         713 (RV: 9fc1423f) -- valid_i: 0, ready_n: 0, data_i:     0
On Cycle         714 (RV: 00029100) -- valid_i: 1, ready_n: 1, data_i:    19
On Cycle         715 (RV: b2158c64) -- valid_i: 1, ready_n: 0, data_i:    19
On output iteration         171 -- data_o (Testbench Thread           0) got         83 (DUT Thread: z)

On Cycle         716 (RV: 3f52937e) -- valid_i: 1, ready_n: 1, data_i:     3
On Cycle         717 (RV: 7887dff1) -- valid_i: 0, ready_n: 0, data_i:     0
On output iteration         172 -- data_o (Testbench Thread           1) got         69 (DUT Thread: z)

On Cycle         718 (RV: 472dfb8e) -- valid_i: 1, ready_n: 0, data_i:     3
On Cycle         719 (RV: 4f234d9e) -- valid_i: 1, ready_n: 1, data_i:    17
On output iteration         173 -- data_o (Testbench Thread           0) got         73 (DUT Thread: z)

On Cycle         720 (RV: 742819e8) -- valid_i: 1, ready_n: 0, data_i:    17
On Cycle         721 (RV: 24839b49) -- valid_i: 0, ready_n: 0, data_i:     0
On Cycle         722 (RV: 8569fa0a) -- valid_i: 1, ready_n: 1, data_i:    12
On Cycle         723 (RV: 2fb81b5f) -- valid_i: 0, ready_n: 0, data_i:     0
On output iteration         174 -- data_o (Testbench Thread           1) got         75 (DUT Thread: z)

On Cycle         724 (RV: a8bfc851) -- valid_i: 0, ready_n: 0, data_i:     0
On Cycle         725 (RV: a4d98649) -- valid_i: 0, ready_n: 0, data_i:     0
On Cycle         726 (RV: 92fd2825) -- valid_i: 0, ready_n: 0, data_i:     0
On Cycle         727 (RV: b64ae66c) -- valid_i: 1, ready_n: 0, data_i:    12
On Cycle         728 (RV: ac509c58) -- valid_i: 1, ready_n: 1, data_i:    28
On Cycle         729 (RV: af5d6c5e) -- valid_i: 1, ready_n: 0, data_i:    28
On output iteration         175 -- data_o (Testbench Thread           0) got         73 (DUT Thread: z)

On Cycle         730 (RV: 97dde22f) -- valid_i: 0, ready_n: 0, data_i:     0
On Cycle         731 (RV: c1cf5a83) -- valid_i: 0, ready_n: 0, data_i:     0
On Cycle         732 (RV: 13b75327) -- valid_i: 0, ready_n: 0, data_i:     0
On Cycle         733 (RV: 6a5ddbd4) -- valid_i: 1, ready_n: 1, data_i:    22
On output iteration         176 -- data_o (Testbench Thread           1) got         91 (DUT Thread: z)

On Cycle         734 (RV: ca0e4494) -- valid_i: 1, ready_n: 0, data_i:    22
On Cycle         735 (RV: c961e492) -- valid_i: 1, ready_n: 1, data_i:     9
On output iteration         177 -- data_o (Testbench Thread           0) got         83 (DUT Thread: z)

On Cycle         736 (RV: 1e32673c) -- valid_i: 1, ready_n: 0, data_i:     9
On Cycle         737 (RV: 23301b46) -- valid_i: 1, ready_n: 1, data_i:     6
On output iteration         178 -- data_o (Testbench Thread           1) got         85 (DUT Thread: z)

On Cycle         738 (RV: b7b82a6f) -- valid_i: 0, ready_n: 0, data_i:     0
On Cycle         739 (RV: a0b3ae41) -- valid_i: 0, ready_n: 0, data_i:     0
On Cycle         740 (RV: 7bde15f7) -- valid_i: 0, ready_n: 0, data_i:     0
On Cycle         741 (RV: 8b7c3816) -- valid_i: 1, ready_n: 0, data_i:     6
On Cycle         742 (RV: 39092f72) -- valid_i: 1, ready_n: 1, data_i:     2
On Cycle         743 (RV: 5136a5a2) -- valid_i: 1, ready_n: 0, data_i:     2
On output iteration         179 -- data_o (Testbench Thread           0) got         76 (DUT Thread: z)

On Cycle         744 (RV: 71f059e3) -- valid_i: 0, ready_n: 0, data_i:     0
On Cycle         745 (RV: c9490292) -- valid_i: 1, ready_n: 1, data_i:    22
On output iteration         180 -- data_o (Testbench Thread           1) got         73 (DUT Thread: z)

On Cycle         746 (RV: e5ceb0cb) -- valid_i: 0, ready_n: 0, data_i:     0
On Cycle         747 (RV: 34097568) -- valid_i: 1, ready_n: 0, data_i:    22
On Cycle         748 (RV: 98b4ee31) -- valid_i: 0, ready_n: 0, data_i:     0
On Cycle         749 (RV: 65c803cb) -- valid_i: 0, ready_n: 0, data_i:     0
On Cycle         750 (RV: aad1c855) -- valid_i: 0, ready_n: 0, data_i:     0
On Cycle         751 (RV: 38a38971) -- valid_i: 0, ready_n: 0, data_i:     0
On Cycle         752 (RV: 2f49535e) -- valid_i: 1, ready_n: 1, data_i:     4
On Cycle         753 (RV: e6e186cd) -- valid_i: 0, ready_n: 0, data_i:     0
On output iteration         181 -- data_o (Testbench Thread           0) got         86 (DUT Thread: z)

On Cycle         754 (RV: daf356b5) -- valid_i: 0, ready_n: 0, data_i:     0
On Cycle         755 (RV: 04410d08) -- valid_i: 1, ready_n: 0, data_i:     4
On Cycle         756 (RV: c118be82) -- valid_i: 1, ready_n: 1, data_i:    25
On Cycle         757 (RV: 9f80983f) -- valid_i: 0, ready_n: 0, data_i:     0
On output iteration         182 -- data_o (Testbench Thread           1) got         65 (DUT Thread: z)

On Cycle         758 (RV: d807f2b0) -- valid_i: 1, ready_n: 0, data_i:    25
On Cycle         759 (RV: 560eefac) -- valid_i: 1, ready_n: 1, data_i:     4
On output iteration         183 -- data_o (Testbench Thread           0) got         97 (DUT Thread: z)

On Cycle         760 (RV: 99183032) -- valid_i: 1, ready_n: 0, data_i:     4
On Cycle         761 (RV: 029f0505) -- valid_i: 0, ready_n: 0, data_i:     0
On Cycle         762 (RV: 2f73fb5e) -- valid_i: 1, ready_n: 1, data_i:     9
On Cycle         763 (RV: dc16d8b8) -- valid_i: 1, ready_n: 0, data_i:     9
On output iteration         184 -- data_o (Testbench Thread           1) got         58 (DUT Thread: z)

On Cycle         764 (RV: 3ec2677d) -- valid_i: 0, ready_n: 0, data_i:     0
On Cycle         765 (RV: 8511580a) -- valid_i: 1, ready_n: 1, data_i:    14
On output iteration         185 -- data_o (Testbench Thread           0) got         90 (DUT Thread: z)

On Cycle         766 (RV: c6878a8d) -- valid_i: 0, ready_n: 0, data_i:     0
On Cycle         767 (RV: 64eb39c9) -- valid_i: 0, ready_n: 0, data_i:     0
On Cycle         768 (RV: f8d3d8f1) -- valid_i: 0, ready_n: 0, data_i:     0
On Cycle         769 (RV: da12deb4) -- valid_i: 1, ready_n: 0, data_i:    14
On Cycle         770 (RV: 729a7fe5) -- valid_i: 0, ready_n: 0, data_i:     0
On Cycle         771 (RV: 1a133934) -- valid_i: 1, ready_n: 1, data_i:    17
On output iteration         186 -- data_o (Testbench Thread           1) got         62 (DUT Thread: z)

On Cycle         772 (RV: 11c6c523) -- valid_i: 0, ready_n: 0, data_i:     0
On Cycle         773 (RV: 1691a32d) -- valid_i: 0, ready_n: 0, data_i:     0
On Cycle         774 (RV: 18e87131) -- valid_i: 0, ready_n: 0, data_i:     0
On Cycle         775 (RV: 2f36c55e) -- valid_i: 1, ready_n: 0, data_i:    17
On Cycle         776 (RV: 5a0f27b4) -- valid_i: 1, ready_n: 1, data_i:    23
On Cycle         777 (RV: 073a730e) -- valid_i: 1, ready_n: 0, data_i:    23
On output iteration         187 -- data_o (Testbench Thread           0) got         92 (DUT Thread: z)

On Cycle         778 (RV: 322cc164) -- valid_i: 1, ready_n: 1, data_i:     5
On Cycle         779 (RV: 320a8b64) -- valid_i: 1, ready_n: 0, data_i:     5
On output iteration         188 -- data_o (Testbench Thread           1) got         75 (DUT Thread: z)

On Cycle         780 (RV: 2416b948) -- valid_i: 1, ready_n: 1, data_i:     0
On Cycle         781 (RV: c544d88a) -- valid_i: 1, ready_n: 0, data_i:     0
On output iteration         189 -- data_o (Testbench Thread           0) got         82 (DUT Thread: z)

On Cycle         782 (RV: 4dfe879b) -- valid_i: 0, ready_n: 0, data_i:     0
On Cycle         783 (RV: e6fbf4cd) -- valid_i: 0, ready_n: 0, data_i:     0
On Cycle         784 (RV: b5f8fa6b) -- valid_i: 0, ready_n: 0, data_i:     0
On Cycle         785 (RV: 55ff23ab) -- valid_i: 0, ready_n: 0, data_i:     0
On Cycle         786 (RV: f1eca2e3) -- valid_i: 0, ready_n: 0, data_i:     0
On Cycle         787 (RV: 5e9d2fbd) -- valid_i: 0, ready_n: 0, data_i:     0
On Cycle         788 (RV: ecff24d9) -- valid_i: 0, ready_n: 0, data_i:     0
On Cycle         789 (RV: e11a58c2) -- valid_i: 1, ready_n: 1, data_i:    23
On output iteration         190 -- data_o (Testbench Thread           1) got         63 (DUT Thread: z)

On Cycle         790 (RV: f059ace0) -- valid_i: 1, ready_n: 0, data_i:    23
On Cycle         791 (RV: afd1265f) -- valid_i: 0, ready_n: 0, data_i:     0
On Cycle         792 (RV: 8edc361d) -- valid_i: 0, ready_n: 0, data_i:     0
On Cycle         793 (RV: c9b64c93) -- valid_i: 0, ready_n: 0, data_i:     0
On Cycle         794 (RV: 13180326) -- valid_i: 1, ready_n: 1, data_i:    16
On Cycle         795 (RV: 82b78605) -- valid_i: 0, ready_n: 0, data_i:     0
On output iteration         191 -- data_o (Testbench Thread           0) got         92 (DUT Thread: z)

On Cycle         796 (RV: 84a8e809) -- valid_i: 0, ready_n: 0, data_i:     0
On Cycle         797 (RV: b62d846c) -- valid_i: 1, ready_n: 0, data_i:    16
On Cycle         798 (RV: b5c5c06b) -- valid_i: 0, ready_n: 0, data_i:     0
On Cycle         799 (RV: 5858bdb0) -- valid_i: 1, ready_n: 1, data_i:     5
On output iteration         192 -- data_o (Testbench Thread           1) got         69 (DUT Thread: z)

On Cycle         800 (RV: fb9fb8f7) -- valid_i: 0, ready_n: 0, data_i:     0
On Cycle         801 (RV: 52a151a5) -- valid_i: 0, ready_n: 0, data_i:     0
On Cycle         802 (RV: abe8c057) -- valid_i: 0, ready_n: 0, data_i:     0
On Cycle         803 (RV: 3b11f376) -- valid_i: 1, ready_n: 0, data_i:     5
On Cycle         804 (RV: 2798e34f) -- valid_i: 0, ready_n: 0, data_i:     0
On Cycle         805 (RV: 5a45bdb4) -- valid_i: 1, ready_n: 1, data_i:     1
On output iteration         193 -- data_o (Testbench Thread           0) got         82 (DUT Thread: z)

On Cycle         806 (RV: 8ecaa21d) -- valid_i: 0, ready_n: 0, data_i:     0
On Cycle         807 (RV: 43c11587) -- valid_i: 0, ready_n: 0, data_i:     0
On Cycle         808 (RV: 23466346) -- valid_i: 1, ready_n: 0, data_i:     1
On Cycle         809 (RV: 336d9366) -- valid_i: 1, ready_n: 1, data_i:     8
On output iteration         194 -- data_o (Testbench Thread           1) got         59 (DUT Thread: z)

On Cycle         810 (RV: 4f14c19e) -- valid_i: 1, ready_n: 0, data_i:     8
On Cycle         811 (RV: 1fb0d13f) -- valid_i: 0, ready_n: 0, data_i:     0
On Cycle         812 (RV: 2a2ff554) -- valid_i: 1, ready_n: 1, data_i:    26
On Cycle         813 (RV: 2a565f54) -- valid_i: 1, ready_n: 0, data_i:    26
On output iteration         195 -- data_o (Testbench Thread           0) got         77 (DUT Thread: z)

On Cycle         814 (RV: a62c344c) -- valid_i: 1, ready_n: 1, data_i:    11
On Cycle         815 (RV: 83449006) -- valid_i: 1, ready_n: 0, data_i:    11
On output iteration         196 -- data_o (Testbench Thread           1) got         75 (DUT Thread: z)

On Cycle         816 (RV: 286f1350) -- valid_i: 1, ready_n: 1, data_i:    11
On Cycle         817 (RV: 16b46d2d) -- valid_i: 0, ready_n: 0, data_i:     0
On output iteration         197 -- data_o (Testbench Thread           0) got         75 (DUT Thread: z)

On Cycle         818 (RV: c34ddc86) -- valid_i: 1, ready_n: 0, data_i:    11
On Cycle         819 (RV: 3564836a) -- valid_i: 1, ready_n: 1, data_i:    22
On output iteration         198 -- data_o (Testbench Thread           1) got         74 (DUT Thread: z)

On Cycle         820 (RV: 5c2afdb8) -- valid_i: 1, ready_n: 0, data_i:    22
On Cycle         821 (RV: f7fecaef) -- valid_i: 0, ready_n: 0, data_i:     0
On Cycle         822 (RV: 506a57a0) -- valid_i: 1, ready_n: 1, data_i:     x
On Cycle         823 (RV: 1fa98f3f) -- valid_i: 0, ready_n: 0, data_i:     0
On output iteration         199 -- data_o (Testbench Thread           0) got         85 (DUT Thread: z)

Simulation time is              8370000
        200 data transmitted
[0;32m    ____  ___   __________[0m
[0;32m   / __ \/   | / ___/ ___/[0m
[0;32m  / /_/ / /| | \__ \__  [0m
[0;32m / ____/ ___ |___/ /__/ / [0m
[0;32m/_/   /_/  |_/____/____/  [0m

Simulation Succeeded!
Current System Time is: 06:48:17 PM--03/09/2023
