testbench.cg with cycle_time_p          10
VCD info: dumpfile iverilog.vcd opened for output.
VCD warning: $dumpvars: Unsupported argument type (vpiPackage)
Begin Test:

At Posedge           0: gray_o:0000 correct_o: 0000
At Posedge           1: gray_o:0001 correct_o: 0001
At Posedge           2: gray_o:0011 correct_o: 0011
At Posedge           3: gray_o:0010 correct_o: 0010
At Posedge           4: gray_o:0110 correct_o: 0110
At Posedge           5: gray_o:0111 correct_o: 0111
At Posedge           6: gray_o:0101 correct_o: 0101
At Posedge           7: gray_o:0100 correct_o: 0100
At Posedge           8: gray_o:1100 correct_o: 1100
At Posedge           9: gray_o:1101 correct_o: 1101
At Posedge          10: gray_o:1111 correct_o: 1111
At Posedge          11: gray_o:1110 correct_o: 1110
At Posedge          12: gray_o:1010 correct_o: 1010
At Posedge          13: gray_o:1011 correct_o: 1011
At Posedge          14: gray_o:1001 correct_o: 1001
At Posedge          15: gray_o:1000 correct_o: 1000
At Posedge          16: gray_o:0000 correct_o: 0000
At Posedge          17: gray_o:0001 correct_o: 0001
At Posedge          18: gray_o:0011 correct_o: 0011
At Posedge          19: gray_o:0010 correct_o: 0010
At Posedge          20: gray_o:0110 correct_o: 0110
At Posedge          21: gray_o:0111 correct_o: 0111
At Posedge          22: gray_o:0101 correct_o: 0101
At Posedge          23: gray_o:0100 correct_o: 0100
At Posedge          24: gray_o:1100 correct_o: 1100
At Posedge          25: gray_o:1101 correct_o: 1101
At Posedge          26: gray_o:1111 correct_o: 1111
At Posedge          27: gray_o:1110 correct_o: 1110
At Posedge          28: gray_o:1010 correct_o: 1010
At Posedge          29: gray_o:1011 correct_o: 1011
At Posedge          30: gray_o:1001 correct_o: 1001
At Posedge          31: gray_o:1000 correct_o: 1000
At Posedge          32: gray_o:0000 correct_o: 0000
At Posedge          33: gray_o:0001 correct_o: 0001
At Posedge          34: gray_o:0011 correct_o: 0011
At Posedge          35: gray_o:0010 correct_o: 0010
At Posedge          36: gray_o:0110 correct_o: 0110
At Posedge          37: gray_o:0111 correct_o: 0111
At Posedge          38: gray_o:0101 correct_o: 0101
At Posedge          39: gray_o:0100 correct_o: 0100
At Posedge          40: gray_o:1100 correct_o: 1100
At Posedge          41: gray_o:1101 correct_o: 1101
At Posedge          42: gray_o:1111 correct_o: 1111
At Posedge          43: gray_o:1110 correct_o: 1110
At Posedge          44: gray_o:1010 correct_o: 1010
At Posedge          45: gray_o:1011 correct_o: 1011
At Posedge          46: gray_o:1001 correct_o: 1001
At Posedge          47: gray_o:1000 correct_o: 1000
At Posedge          48: gray_o:0000 correct_o: 0000
At Posedge          49: gray_o:0001 correct_o: 0001
At Posedge          50: gray_o:0011 correct_o: 0011
At Posedge          51: gray_o:0010 correct_o: 0010
At Posedge          52: gray_o:0110 correct_o: 0110
At Posedge          53: gray_o:0111 correct_o: 0111
At Posedge          54: gray_o:0101 correct_o: 0101
At Posedge          55: gray_o:0100 correct_o: 0100
At Posedge          56: gray_o:1100 correct_o: 1100
At Posedge          57: gray_o:1101 correct_o: 1101
At Posedge          58: gray_o:1111 correct_o: 1111
At Posedge          59: gray_o:1110 correct_o: 1110
At Posedge          60: gray_o:1010 correct_o: 1010
At Posedge          61: gray_o:1011 correct_o: 1011
At Posedge          62: gray_o:1001 correct_o: 1001
At Posedge          63: gray_o:1000 correct_o: 1000
Simulation time is               655000
[0;32m    ____  ___   __________[0m
[0;32m   / __ \/   | / ___/ ___/[0m
[0;32m  / /_/ / /| | \__ \__  [0m
[0;32m / ____/ ___ |___/ /__/ / [0m
[0;32m/_/   /_/  |_/____/____/  [0m

Simulation Succeeded!
Current System Time is: 04:03:49 PM--03/15/2023
