VCD info: dumpfile iverilog.vcd opened for output.
VCD warning: $dumpvars: Unsupported argument type (vpiPackage)
binary_i: 00000000, count_o: xxxx, correct_count_o: 0000
count_o: 1000, correct_count_o: 0000
binary_i: 00000001, count_o: 1000, correct_count_o: 0000
count_o: 0111, correct_count_o: 0001
binary_i: 00000010, count_o: 0111, correct_count_o: 0001
count_o: 0111, correct_count_o: 0001
binary_i: 00000011, count_o: 0111, correct_count_o: 0001
count_o: 0110, correct_count_o: 0010
binary_i: 00000100, count_o: 0110, correct_count_o: 0010
count_o: 0111, correct_count_o: 0001
binary_i: 00000101, count_o: 0111, correct_count_o: 0001
count_o: 0110, correct_count_o: 0010
binary_i: 00000110, count_o: 0110, correct_count_o: 0010
count_o: 0110, correct_count_o: 0010
binary_i: 00000111, count_o: 0110, correct_count_o: 0010
count_o: 0101, correct_count_o: 0011
binary_i: 00001000, count_o: 0101, correct_count_o: 0011
count_o: 0111, correct_count_o: 0001
binary_i: 00001001, count_o: 0111, correct_count_o: 0001
count_o: 0110, correct_count_o: 0010
binary_i: 00001010, count_o: 0110, correct_count_o: 0010
count_o: 0110, correct_count_o: 0010
binary_i: 00001011, count_o: 0110, correct_count_o: 0010
count_o: 0101, correct_count_o: 0011
binary_i: 00001100, count_o: 0101, correct_count_o: 0011
count_o: 0110, correct_count_o: 0010
binary_i: 00001101, count_o: 0110, correct_count_o: 0010
count_o: 0101, correct_count_o: 0011
binary_i: 00001110, count_o: 0101, correct_count_o: 0011
count_o: 0101, correct_count_o: 0011
binary_i: 00001111, count_o: 0101, correct_count_o: 0011
binary_i: 00010000, count_o: 0100, correct_count_o: 0100
count_o: 0111, correct_count_o: 0001
binary_i: 00010001, count_o: 0111, correct_count_o: 0001
count_o: 0110, correct_count_o: 0010
binary_i: 00010010, count_o: 0110, correct_count_o: 0010
count_o: 0110, correct_count_o: 0010
binary_i: 00010011, count_o: 0110, correct_count_o: 0010
count_o: 0101, correct_count_o: 0011
binary_i: 00010100, count_o: 0101, correct_count_o: 0011
count_o: 0110, correct_count_o: 0010
binary_i: 00010101, count_o: 0110, correct_count_o: 0010
count_o: 0101, correct_count_o: 0011
binary_i: 00010110, count_o: 0101, correct_count_o: 0011
count_o: 0101, correct_count_o: 0011
binary_i: 00010111, count_o: 0101, correct_count_o: 0011
binary_i: 00011000, count_o: 0100, correct_count_o: 0100
count_o: 0110, correct_count_o: 0010
binary_i: 00011001, count_o: 0110, correct_count_o: 0010
count_o: 0101, correct_count_o: 0011
binary_i: 00011010, count_o: 0101, correct_count_o: 0011
count_o: 0101, correct_count_o: 0011
binary_i: 00011011, count_o: 0101, correct_count_o: 0011
binary_i: 00011100, count_o: 0100, correct_count_o: 0100
count_o: 0101, correct_count_o: 0011
binary_i: 00011101, count_o: 0101, correct_count_o: 0011
binary_i: 00011110, count_o: 0100, correct_count_o: 0100
binary_i: 00011111, count_o: 0100, correct_count_o: 0100
count_o: 0011, correct_count_o: 0101
binary_i: 00100000, count_o: 0011, correct_count_o: 0101
count_o: 0111, correct_count_o: 0001
binary_i: 00100001, count_o: 0111, correct_count_o: 0001
count_o: 0110, correct_count_o: 0010
binary_i: 00100010, count_o: 0110, correct_count_o: 0010
count_o: 0110, correct_count_o: 0010
binary_i: 00100011, count_o: 0110, correct_count_o: 0010
count_o: 0101, correct_count_o: 0011
binary_i: 00100100, count_o: 0101, correct_count_o: 0011
count_o: 0110, correct_count_o: 0010
binary_i: 00100101, count_o: 0110, correct_count_o: 0010
count_o: 0101, correct_count_o: 0011
binary_i: 00100110, count_o: 0101, correct_count_o: 0011
count_o: 0101, correct_count_o: 0011
binary_i: 00100111, count_o: 0101, correct_count_o: 0011
binary_i: 00101000, count_o: 0100, correct_count_o: 0100
count_o: 0110, correct_count_o: 0010
binary_i: 00101001, count_o: 0110, correct_count_o: 0010
count_o: 0101, correct_count_o: 0011
binary_i: 00101010, count_o: 0101, correct_count_o: 0011
count_o: 0101, correct_count_o: 0011
binary_i: 00101011, count_o: 0101, correct_count_o: 0011
binary_i: 00101100, count_o: 0100, correct_count_o: 0100
count_o: 0101, correct_count_o: 0011
binary_i: 00101101, count_o: 0101, correct_count_o: 0011
binary_i: 00101110, count_o: 0100, correct_count_o: 0100
binary_i: 00101111, count_o: 0100, correct_count_o: 0100
count_o: 0011, correct_count_o: 0101
binary_i: 00110000, count_o: 0011, correct_count_o: 0101
count_o: 0110, correct_count_o: 0010
binary_i: 00110001, count_o: 0110, correct_count_o: 0010
count_o: 0101, correct_count_o: 0011
binary_i: 00110010, count_o: 0101, correct_count_o: 0011
count_o: 0101, correct_count_o: 0011
binary_i: 00110011, count_o: 0101, correct_count_o: 0011
binary_i: 00110100, count_o: 0100, correct_count_o: 0100
count_o: 0101, correct_count_o: 0011
binary_i: 00110101, count_o: 0101, correct_count_o: 0011
binary_i: 00110110, count_o: 0100, correct_count_o: 0100
binary_i: 00110111, count_o: 0100, correct_count_o: 0100
count_o: 0011, correct_count_o: 0101
binary_i: 00111000, count_o: 0011, correct_count_o: 0101
count_o: 0101, correct_count_o: 0011
binary_i: 00111001, count_o: 0101, correct_count_o: 0011
binary_i: 00111010, count_o: 0100, correct_count_o: 0100
binary_i: 00111011, count_o: 0100, correct_count_o: 0100
count_o: 0011, correct_count_o: 0101
binary_i: 00111100, count_o: 0011, correct_count_o: 0101
binary_i: 00111101, count_o: 0100, correct_count_o: 0100
count_o: 0011, correct_count_o: 0101
binary_i: 00111110, count_o: 0011, correct_count_o: 0101
count_o: 0011, correct_count_o: 0101
binary_i: 00111111, count_o: 0011, correct_count_o: 0101
count_o: 0010, correct_count_o: 0110
binary_i: 01000000, count_o: 0010, correct_count_o: 0110
count_o: 0111, correct_count_o: 0001
binary_i: 01000001, count_o: 0111, correct_count_o: 0001
count_o: 0110, correct_count_o: 0010
binary_i: 01000010, count_o: 0110, correct_count_o: 0010
count_o: 0110, correct_count_o: 0010
binary_i: 01000011, count_o: 0110, correct_count_o: 0010
count_o: 0101, correct_count_o: 0011
binary_i: 01000100, count_o: 0101, correct_count_o: 0011
count_o: 0110, correct_count_o: 0010
binary_i: 01000101, count_o: 0110, correct_count_o: 0010
count_o: 0101, correct_count_o: 0011
binary_i: 01000110, count_o: 0101, correct_count_o: 0011
count_o: 0101, correct_count_o: 0011
binary_i: 01000111, count_o: 0101, correct_count_o: 0011
binary_i: 01001000, count_o: 0100, correct_count_o: 0100
count_o: 0110, correct_count_o: 0010
binary_i: 01001001, count_o: 0110, correct_count_o: 0010
count_o: 0101, correct_count_o: 0011
binary_i: 01001010, count_o: 0101, correct_count_o: 0011
count_o: 0101, correct_count_o: 0011
binary_i: 01001011, count_o: 0101, correct_count_o: 0011
binary_i: 01001100, count_o: 0100, correct_count_o: 0100
count_o: 0101, correct_count_o: 0011
binary_i: 01001101, count_o: 0101, correct_count_o: 0011
binary_i: 01001110, count_o: 0100, correct_count_o: 0100
binary_i: 01001111, count_o: 0100, correct_count_o: 0100
count_o: 0011, correct_count_o: 0101
binary_i: 01010000, count_o: 0011, correct_count_o: 0101
count_o: 0110, correct_count_o: 0010
binary_i: 01010001, count_o: 0110, correct_count_o: 0010
count_o: 0101, correct_count_o: 0011
binary_i: 01010010, count_o: 0101, correct_count_o: 0011
count_o: 0101, correct_count_o: 0011
binary_i: 01010011, count_o: 0101, correct_count_o: 0011
binary_i: 01010100, count_o: 0100, correct_count_o: 0100
count_o: 0101, correct_count_o: 0011
binary_i: 01010101, count_o: 0101, correct_count_o: 0011
binary_i: 01010110, count_o: 0100, correct_count_o: 0100
binary_i: 01010111, count_o: 0100, correct_count_o: 0100
count_o: 0011, correct_count_o: 0101
binary_i: 01011000, count_o: 0011, correct_count_o: 0101
count_o: 0101, correct_count_o: 0011
binary_i: 01011001, count_o: 0101, correct_count_o: 0011
binary_i: 01011010, count_o: 0100, correct_count_o: 0100
binary_i: 01011011, count_o: 0100, correct_count_o: 0100
count_o: 0011, correct_count_o: 0101
binary_i: 01011100, count_o: 0011, correct_count_o: 0101
binary_i: 01011101, count_o: 0100, correct_count_o: 0100
count_o: 0011, correct_count_o: 0101
binary_i: 01011110, count_o: 0011, correct_count_o: 0101
count_o: 0011, correct_count_o: 0101
binary_i: 01011111, count_o: 0011, correct_count_o: 0101
count_o: 0010, correct_count_o: 0110
binary_i: 01100000, count_o: 0010, correct_count_o: 0110
count_o: 0110, correct_count_o: 0010
binary_i: 01100001, count_o: 0110, correct_count_o: 0010
count_o: 0101, correct_count_o: 0011
binary_i: 01100010, count_o: 0101, correct_count_o: 0011
count_o: 0101, correct_count_o: 0011
binary_i: 01100011, count_o: 0101, correct_count_o: 0011
binary_i: 01100100, count_o: 0100, correct_count_o: 0100
count_o: 0101, correct_count_o: 0011
binary_i: 01100101, count_o: 0101, correct_count_o: 0011
binary_i: 01100110, count_o: 0100, correct_count_o: 0100
binary_i: 01100111, count_o: 0100, correct_count_o: 0100
count_o: 0011, correct_count_o: 0101
binary_i: 01101000, count_o: 0011, correct_count_o: 0101
count_o: 0101, correct_count_o: 0011
binary_i: 01101001, count_o: 0101, correct_count_o: 0011
binary_i: 01101010, count_o: 0100, correct_count_o: 0100
binary_i: 01101011, count_o: 0100, correct_count_o: 0100
count_o: 0011, correct_count_o: 0101
binary_i: 01101100, count_o: 0011, correct_count_o: 0101
binary_i: 01101101, count_o: 0100, correct_count_o: 0100
count_o: 0011, correct_count_o: 0101
binary_i: 01101110, count_o: 0011, correct_count_o: 0101
count_o: 0011, correct_count_o: 0101
binary_i: 01101111, count_o: 0011, correct_count_o: 0101
count_o: 0010, correct_count_o: 0110
binary_i: 01110000, count_o: 0010, correct_count_o: 0110
count_o: 0101, correct_count_o: 0011
binary_i: 01110001, count_o: 0101, correct_count_o: 0011
binary_i: 01110010, count_o: 0100, correct_count_o: 0100
binary_i: 01110011, count_o: 0100, correct_count_o: 0100
count_o: 0011, correct_count_o: 0101
binary_i: 01110100, count_o: 0011, correct_count_o: 0101
binary_i: 01110101, count_o: 0100, correct_count_o: 0100
count_o: 0011, correct_count_o: 0101
binary_i: 01110110, count_o: 0011, correct_count_o: 0101
count_o: 0011, correct_count_o: 0101
binary_i: 01110111, count_o: 0011, correct_count_o: 0101
count_o: 0010, correct_count_o: 0110
binary_i: 01111000, count_o: 0010, correct_count_o: 0110
binary_i: 01111001, count_o: 0100, correct_count_o: 0100
count_o: 0011, correct_count_o: 0101
binary_i: 01111010, count_o: 0011, correct_count_o: 0101
count_o: 0011, correct_count_o: 0101
binary_i: 01111011, count_o: 0011, correct_count_o: 0101
count_o: 0010, correct_count_o: 0110
binary_i: 01111100, count_o: 0010, correct_count_o: 0110
count_o: 0011, correct_count_o: 0101
binary_i: 01111101, count_o: 0011, correct_count_o: 0101
count_o: 0010, correct_count_o: 0110
binary_i: 01111110, count_o: 0010, correct_count_o: 0110
count_o: 0010, correct_count_o: 0110
binary_i: 01111111, count_o: 0010, correct_count_o: 0110
count_o: 0001, correct_count_o: 0111
binary_i: 10000000, count_o: 0001, correct_count_o: 0111
count_o: 0111, correct_count_o: 0001
binary_i: 10000001, count_o: 0111, correct_count_o: 0001
count_o: 0110, correct_count_o: 0010
binary_i: 10000010, count_o: 0110, correct_count_o: 0010
count_o: 0110, correct_count_o: 0010
binary_i: 10000011, count_o: 0110, correct_count_o: 0010
count_o: 0101, correct_count_o: 0011
binary_i: 10000100, count_o: 0101, correct_count_o: 0011
count_o: 0110, correct_count_o: 0010
binary_i: 10000101, count_o: 0110, correct_count_o: 0010
count_o: 0101, correct_count_o: 0011
binary_i: 10000110, count_o: 0101, correct_count_o: 0011
count_o: 0101, correct_count_o: 0011
binary_i: 10000111, count_o: 0101, correct_count_o: 0011
binary_i: 10001000, count_o: 0100, correct_count_o: 0100
count_o: 0110, correct_count_o: 0010
binary_i: 10001001, count_o: 0110, correct_count_o: 0010
count_o: 0101, correct_count_o: 0011
binary_i: 10001010, count_o: 0101, correct_count_o: 0011
count_o: 0101, correct_count_o: 0011
binary_i: 10001011, count_o: 0101, correct_count_o: 0011
binary_i: 10001100, count_o: 0100, correct_count_o: 0100
count_o: 0101, correct_count_o: 0011
binary_i: 10001101, count_o: 0101, correct_count_o: 0011
binary_i: 10001110, count_o: 0100, correct_count_o: 0100
binary_i: 10001111, count_o: 0100, correct_count_o: 0100
count_o: 0011, correct_count_o: 0101
binary_i: 10010000, count_o: 0011, correct_count_o: 0101
count_o: 0110, correct_count_o: 0010
binary_i: 10010001, count_o: 0110, correct_count_o: 0010
count_o: 0101, correct_count_o: 0011
binary_i: 10010010, count_o: 0101, correct_count_o: 0011
count_o: 0101, correct_count_o: 0011
binary_i: 10010011, count_o: 0101, correct_count_o: 0011
binary_i: 10010100, count_o: 0100, correct_count_o: 0100
count_o: 0101, correct_count_o: 0011
binary_i: 10010101, count_o: 0101, correct_count_o: 0011
binary_i: 10010110, count_o: 0100, correct_count_o: 0100
binary_i: 10010111, count_o: 0100, correct_count_o: 0100
count_o: 0011, correct_count_o: 0101
binary_i: 10011000, count_o: 0011, correct_count_o: 0101
count_o: 0101, correct_count_o: 0011
binary_i: 10011001, count_o: 0101, correct_count_o: 0011
binary_i: 10011010, count_o: 0100, correct_count_o: 0100
binary_i: 10011011, count_o: 0100, correct_count_o: 0100
count_o: 0011, correct_count_o: 0101
binary_i: 10011100, count_o: 0011, correct_count_o: 0101
binary_i: 10011101, count_o: 0100, correct_count_o: 0100
count_o: 0011, correct_count_o: 0101
binary_i: 10011110, count_o: 0011, correct_count_o: 0101
count_o: 0011, correct_count_o: 0101
binary_i: 10011111, count_o: 0011, correct_count_o: 0101
count_o: 0010, correct_count_o: 0110
binary_i: 10100000, count_o: 0010, correct_count_o: 0110
count_o: 0110, correct_count_o: 0010
binary_i: 10100001, count_o: 0110, correct_count_o: 0010
count_o: 0101, correct_count_o: 0011
binary_i: 10100010, count_o: 0101, correct_count_o: 0011
count_o: 0101, correct_count_o: 0011
binary_i: 10100011, count_o: 0101, correct_count_o: 0011
binary_i: 10100100, count_o: 0100, correct_count_o: 0100
count_o: 0101, correct_count_o: 0011
binary_i: 10100101, count_o: 0101, correct_count_o: 0011
binary_i: 10100110, count_o: 0100, correct_count_o: 0100
binary_i: 10100111, count_o: 0100, correct_count_o: 0100
count_o: 0011, correct_count_o: 0101
binary_i: 10101000, count_o: 0011, correct_count_o: 0101
count_o: 0101, correct_count_o: 0011
binary_i: 10101001, count_o: 0101, correct_count_o: 0011
binary_i: 10101010, count_o: 0100, correct_count_o: 0100
binary_i: 10101011, count_o: 0100, correct_count_o: 0100
count_o: 0011, correct_count_o: 0101
binary_i: 10101100, count_o: 0011, correct_count_o: 0101
binary_i: 10101101, count_o: 0100, correct_count_o: 0100
count_o: 0011, correct_count_o: 0101
binary_i: 10101110, count_o: 0011, correct_count_o: 0101
count_o: 0011, correct_count_o: 0101
binary_i: 10101111, count_o: 0011, correct_count_o: 0101
count_o: 0010, correct_count_o: 0110
binary_i: 10110000, count_o: 0010, correct_count_o: 0110
count_o: 0101, correct_count_o: 0011
binary_i: 10110001, count_o: 0101, correct_count_o: 0011
binary_i: 10110010, count_o: 0100, correct_count_o: 0100
binary_i: 10110011, count_o: 0100, correct_count_o: 0100
count_o: 0011, correct_count_o: 0101
binary_i: 10110100, count_o: 0011, correct_count_o: 0101
binary_i: 10110101, count_o: 0100, correct_count_o: 0100
count_o: 0011, correct_count_o: 0101
binary_i: 10110110, count_o: 0011, correct_count_o: 0101
count_o: 0011, correct_count_o: 0101
binary_i: 10110111, count_o: 0011, correct_count_o: 0101
count_o: 0010, correct_count_o: 0110
binary_i: 10111000, count_o: 0010, correct_count_o: 0110
binary_i: 10111001, count_o: 0100, correct_count_o: 0100
count_o: 0011, correct_count_o: 0101
binary_i: 10111010, count_o: 0011, correct_count_o: 0101
count_o: 0011, correct_count_o: 0101
binary_i: 10111011, count_o: 0011, correct_count_o: 0101
count_o: 0010, correct_count_o: 0110
binary_i: 10111100, count_o: 0010, correct_count_o: 0110
count_o: 0011, correct_count_o: 0101
binary_i: 10111101, count_o: 0011, correct_count_o: 0101
count_o: 0010, correct_count_o: 0110
binary_i: 10111110, count_o: 0010, correct_count_o: 0110
count_o: 0010, correct_count_o: 0110
binary_i: 10111111, count_o: 0010, correct_count_o: 0110
count_o: 0001, correct_count_o: 0111
binary_i: 11000000, count_o: 0001, correct_count_o: 0111
count_o: 0110, correct_count_o: 0010
binary_i: 11000001, count_o: 0110, correct_count_o: 0010
count_o: 0101, correct_count_o: 0011
binary_i: 11000010, count_o: 0101, correct_count_o: 0011
count_o: 0101, correct_count_o: 0011
binary_i: 11000011, count_o: 0101, correct_count_o: 0011
binary_i: 11000100, count_o: 0100, correct_count_o: 0100
count_o: 0101, correct_count_o: 0011
binary_i: 11000101, count_o: 0101, correct_count_o: 0011
binary_i: 11000110, count_o: 0100, correct_count_o: 0100
binary_i: 11000111, count_o: 0100, correct_count_o: 0100
count_o: 0011, correct_count_o: 0101
binary_i: 11001000, count_o: 0011, correct_count_o: 0101
count_o: 0101, correct_count_o: 0011
binary_i: 11001001, count_o: 0101, correct_count_o: 0011
binary_i: 11001010, count_o: 0100, correct_count_o: 0100
binary_i: 11001011, count_o: 0100, correct_count_o: 0100
count_o: 0011, correct_count_o: 0101
binary_i: 11001100, count_o: 0011, correct_count_o: 0101
binary_i: 11001101, count_o: 0100, correct_count_o: 0100
count_o: 0011, correct_count_o: 0101
binary_i: 11001110, count_o: 0011, correct_count_o: 0101
count_o: 0011, correct_count_o: 0101
binary_i: 11001111, count_o: 0011, correct_count_o: 0101
count_o: 0010, correct_count_o: 0110
binary_i: 11010000, count_o: 0010, correct_count_o: 0110
count_o: 0101, correct_count_o: 0011
binary_i: 11010001, count_o: 0101, correct_count_o: 0011
binary_i: 11010010, count_o: 0100, correct_count_o: 0100
binary_i: 11010011, count_o: 0100, correct_count_o: 0100
count_o: 0011, correct_count_o: 0101
binary_i: 11010100, count_o: 0011, correct_count_o: 0101
binary_i: 11010101, count_o: 0100, correct_count_o: 0100
count_o: 0011, correct_count_o: 0101
binary_i: 11010110, count_o: 0011, correct_count_o: 0101
count_o: 0011, correct_count_o: 0101
binary_i: 11010111, count_o: 0011, correct_count_o: 0101
count_o: 0010, correct_count_o: 0110
binary_i: 11011000, count_o: 0010, correct_count_o: 0110
binary_i: 11011001, count_o: 0100, correct_count_o: 0100
count_o: 0011, correct_count_o: 0101
binary_i: 11011010, count_o: 0011, correct_count_o: 0101
count_o: 0011, correct_count_o: 0101
binary_i: 11011011, count_o: 0011, correct_count_o: 0101
count_o: 0010, correct_count_o: 0110
binary_i: 11011100, count_o: 0010, correct_count_o: 0110
count_o: 0011, correct_count_o: 0101
binary_i: 11011101, count_o: 0011, correct_count_o: 0101
count_o: 0010, correct_count_o: 0110
binary_i: 11011110, count_o: 0010, correct_count_o: 0110
count_o: 0010, correct_count_o: 0110
binary_i: 11011111, count_o: 0010, correct_count_o: 0110
count_o: 0001, correct_count_o: 0111
binary_i: 11100000, count_o: 0001, correct_count_o: 0111
count_o: 0101, correct_count_o: 0011
binary_i: 11100001, count_o: 0101, correct_count_o: 0011
binary_i: 11100010, count_o: 0100, correct_count_o: 0100
binary_i: 11100011, count_o: 0100, correct_count_o: 0100
count_o: 0011, correct_count_o: 0101
binary_i: 11100100, count_o: 0011, correct_count_o: 0101
binary_i: 11100101, count_o: 0100, correct_count_o: 0100
count_o: 0011, correct_count_o: 0101
binary_i: 11100110, count_o: 0011, correct_count_o: 0101
count_o: 0011, correct_count_o: 0101
binary_i: 11100111, count_o: 0011, correct_count_o: 0101
count_o: 0010, correct_count_o: 0110
binary_i: 11101000, count_o: 0010, correct_count_o: 0110
binary_i: 11101001, count_o: 0100, correct_count_o: 0100
count_o: 0011, correct_count_o: 0101
binary_i: 11101010, count_o: 0011, correct_count_o: 0101
count_o: 0011, correct_count_o: 0101
binary_i: 11101011, count_o: 0011, correct_count_o: 0101
count_o: 0010, correct_count_o: 0110
binary_i: 11101100, count_o: 0010, correct_count_o: 0110
count_o: 0011, correct_count_o: 0101
binary_i: 11101101, count_o: 0011, correct_count_o: 0101
count_o: 0010, correct_count_o: 0110
binary_i: 11101110, count_o: 0010, correct_count_o: 0110
count_o: 0010, correct_count_o: 0110
binary_i: 11101111, count_o: 0010, correct_count_o: 0110
count_o: 0001, correct_count_o: 0111
binary_i: 11110000, count_o: 0001, correct_count_o: 0111
binary_i: 11110001, count_o: 0100, correct_count_o: 0100
count_o: 0011, correct_count_o: 0101
binary_i: 11110010, count_o: 0011, correct_count_o: 0101
count_o: 0011, correct_count_o: 0101
binary_i: 11110011, count_o: 0011, correct_count_o: 0101
count_o: 0010, correct_count_o: 0110
binary_i: 11110100, count_o: 0010, correct_count_o: 0110
count_o: 0011, correct_count_o: 0101
binary_i: 11110101, count_o: 0011, correct_count_o: 0101
count_o: 0010, correct_count_o: 0110
binary_i: 11110110, count_o: 0010, correct_count_o: 0110
count_o: 0010, correct_count_o: 0110
binary_i: 11110111, count_o: 0010, correct_count_o: 0110
count_o: 0001, correct_count_o: 0111
binary_i: 11111000, count_o: 0001, correct_count_o: 0111
count_o: 0011, correct_count_o: 0101
binary_i: 11111001, count_o: 0011, correct_count_o: 0101
count_o: 0010, correct_count_o: 0110
binary_i: 11111010, count_o: 0010, correct_count_o: 0110
count_o: 0010, correct_count_o: 0110
binary_i: 11111011, count_o: 0010, correct_count_o: 0110
count_o: 0001, correct_count_o: 0111
binary_i: 11111100, count_o: 0001, correct_count_o: 0111
count_o: 0010, correct_count_o: 0110
binary_i: 11111101, count_o: 0010, correct_count_o: 0110
count_o: 0001, correct_count_o: 0111
binary_i: 11111110, count_o: 0001, correct_count_o: 0111
count_o: 0001, correct_count_o: 0111
binary_i: 11111111, count_o: 0001, correct_count_o: 0111
count_o: 0000, correct_count_o: 1000
Simulation time is              2560000
[0;31m    ______                    [0m
[0;31m   / ____/_____________  _____[0m
[0;31m  / __/ / ___/ ___/ __ \/ ___/[0m
[0;31m / /___/ /  / /  / /_/ / /    [0m
[0;31m/_____/_/  /_/   \____/_/     [0m

Simulation Failed
Current System Time is: 04:33:22 PM--02/24/2023
