VCD info: dumpfile iverilog.vcd opened for output.
VCD warning: $dumpvars: Unsupported argument type (vpiPackage)

  ______          __  __                    __                 ___ 
 /_  __/__  _____/ /_/ /_  ___  ____  _____/ /_     ___  ____ |__ \
  / / / _ \/ ___/ __/ __ \/ _ \/ __ \/ ___/ __ \   / _ \/ __ `/_/ /
 / / /  __(__  ) /_/ /_/ /  __/ / / / /__/ / / /  /  __/ /_/ / __/ 
/_/  \___/____/\__/_.___/\___/_/ /_/\___/_/ /_/   \___/\__, /____/ 
                                                         /_/       

Begin Test:

  a_i = 0, b_i = 0
  a_i = 0, b_i = 1
  a_i = 1, b_i = 0
  a_i = 1, b_i = 1
Simulation time is                50000
[0;32m    ____  ___   __________[0m
[0;32m   / __ \/   | / ___/ ___/[0m
[0;32m  / /_/ / /| | \__ \__  [0m
[0;32m / ____/ ___ |___/ /__/ / [0m
[0;32m/_/   /_/  |_/____/____/  [0m

Simulation Succeeded!
Current System Time is: 04:07:09 PM--02/08/2023
