TOP.testbench.cg with cycle_time_p          10

  ______          __  __                    __       ____  _       __  ___          
 /_  __/__  _____/ /_/ /_  ___  ____  _____/ /_     / __ )(_)___ _/  |/  /___ ______
  / / / _ \/ ___/ __/ __ \/ _ \/ __ \/ ___/ __ \   / __  / / __ `/ /|_/ / __ `/ ___/
 / / /  __(__  ) /_/ /_/ /  __/ / / / /__/ / / /  / /_/ / / /_/ / /  / / /_/ / /__  
/_/  \___/____/\__/_.___/\___/_/ /_/\___/_/ /_/  /_____/_/\__, /_/  /_/\__,_/\___/  
                                                         /____/                     
__________ ___________  _______________________________
\______   \\_   _____/ /   _____/\_   _____/\__    ___/
 |       _/ |    __)_  \_____  \  |    __)_   |    |   
 |    |   \ |        \ /        \ |        \  |    |  0->1 time =         10
 |____|_  //_______  //_______  //_______  /  |____|   
 ASYNC  \/         \/         \/         \/            
__________ ___________  _______________________________
\______   \\_   _____/ /   _____/\_   _____/\__    ___/
 |       _/ |    __)_  \_____  \  |    __)_   |    |   
 |    |   \ |        \ /        \ |        \  |    |  1->0 time =        110
 |____|_  //_______  //_______  //_______  /  |____|   
 ASYNC  \/         \/         \/         \/            

Begin Test:
On Cycle           1 (RV: 10d7a58d) -- valid_i: 0, ready_n: 0, data_i:     0
On Cycle           2 (RV: 96575ac3) -- valid_i: 0, ready_n: 0, data_i:     0
On Cycle           3 (RV: b8d35074) -- valid_i: 1, ready_n: 0, data_i:    24
On Cycle           4 (RV: ee4fa844) -- valid_i: 0, ready_n: 1, data_i:     0
On Cycle           5 (RV: e1ff6585) -- valid_i: 0, ready_n: 0, data_i:     0
On output iteration           0 -- data_o (Testbench Thread           1) got         24 (DUT Thread: 0)

On Cycle           6 (RV: bd57f356) -- valid_i: 1, ready_n: 0, data_i:    18
On Cycle           7 (RV: f0f29bcb) -- valid_i: 0, ready_n: 0, data_i:     0
On Cycle           8 (RV: 7b71db91) -- valid_i: 0, ready_n: 0, data_i:     0
On Cycle           9 (RV: 8d426aea) -- valid_i: 1, ready_n: 1, data_i:    25
On Cycle          10 (RV: 3b4c9ca4) -- valid_i: 1, ready_n: 0, data_i:    25
On output iteration           1 -- data_o (Testbench Thread           0) got         18 (DUT Thread: 0)

On Cycle          11 (RV: 0a846dbb) -- valid_i: 0, ready_n: 0, data_i:     0
On Cycle          12 (RV: b7ab5197) -- valid_i: 0, ready_n: 0, data_i:     0
On Cycle          13 (RV: 41334005) -- valid_i: 0, ready_n: 0, data_i:     0
On Cycle          14 (RV: 0a8b4c41) -- valid_i: 0, ready_n: 0, data_i:     0
On Cycle          15 (RV: 14b30692) -- valid_i: 1, ready_n: 1, data_i:     5
On Cycle          16 (RV: c3302cfa) -- valid_i: 1, ready_n: 0, data_i:     5
On output iteration           2 -- data_o (Testbench Thread           1) got         45 (DUT Thread: 0)

On Cycle          17 (RV: 80457614) -- valid_i: 1, ready_n: 1, data_i:     4
On Cycle          18 (RV: 48304871) -- valid_i: 0, ready_n: 0, data_i:     0
On output iteration           3 -- data_o (Testbench Thread           0) got         20 (DUT Thread: 0)

On Cycle          19 (RV: f0f927e1) -- valid_i: 0, ready_n: 0, data_i:     0
On Cycle          20 (RV: d7123190) -- valid_i: 1, ready_n: 0, data_i:     4
On Cycle          21 (RV: c9c8a4dd) -- valid_i: 0, ready_n: 0, data_i:     0
On Cycle          22 (RV: 2cb80c5a) -- valid_i: 1, ready_n: 1, data_i:    18
On Cycle          23 (RV: 1be2eabc) -- valid_i: 1, ready_n: 0, data_i:    18
On output iteration           4 -- data_o (Testbench Thread           1) got         41 (DUT Thread: 0)

On Cycle          24 (RV: 6eb5d37f) -- valid_i: 0, ready_n: 0, data_i:     0
On Cycle          25 (RV: 529a1edf) -- valid_i: 0, ready_n: 0, data_i:     0
On Cycle          26 (RV: e46fbbc2) -- valid_i: 1, ready_n: 1, data_i:    22
On Cycle          27 (RV: da2913b2) -- valid_i: 1, ready_n: 0, data_i:    22
On output iteration           5 -- data_o (Testbench Thread           0) got         34 (DUT Thread: 0)

On Cycle          28 (RV: 92e252e4) -- valid_i: 1, ready_n: 1, data_i:    20
On Cycle          29 (RV: 77fc0f08) -- valid_i: 1, ready_n: 0, data_i:    20
On output iteration           6 -- data_o (Testbench Thread           1) got         56 (DUT Thread: 0)

On Cycle          30 (RV: f5fd4960) -- valid_i: 1, ready_n: 1, data_i:     0
On Cycle          31 (RV: 3b6ea67d) -- valid_i: 0, ready_n: 0, data_i:     0
On output iteration           7 -- data_o (Testbench Thread           0) got         48 (DUT Thread: 0)

On Cycle          32 (RV: 92d19484) -- valid_i: 1, ready_n: 0, data_i:     0
On Cycle          33 (RV: dbb226d1) -- valid_i: 0, ready_n: 0, data_i:     0
On Cycle          34 (RV: c7af3dac) -- valid_i: 1, ready_n: 1, data_i:    18
On Cycle          35 (RV: c820ae4b) -- valid_i: 0, ready_n: 0, data_i:     0
On output iteration           8 -- data_o (Testbench Thread           1) got         47 (DUT Thread: 0)

On Cycle          36 (RV: 1cb0e917) -- valid_i: 0, ready_n: 0, data_i:     0
On Cycle          37 (RV: db28c984) -- valid_i: 1, ready_n: 0, data_i:    18
On Cycle          38 (RV: 7c4734e6) -- valid_i: 1, ready_n: 1, data_i:    19
On Cycle          39 (RV: ee9cf489) -- valid_i: 0, ready_n: 0, data_i:     0
On output iteration           9 -- data_o (Testbench Thread           0) got         58 (DUT Thread: 0)

On Cycle          40 (RV: 5ff12679) -- valid_i: 0, ready_n: 0, data_i:     0
On Cycle          41 (RV: 90945aa9) -- valid_i: 0, ready_n: 0, data_i:     0
On Cycle          42 (RV: 37f43908) -- valid_i: 1, ready_n: 0, data_i:    19
On Cycle          43 (RV: e12d3207) -- valid_i: 0, ready_n: 0, data_i:     0
On Cycle          44 (RV: 2c115356) -- valid_i: 1, ready_n: 1, data_i:    19
On Cycle          45 (RV: fc1e635b) -- valid_i: 0, ready_n: 0, data_i:     0
On output iteration          10 -- data_o (Testbench Thread           1) got         58 (DUT Thread: 0)

On Cycle          46 (RV: be0020d4) -- valid_i: 1, ready_n: 0, data_i:    19
On Cycle          47 (RV: a26a0b4c) -- valid_i: 1, ready_n: 1, data_i:    24
On Cycle          48 (RV: c29b6d8f) -- valid_i: 0, ready_n: 0, data_i:     0
On output iteration          11 -- data_o (Testbench Thread           0) got         67 (DUT Thread: 0)

On Cycle          49 (RV: 997d21ac) -- valid_i: 1, ready_n: 0, data_i:    24
On Cycle          50 (RV: bf5f7df0) -- valid_i: 1, ready_n: 1, data_i:    14
On Cycle          51 (RV: bd988fad) -- valid_i: 0, ready_n: 0, data_i:     0
On output iteration          12 -- data_o (Testbench Thread           1) got         72 (DUT Thread: 0)

On Cycle          52 (RV: cfacedee) -- valid_i: 1, ready_n: 0, data_i:    14
On Cycle          53 (RV: de4bf9cb) -- valid_i: 0, ready_n: 0, data_i:     0
On Cycle          54 (RV: 2405a738) -- valid_i: 1, ready_n: 1, data_i:    17
On Cycle          55 (RV: 45a4200c) -- valid_i: 1, ready_n: 0, data_i:    17
On output iteration          13 -- data_o (Testbench Thread           0) got         70 (DUT Thread: 0)

On Cycle          56 (RV: 1690130e) -- valid_i: 1, ready_n: 1, data_i:    19
On Cycle          57 (RV: 1cf113ab) -- valid_i: 0, ready_n: 0, data_i:     0
On output iteration          14 -- data_o (Testbench Thread           1) got         77 (DUT Thread: 0)

On Cycle          58 (RV: f63dfa81) -- valid_i: 0, ready_n: 0, data_i:     0
On Cycle          59 (RV: 3682cd45) -- valid_i: 0, ready_n: 0, data_i:     0
On Cycle          60 (RV: 95efd2be) -- valid_i: 1, ready_n: 0, data_i:    19
On Cycle          61 (RV: 868fbc84) -- valid_i: 1, ready_n: 1, data_i:    15
On Cycle          62 (RV: dfee8162) -- valid_i: 1, ready_n: 0, data_i:    15
On output iteration          15 -- data_o (Testbench Thread           0) got         78 (DUT Thread: 0)

On Cycle          63 (RV: 6f7ffdcd) -- valid_i: 0, ready_n: 0, data_i:     0
On Cycle          64 (RV: a8363ee9) -- valid_i: 0, ready_n: 0, data_i:     0
On Cycle          65 (RV: 6d1e63b3) -- valid_i: 0, ready_n: 0, data_i:     0
On Cycle          66 (RV: 2120371f) -- valid_i: 0, ready_n: 0, data_i:     0
On Cycle          67 (RV: 8cab1422) -- valid_i: 1, ready_n: 1, data_i:    15
On Cycle          68 (RV: ce786b20) -- valid_i: 1, ready_n: 0, data_i:    15
On output iteration          16 -- data_o (Testbench Thread           1) got         79 (DUT Thread: 0)

On Cycle          69 (RV: 04d8cee6) -- valid_i: 1, ready_n: 1, data_i:     9
On Cycle          70 (RV: 92f7a662) -- valid_i: 1, ready_n: 0, data_i:     9
On output iteration          17 -- data_o (Testbench Thread           0) got         80 (DUT Thread: 0)

On Cycle          71 (RV: 1dd508fa) -- valid_i: 1, ready_n: 1, data_i:    13
On Cycle          72 (RV: 77f93b6e) -- valid_i: 1, ready_n: 0, data_i:    13
On output iteration          18 -- data_o (Testbench Thread           1) got         75 (DUT Thread: 0)

On Cycle          73 (RV: c322eca7) -- valid_i: 0, ready_n: 0, data_i:     0
On Cycle          74 (RV: f696ddde) -- valid_i: 1, ready_n: 1, data_i:    26
On Cycle          75 (RV: f45a9ed6) -- valid_i: 1, ready_n: 0, data_i:    26
On output iteration          19 -- data_o (Testbench Thread           0) got         80 (DUT Thread: 0)

On Cycle          76 (RV: 2591ae85) -- valid_i: 0, ready_n: 0, data_i:     0
On Cycle          77 (RV: eee647a3) -- valid_i: 0, ready_n: 0, data_i:     0
On Cycle          78 (RV: 4f9966a5) -- valid_i: 0, ready_n: 0, data_i:     0
On Cycle          79 (RV: a6a4c65b) -- valid_i: 0, ready_n: 0, data_i:     0
On Cycle          80 (RV: 56d82ab9) -- valid_i: 0, ready_n: 0, data_i:     0
On Cycle          81 (RV: 20be9d9c) -- valid_i: 1, ready_n: 1, data_i:    20
On Cycle          82 (RV: fce79171) -- valid_i: 0, ready_n: 0, data_i:     0
On output iteration          20 -- data_o (Testbench Thread           1) got         89 (DUT Thread: 0)

On Cycle          83 (RV: 1d3ed578) -- valid_i: 1, ready_n: 0, data_i:    20
On Cycle          84 (RV: 4980556e) -- valid_i: 1, ready_n: 1, data_i:    17
On Cycle          85 (RV: 2a7b1259) -- valid_i: 0, ready_n: 0, data_i:     0
On output iteration          21 -- data_o (Testbench Thread           0) got         87 (DUT Thread: 0)

On Cycle          86 (RV: 0db37065) -- valid_i: 0, ready_n: 0, data_i:     0
On Cycle          87 (RV: 77ed9f71) -- valid_i: 0, ready_n: 0, data_i:     0
On Cycle          88 (RV: cd6fea65) -- valid_i: 0, ready_n: 0, data_i:     0
On Cycle          89 (RV: bf75cbda) -- valid_i: 1, ready_n: 0, data_i:    17
On Cycle          90 (RV: 1780e786) -- valid_i: 1, ready_n: 1, data_i:    27
On Cycle          91 (RV: c1dbb777) -- valid_i: 0, ready_n: 0, data_i:     0
On output iteration          22 -- data_o (Testbench Thread           1) got         92 (DUT Thread: 0)

On Cycle          92 (RV: bfdef958) -- valid_i: 1, ready_n: 0, data_i:    27
On Cycle          93 (RV: e2053937) -- valid_i: 0, ready_n: 0, data_i:     0
On Cycle          94 (RV: 39487050) -- valid_i: 1, ready_n: 1, data_i:     8
On Cycle          95 (RV: 834c91cb) -- valid_i: 0, ready_n: 0, data_i:     0
On output iteration          23 -- data_o (Testbench Thread           0) got        100 (DUT Thread: 0)

On Cycle          96 (RV: 12ee7f24) -- valid_i: 1, ready_n: 0, data_i:     8
On Cycle          97 (RV: a79e486c) -- valid_i: 1, ready_n: 1, data_i:    27
On Cycle          98 (RV: 562fec0f) -- valid_i: 0, ready_n: 0, data_i:     0
On output iteration          24 -- data_o (Testbench Thread           1) got         85 (DUT Thread: 0)

On Cycle          99 (RV: e51a178b) -- valid_i: 0, ready_n: 0, data_i:     0
On Cycle         100 (RV: 33f7d6ec) -- valid_i: 1, ready_n: 0, data_i:    27
On Cycle         101 (RV: 893ed7a2) -- valid_i: 1, ready_n: 1, data_i:    21
On Cycle         102 (RV: ec5b8566) -- valid_i: 1, ready_n: 0, data_i:    21
On output iteration          25 -- data_o (Testbench Thread           0) got        111 (DUT Thread: 0)

On Cycle         103 (RV: 2ee18ed9) -- valid_i: 0, ready_n: 0, data_i:     0
On Cycle         104 (RV: 95a59d5e) -- valid_i: 1, ready_n: 1, data_i:    14
On Cycle         105 (RV: 78762337) -- valid_i: 0, ready_n: 0, data_i:     0
On output iteration          26 -- data_o (Testbench Thread           1) got         92 (DUT Thread: 0)

On Cycle         106 (RV: e135a8db) -- valid_i: 0, ready_n: 0, data_i:     0
On Cycle         107 (RV: 446b6d7a) -- valid_i: 1, ready_n: 0, data_i:    14
On Cycle         108 (RV: 2047996c) -- valid_i: 1, ready_n: 1, data_i:     8
On Cycle         109 (RV: 2651bd55) -- valid_i: 0, ready_n: 0, data_i:     0
On output iteration          27 -- data_o (Testbench Thread           0) got        107 (DUT Thread: 0)

On Cycle         110 (RV: 8478f53c) -- valid_i: 1, ready_n: 0, data_i:     8
On Cycle         111 (RV: 1373075e) -- valid_i: 1, ready_n: 1, data_i:    23
On Cycle         112 (RV: 5764ab89) -- valid_i: 0, ready_n: 0, data_i:     0
On output iteration          28 -- data_o (Testbench Thread           1) got         85 (DUT Thread: 0)

On Cycle         113 (RV: 448b5eda) -- valid_i: 1, ready_n: 0, data_i:    23
On Cycle         114 (RV: 839f2001) -- valid_i: 0, ready_n: 0, data_i:     0
On Cycle         115 (RV: 47cbdd63) -- valid_i: 0, ready_n: 0, data_i:     0
On Cycle         116 (RV: c37ad14e) -- valid_i: 1, ready_n: 1, data_i:    16
On Cycle         117 (RV: bdbac79b) -- valid_i: 0, ready_n: 0, data_i:     0
On output iteration          29 -- data_o (Testbench Thread           0) got        113 (DUT Thread: 0)

On Cycle         118 (RV: 8efb69cc) -- valid_i: 1, ready_n: 0, data_i:    16
On Cycle         119 (RV: 8ab164da) -- valid_i: 1, ready_n: 1, data_i:    23
On Cycle         120 (RV: e8b29312) -- valid_i: 1, ready_n: 0, data_i:    23
On output iteration          30 -- data_o (Testbench Thread           1) got         87 (DUT Thread: 0)

On Cycle         121 (RV: 13122b1f) -- valid_i: 0, ready_n: 0, data_i:     0
On Cycle         122 (RV: 2281c690) -- valid_i: 1, ready_n: 1, data_i:    16
On Cycle         123 (RV: 429f7191) -- valid_i: 0, ready_n: 0, data_i:     0
On output iteration          31 -- data_o (Testbench Thread           0) got        118 (DUT Thread: 0)

On Cycle         124 (RV: 0d083132) -- valid_i: 1, ready_n: 0, data_i:    16
On Cycle         125 (RV: 9baf9594) -- valid_i: 1, ready_n: 1, data_i:     0
On Cycle         126 (RV: 0b09bdc2) -- valid_i: 1, ready_n: 0, data_i:     0
On output iteration          32 -- data_o (Testbench Thread           1) got         89 (DUT Thread: 0)

On Cycle         127 (RV: 5bdf8ec5) -- valid_i: 0, ready_n: 0, data_i:     0
On Cycle         128 (RV: a129c273) -- valid_i: 0, ready_n: 0, data_i:     0
On Cycle         129 (RV: 912cfcec) -- valid_i: 1, ready_n: 1, data_i:    22
On Cycle         130 (RV: 95ab33a8) -- valid_i: 1, ready_n: 0, data_i:    22
On output iteration          33 -- data_o (Testbench Thread           0) got         99 (DUT Thread: 0)

On Cycle         131 (RV: 33961a1d) -- valid_i: 0, ready_n: 0, data_i:     0
On Cycle         132 (RV: 2d746b11) -- valid_i: 0, ready_n: 0, data_i:     0
On Cycle         133 (RV: 0b7114a9) -- valid_i: 0, ready_n: 0, data_i:     0
On Cycle         134 (RV: 3f3aecad) -- valid_i: 0, ready_n: 0, data_i:     0
On Cycle         135 (RV: 291adc03) -- valid_i: 0, ready_n: 0, data_i:     0
On Cycle         136 (RV: dd4d125c) -- valid_i: 1, ready_n: 1, data_i:    21
On Cycle         137 (RV: e91aaa08) -- valid_i: 1, ready_n: 0, data_i:    21
On output iteration          34 -- data_o (Testbench Thread           1) got         97 (DUT Thread: 0)

On Cycle         138 (RV: 9e59b358) -- valid_i: 1, ready_n: 1, data_i:    24
On Cycle         139 (RV: 58b4e25e) -- valid_i: 1, ready_n: 0, data_i:    24
On output iteration          35 -- data_o (Testbench Thread           0) got        104 (DUT Thread: 0)

On Cycle         140 (RV: 2a7de51a) -- valid_i: 1, ready_n: 1, data_i:    10
On Cycle         141 (RV: 4100e7f0) -- valid_i: 1, ready_n: 0, data_i:    10
On output iteration          36 -- data_o (Testbench Thread           1) got        105 (DUT Thread: 0)

On Cycle         142 (RV: 5d7c0c04) -- valid_i: 1, ready_n: 1, data_i:    13
On Cycle         143 (RV: 81ebcb27) -- valid_i: 0, ready_n: 0, data_i:     0
On output iteration          37 -- data_o (Testbench Thread           0) got         97 (DUT Thread: 0)

On Cycle         144 (RV: 89ff6e8b) -- valid_i: 0, ready_n: 0, data_i:     0
On Cycle         145 (RV: c2ad3215) -- valid_i: 0, ready_n: 0, data_i:     0
On Cycle         146 (RV: 108c6fb8) -- valid_i: 1, ready_n: 0, data_i:    13
On Cycle         147 (RV: f3ce920e) -- valid_i: 1, ready_n: 1, data_i:    23
On Cycle         148 (RV: 4c80f458) -- valid_i: 1, ready_n: 0, data_i:    23
On output iteration          38 -- data_o (Testbench Thread           1) got        101 (DUT Thread: 0)

On Cycle         149 (RV: 7ccd35be) -- valid_i: 1, ready_n: 1, data_i:    13
On Cycle         150 (RV: d160a909) -- valid_i: 0, ready_n: 0, data_i:     0
On output iteration          39 -- data_o (Testbench Thread           0) got        104 (DUT Thread: 0)

On Cycle         151 (RV: b03ca2cd) -- valid_i: 0, ready_n: 0, data_i:     0
On Cycle         152 (RV: 5fa3c6c0) -- valid_i: 1, ready_n: 0, data_i:    13
On Cycle         153 (RV: f6adfe46) -- valid_i: 1, ready_n: 1, data_i:     9
On Cycle         154 (RV: 53544730) -- valid_i: 1, ready_n: 0, data_i:     9
On output iteration          40 -- data_o (Testbench Thread           1) got         98 (DUT Thread: 0)

On Cycle         155 (RV: b463369a) -- valid_i: 1, ready_n: 1, data_i:     6
On Cycle         156 (RV: af4e9187) -- valid_i: 0, ready_n: 0, data_i:     0
On output iteration          41 -- data_o (Testbench Thread           0) got         96 (DUT Thread: 0)

On Cycle         157 (RV: 14c4b64a) -- valid_i: 1, ready_n: 0, data_i:     6
On Cycle         158 (RV: 12fcdfc2) -- valid_i: 1, ready_n: 1, data_i:    15
On Cycle         159 (RV: 0cc90fcd) -- valid_i: 0, ready_n: 0, data_i:     0
On output iteration          42 -- data_o (Testbench Thread           1) got         88 (DUT Thread: 0)

On Cycle         160 (RV: ea557e1f) -- valid_i: 0, ready_n: 0, data_i:     0
On Cycle         161 (RV: e16176de) -- valid_i: 1, ready_n: 0, data_i:    15
On Cycle         162 (RV: 6a82bcf2) -- valid_i: 1, ready_n: 1, data_i:    20
On Cycle         163 (RV: 18e27199) -- valid_i: 0, ready_n: 0, data_i:     0
On output iteration          43 -- data_o (Testbench Thread           0) got         96 (DUT Thread: 0)

On Cycle         164 (RV: 2c747488) -- valid_i: 1, ready_n: 0, data_i:    20
On Cycle         165 (RV: f01ddeff) -- valid_i: 0, ready_n: 0, data_i:     0
On Cycle         166 (RV: 2e55a0bf) -- valid_i: 0, ready_n: 0, data_i:     0
On Cycle         167 (RV: ab32dcea) -- valid_i: 1, ready_n: 1, data_i:    28
On Cycle         168 (RV: 4c8d7b3e) -- valid_i: 1, ready_n: 0, data_i:    28
On output iteration          44 -- data_o (Testbench Thread           1) got         94 (DUT Thread: 0)

On Cycle         169 (RV: 18146e3c) -- valid_i: 1, ready_n: 1, data_i:     9
On Cycle         170 (RV: 0afc3f17) -- valid_i: 0, ready_n: 0, data_i:     0
On output iteration          45 -- data_o (Testbench Thread           0) got        109 (DUT Thread: 0)

On Cycle         171 (RV: 66dd3050) -- valid_i: 1, ready_n: 0, data_i:     9
On Cycle         172 (RV: afd1b78a) -- valid_i: 1, ready_n: 1, data_i:     5
On Cycle         173 (RV: c9b6ccff) -- valid_i: 0, ready_n: 0, data_i:     0
On output iteration          46 -- data_o (Testbench Thread           1) got         88 (DUT Thread: 0)

On Cycle         174 (RV: f3b03adc) -- valid_i: 1, ready_n: 0, data_i:     5
On Cycle         175 (RV: 185b4028) -- valid_i: 1, ready_n: 1, data_i:    25
On Cycle         176 (RV: 7f597f8a) -- valid_i: 1, ready_n: 0, data_i:    25
On output iteration          47 -- data_o (Testbench Thread           0) got         96 (DUT Thread: 0)

On Cycle         177 (RV: 4052c1d8) -- valid_i: 1, ready_n: 1, data_i:    12
On Cycle         178 (RV: eb9bcc6e) -- valid_i: 1, ready_n: 0, data_i:    12
On output iteration          48 -- data_o (Testbench Thread           1) got         99 (DUT Thread: 0)

On Cycle         179 (RV: 298e6a3c) -- valid_i: 1, ready_n: 1, data_i:    22
On Cycle         180 (RV: 6f46fc1f) -- valid_i: 0, ready_n: 0, data_i:     0
On output iteration          49 -- data_o (Testbench Thread           0) got         93 (DUT Thread: 0)

On Cycle         181 (RV: 34101d93) -- valid_i: 0, ready_n: 0, data_i:     0
On Cycle         182 (RV: 7a44c55a) -- valid_i: 1, ready_n: 0, data_i:    22
On Cycle         183 (RV: 3f4f095c) -- valid_i: 1, ready_n: 1, data_i:     0
On Cycle         184 (RV: a93def59) -- valid_i: 0, ready_n: 0, data_i:     0
On output iteration          50 -- data_o (Testbench Thread           1) got        105 (DUT Thread: 0)

On Cycle         185 (RV: dfc4c6b5) -- valid_i: 0, ready_n: 0, data_i:     0
On Cycle         186 (RV: 0f24669b) -- valid_i: 0, ready_n: 0, data_i:     0
On Cycle         187 (RV: f84107cc) -- valid_i: 1, ready_n: 0, data_i:     0
On Cycle         188 (RV: a85547f8) -- valid_i: 1, ready_n: 1, data_i:    15
On Cycle         189 (RV: bbd747ce) -- valid_i: 1, ready_n: 0, data_i:    15
On output iteration          51 -- data_o (Testbench Thread           0) got         78 (DUT Thread: 0)

On Cycle         190 (RV: 6560e5c8) -- valid_i: 1, ready_n: 1, data_i:    13
On Cycle         191 (RV: c6b3685d) -- valid_i: 0, ready_n: 0, data_i:     0
On output iteration          52 -- data_o (Testbench Thread           1) got        103 (DUT Thread: 0)

On Cycle         192 (RV: 5d643225) -- valid_i: 0, ready_n: 0, data_i:     0
On Cycle         193 (RV: 9af81f68) -- valid_i: 1, ready_n: 0, data_i:    13
On Cycle         194 (RV: e9714ab1) -- valid_i: 0, ready_n: 0, data_i:     0
On Cycle         195 (RV: db56a268) -- valid_i: 1, ready_n: 1, data_i:    11
On Cycle         196 (RV: d10629b0) -- valid_i: 1, ready_n: 0, data_i:    11
On output iteration          53 -- data_o (Testbench Thread           0) got         78 (DUT Thread: 0)

On Cycle         197 (RV: 689b7787) -- valid_i: 0, ready_n: 0, data_i:     0
On Cycle         198 (RV: 254fd3b1) -- valid_i: 0, ready_n: 0, data_i:     0
On Cycle         199 (RV: 46020521) -- valid_i: 0, ready_n: 0, data_i:     0
On Cycle         200 (RV: 68facf06) -- valid_i: 1, ready_n: 1, data_i:     1
On Cycle         201 (RV: 7d8b8a8e) -- valid_i: 1, ready_n: 0, data_i:     1
On output iteration          54 -- data_o (Testbench Thread           1) got         97 (DUT Thread: 0)

On Cycle         202 (RV: d7442b6b) -- valid_i: 0, ready_n: 0, data_i:     0
On Cycle         203 (RV: e25cd0d9) -- valid_i: 0, ready_n: 0, data_i:     0
On Cycle         204 (RV: 5e790a38) -- valid_i: 1, ready_n: 1, data_i:    15
On Cycle         205 (RV: cc208022) -- valid_i: 1, ready_n: 0, data_i:    15
On output iteration          55 -- data_o (Testbench Thread           0) got         66 (DUT Thread: 0)

On Cycle         206 (RV: a17125ff) -- valid_i: 0, ready_n: 0, data_i:     0
On Cycle         207 (RV: fe455fd2) -- valid_i: 1, ready_n: 1, data_i:    28
On Cycle         208 (RV: acd52dc2) -- valid_i: 1, ready_n: 0, data_i:    28
On output iteration          56 -- data_o (Testbench Thread           1) got         96 (DUT Thread: 0)

On Cycle         209 (RV: ed9b03de) -- valid_i: 1, ready_n: 1, data_i:    11
On Cycle         210 (RV: a678d75f) -- valid_i: 0, ready_n: 0, data_i:     0
On output iteration          57 -- data_o (Testbench Thread           0) got         83 (DUT Thread: 0)

On Cycle         211 (RV: 3996c917) -- valid_i: 0, ready_n: 0, data_i:     0
On Cycle         212 (RV: 50bcff2b) -- valid_i: 0, ready_n: 0, data_i:     0
On Cycle         213 (RV: 80fd5e9a) -- valid_i: 1, ready_n: 0, data_i:    11
On Cycle         214 (RV: a963756d) -- valid_i: 0, ready_n: 0, data_i:     0
On Cycle         215 (RV: 3093c140) -- valid_i: 1, ready_n: 1, data_i:    24
On Cycle         216 (RV: d95400c2) -- valid_i: 1, ready_n: 0, data_i:    24
On output iteration          58 -- data_o (Testbench Thread           1) got         92 (DUT Thread: 0)

On Cycle         217 (RV: 359cc107) -- valid_i: 0, ready_n: 0, data_i:     0
On Cycle         218 (RV: bf210e15) -- valid_i: 0, ready_n: 0, data_i:     0
On Cycle         219 (RV: ceb66b3d) -- valid_i: 0, ready_n: 0, data_i:     0
On Cycle         220 (RV: 2c20b769) -- valid_i: 0, ready_n: 0, data_i:     0
On Cycle         221 (RV: d6fd2f60) -- valid_i: 1, ready_n: 1, data_i:    23
On Cycle         222 (RV: eb78367e) -- valid_i: 1, ready_n: 0, data_i:    23
On output iteration          59 -- data_o (Testbench Thread           0) got         94 (DUT Thread: 0)

On Cycle         223 (RV: d6a35d03) -- valid_i: 0, ready_n: 0, data_i:     0
On Cycle         224 (RV: b22f3d7e) -- valid_i: 1, ready_n: 1, data_i:    21
On Cycle         225 (RV: 240be340) -- valid_i: 1, ready_n: 0, data_i:    21
On output iteration          60 -- data_o (Testbench Thread           1) got        100 (DUT Thread: 0)

On Cycle         226 (RV: e63446fe) -- valid_i: 1, ready_n: 1, data_i:    15
On Cycle         227 (RV: e1356ddb) -- valid_i: 0, ready_n: 0, data_i:     0
On output iteration          61 -- data_o (Testbench Thread           0) got        100 (DUT Thread: 0)

On Cycle         228 (RV: ea30c76d) -- valid_i: 0, ready_n: 0, data_i:     0
On Cycle         229 (RV: d10ae43e) -- valid_i: 1, ready_n: 0, data_i:    15
On Cycle         230 (RV: 36eeb088) -- valid_i: 1, ready_n: 1, data_i:    22
On Cycle         231 (RV: cb020b7d) -- valid_i: 0, ready_n: 0, data_i:     0
On output iteration          62 -- data_o (Testbench Thread           1) got         99 (DUT Thread: 0)

On Cycle         232 (RV: 21c65bc5) -- valid_i: 0, ready_n: 0, data_i:     0
On Cycle         233 (RV: 7bf761c6) -- valid_i: 1, ready_n: 0, data_i:    22
On Cycle         234 (RV: d01335f6) -- valid_i: 1, ready_n: 1, data_i:     8
On Cycle         235 (RV: 4b415f13) -- valid_i: 0, ready_n: 0, data_i:     0
On output iteration          63 -- data_o (Testbench Thread           0) got        106 (DUT Thread: 0)

On Cycle         236 (RV: 850ecc68) -- valid_i: 1, ready_n: 0, data_i:     8
On Cycle         237 (RV: 371e1c0e) -- valid_i: 1, ready_n: 1, data_i:    15
On Cycle         238 (RV: 8f07d8ff) -- valid_i: 0, ready_n: 0, data_i:     0
On output iteration          64 -- data_o (Testbench Thread           1) got         91 (DUT Thread: 0)

On Cycle         239 (RV: b36787ee) -- valid_i: 1, ready_n: 0, data_i:    15
On Cycle         240 (RV: 54267d13) -- valid_i: 0, ready_n: 0, data_i:     0
On Cycle         241 (RV: 46e2b830) -- valid_i: 1, ready_n: 1, data_i:     6
On Cycle         242 (RV: eecc2f9a) -- valid_i: 1, ready_n: 0, data_i:     6
On output iteration          65 -- data_o (Testbench Thread           0) got        104 (DUT Thread: 0)

On Cycle         243 (RV: 7c2a2947) -- valid_i: 0, ready_n: 0, data_i:     0
On Cycle         244 (RV: 84f7a79b) -- valid_i: 0, ready_n: 0, data_i:     0
On Cycle         245 (RV: 089aa4c6) -- valid_i: 1, ready_n: 1, data_i:    26
On Cycle         246 (RV: eabff3d1) -- valid_i: 0, ready_n: 0, data_i:     0
On output iteration          66 -- data_o (Testbench Thread           1) got         82 (DUT Thread: 0)

On Cycle         247 (RV: 3b637052) -- valid_i: 1, ready_n: 0, data_i:    26
On Cycle         248 (RV: 8e66c22d) -- valid_i: 0, ready_n: 0, data_i:     0
On Cycle         249 (RV: df00f157) -- valid_i: 0, ready_n: 0, data_i:     0
On Cycle         250 (RV: fa7bbb41) -- valid_i: 0, ready_n: 0, data_i:     0
On Cycle         251 (RV: 3c8eb67f) -- valid_i: 0, ready_n: 0, data_i:     0
On Cycle         252 (RV: 1b857337) -- valid_i: 0, ready_n: 0, data_i:     0
On Cycle         253 (RV: d467520b) -- valid_i: 0, ready_n: 0, data_i:     0
On Cycle         254 (RV: 7f77f0d6) -- valid_i: 1, ready_n: 1, data_i:     9
On Cycle         255 (RV: 94b25f3f) -- valid_i: 0, ready_n: 0, data_i:     0
On output iteration          67 -- data_o (Testbench Thread           0) got        113 (DUT Thread: 0)

On Cycle         256 (RV: 072d401c) -- valid_i: 1, ready_n: 0, data_i:     9
On Cycle         257 (RV: b88e952d) -- valid_i: 0, ready_n: 0, data_i:     0
On Cycle         258 (RV: 732b6a13) -- valid_i: 0, ready_n: 0, data_i:     0
On Cycle         259 (RV: f3287f12) -- valid_i: 1, ready_n: 1, data_i:    18
On Cycle         260 (RV: 1ff8a288) -- valid_i: 1, ready_n: 0, data_i:    18
On output iteration          68 -- data_o (Testbench Thread           1) got         78 (DUT Thread: 0)

On Cycle         261 (RV: e81c8ca8) -- valid_i: 1, ready_n: 1, data_i:     1
On Cycle         262 (RV: c6253f61) -- valid_i: 0, ready_n: 0, data_i:     0
On output iteration          69 -- data_o (Testbench Thread           0) got        113 (DUT Thread: 0)

On Cycle         263 (RV: b10b4c2e) -- valid_i: 1, ready_n: 0, data_i:     1
On Cycle         264 (RV: 3109f0cc) -- valid_i: 1, ready_n: 1, data_i:     5
On Cycle         265 (RV: ed3ec3d7) -- valid_i: 0, ready_n: 0, data_i:     0
On output iteration          70 -- data_o (Testbench Thread           1) got         66 (DUT Thread: 0)

On Cycle         266 (RV: 176b7fbe) -- valid_i: 1, ready_n: 0, data_i:     5
On Cycle         267 (RV: 7a3d3d9b) -- valid_i: 0, ready_n: 0, data_i:     0
On Cycle         268 (RV: a3a964e5) -- valid_i: 0, ready_n: 0, data_i:     0
On Cycle         269 (RV: 4e85ddc2) -- valid_i: 1, ready_n: 1, data_i:    27
On Cycle         270 (RV: ec8bdbc6) -- valid_i: 1, ready_n: 0, data_i:    27
On output iteration          71 -- data_o (Testbench Thread           0) got        100 (DUT Thread: 0)

On Cycle         271 (RV: 26bd7539) -- valid_i: 0, ready_n: 0, data_i:     0
On Cycle         272 (RV: 47ebdff1) -- valid_i: 0, ready_n: 0, data_i:     0
On Cycle         273 (RV: 46afc815) -- valid_i: 0, ready_n: 0, data_i:     0
On Cycle         274 (RV: 8d0f31a5) -- valid_i: 0, ready_n: 0, data_i:     0
On Cycle         275 (RV: daaea47a) -- valid_i: 1, ready_n: 1, data_i:    21
On Cycle         276 (RV: 010b9c80) -- valid_i: 1, ready_n: 0, data_i:    21
On output iteration          72 -- data_o (Testbench Thread           1) got         82 (DUT Thread: 0)

On Cycle         277 (RV: 72f7d924) -- valid_i: 1, ready_n: 1, data_i:     1
On Cycle         278 (RV: e4e7f4e4) -- valid_i: 1, ready_n: 0, data_i:     1
On output iteration          73 -- data_o (Testbench Thread           0) got        105 (DUT Thread: 0)

On Cycle         279 (RV: 93fe027f) -- valid_i: 0, ready_n: 0, data_i:     0
On Cycle         280 (RV: b2bc6f75) -- valid_i: 0, ready_n: 0, data_i:     0
On Cycle         281 (RV: c11bc21b) -- valid_i: 0, ready_n: 0, data_i:     0
On Cycle         282 (RV: f504e173) -- valid_i: 0, ready_n: 0, data_i:     0
On Cycle         283 (RV: 83ffeb32) -- valid_i: 1, ready_n: 1, data_i:    19
On Cycle         284 (RV: 2c4ab76c) -- valid_i: 1, ready_n: 0, data_i:    19
On output iteration          74 -- data_o (Testbench Thread           1) got         70 (DUT Thread: 0)

On Cycle         285 (RV: 57b0fc79) -- valid_i: 0, ready_n: 0, data_i:     0
On Cycle         286 (RV: d2835d60) -- valid_i: 1, ready_n: 1, data_i:    22
On Cycle         287 (RV: 550cf3c0) -- valid_i: 1, ready_n: 0, data_i:    22
On output iteration          75 -- data_o (Testbench Thread           0) got        107 (DUT Thread: 0)

On Cycle         288 (RV: 553ba9ec) -- valid_i: 1, ready_n: 1, data_i:     3
On Cycle         289 (RV: 08c609ee) -- valid_i: 1, ready_n: 0, data_i:     3
On output iteration          76 -- data_o (Testbench Thread           1) got         81 (DUT Thread: 0)

On Cycle         290 (RV: 9e2ca233) -- valid_i: 0, ready_n: 0, data_i:     0
On Cycle         291 (RV: 93c8d7d9) -- valid_i: 0, ready_n: 0, data_i:     0
On Cycle         292 (RV: a8c18c5b) -- valid_i: 0, ready_n: 0, data_i:     0
On Cycle         293 (RV: 5afe9e4b) -- valid_i: 0, ready_n: 0, data_i:     0
On Cycle         294 (RV: 646773d1) -- valid_i: 0, ready_n: 0, data_i:     0
On Cycle         295 (RV: 791dd64f) -- valid_i: 0, ready_n: 0, data_i:     0
On Cycle         296 (RV: 061c905a) -- valid_i: 1, ready_n: 1, data_i:     2
On Cycle         297 (RV: 82f15e57) -- valid_i: 0, ready_n: 0, data_i:     0
On output iteration          77 -- data_o (Testbench Thread           0) got         93 (DUT Thread: 0)

On Cycle         298 (RV: 77785b40) -- valid_i: 1, ready_n: 0, data_i:     2
On Cycle         299 (RV: 5e8aba05) -- valid_i: 0, ready_n: 0, data_i:     0
On Cycle         300 (RV: 8bb950ad) -- valid_i: 0, ready_n: 0, data_i:     0
On Cycle         301 (RV: 3d1ef5b9) -- valid_i: 0, ready_n: 0, data_i:     0
On Cycle         302 (RV: 72b779bb) -- valid_i: 0, ready_n: 0, data_i:     0
On Cycle         303 (RV: 8bc9c0ce) -- valid_i: 1, ready_n: 1, data_i:    19
On Cycle         304 (RV: b756c76c) -- valid_i: 1, ready_n: 0, data_i:    19
On output iteration          78 -- data_o (Testbench Thread           1) got         70 (DUT Thread: 0)

On Cycle         305 (RV: a387a843) -- valid_i: 0, ready_n: 0, data_i:     0
On Cycle         306 (RV: c04a7ccf) -- valid_i: 0, ready_n: 0, data_i:     0
On Cycle         307 (RV: 847cafe4) -- valid_i: 1, ready_n: 1, data_i:    15
On Cycle         308 (RV: 17f001a9) -- valid_i: 0, ready_n: 0, data_i:     0
On output iteration          79 -- data_o (Testbench Thread           0) got         97 (DUT Thread: 0)

On Cycle         309 (RV: d1ffe6fd) -- valid_i: 0, ready_n: 0, data_i:     0
On Cycle         310 (RV: 626086cb) -- valid_i: 0, ready_n: 0, data_i:     0
On Cycle         311 (RV: 7f49d6a3) -- valid_i: 0, ready_n: 0, data_i:     0
On Cycle         312 (RV: e02a7157) -- valid_i: 0, ready_n: 0, data_i:     0
On Cycle         313 (RV: dd1474b0) -- valid_i: 1, ready_n: 0, data_i:    15
On Cycle         314 (RV: 541e73ab) -- valid_i: 0, ready_n: 0, data_i:     0
On Cycle         315 (RV: 9aa5dedc) -- valid_i: 1, ready_n: 1, data_i:     8
On Cycle         316 (RV: 638c2795) -- valid_i: 0, ready_n: 0, data_i:     0
On output iteration          80 -- data_o (Testbench Thread           1) got         74 (DUT Thread: 0)

On Cycle         317 (RV: 69985c7d) -- valid_i: 0, ready_n: 0, data_i:     0
On Cycle         318 (RV: c2cf94da) -- valid_i: 1, ready_n: 0, data_i:     8
On Cycle         319 (RV: 6ee4e05e) -- valid_i: 1, ready_n: 1, data_i:    14
On Cycle         320 (RV: 455aecb2) -- valid_i: 1, ready_n: 0, data_i:    14
On output iteration          81 -- data_o (Testbench Thread           0) got         89 (DUT Thread: 0)

On Cycle         321 (RV: 32b03ca2) -- valid_i: 1, ready_n: 1, data_i:    16
On Cycle         322 (RV: 7fac8edc) -- valid_i: 1, ready_n: 0, data_i:    16
On output iteration          82 -- data_o (Testbench Thread           1) got         76 (DUT Thread: 0)

On Cycle         323 (RV: bc9bb2ac) -- valid_i: 1, ready_n: 1, data_i:     0
On Cycle         324 (RV: e38cf12d) -- valid_i: 0, ready_n: 0, data_i:     0
On output iteration          83 -- data_o (Testbench Thread           0) got         91 (DUT Thread: 0)

On Cycle         325 (RV: bc6dc55f) -- valid_i: 0, ready_n: 0, data_i:     0
On Cycle         326 (RV: 7cd6b409) -- valid_i: 0, ready_n: 0, data_i:     0
On Cycle         327 (RV: 0d377955) -- valid_i: 0, ready_n: 0, data_i:     0
On Cycle         328 (RV: c75de412) -- valid_i: 1, ready_n: 0, data_i:     0
On Cycle         329 (RV: 52d97b0b) -- valid_i: 0, ready_n: 0, data_i:     0
On Cycle         330 (RV: 6ac4a9f4) -- valid_i: 1, ready_n: 1, data_i:     6
On Cycle         331 (RV: a429815a) -- valid_i: 1, ready_n: 0, data_i:     6
On output iteration          84 -- data_o (Testbench Thread           1) got         64 (DUT Thread: 0)

On Cycle         332 (RV: 78a70c67) -- valid_i: 0, ready_n: 0, data_i:     0
On Cycle         333 (RV: 968eee7b) -- valid_i: 0, ready_n: 0, data_i:     0
On Cycle         334 (RV: 31265506) -- valid_i: 1, ready_n: 1, data_i:     6
On Cycle         335 (RV: 09abdf2e) -- valid_i: 1, ready_n: 0, data_i:     6
On output iteration          85 -- data_o (Testbench Thread           0) got         82 (DUT Thread: 0)

On Cycle         336 (RV: 32866333) -- valid_i: 0, ready_n: 0, data_i:     0
On Cycle         337 (RV: 56534654) -- valid_i: 1, ready_n: 1, data_i:    24
On Cycle         338 (RV: 93080ece) -- valid_i: 1, ready_n: 0, data_i:    24
On output iteration          86 -- data_o (Testbench Thread           1) got         60 (DUT Thread: 0)

On Cycle         339 (RV: a00c2f2a) -- valid_i: 1, ready_n: 1, data_i:    13
On Cycle         340 (RV: b47fe662) -- valid_i: 1, ready_n: 0, data_i:    13
On output iteration          87 -- data_o (Testbench Thread           0) got         93 (DUT Thread: 0)

On Cycle         341 (RV: 5a2eb1bc) -- valid_i: 1, ready_n: 1, data_i:    12
On Cycle         342 (RV: fa18ae0f) -- valid_i: 0, ready_n: 0, data_i:     0
On output iteration          88 -- data_o (Testbench Thread           1) got         63 (DUT Thread: 0)

On Cycle         343 (RV: b4a391e0) -- valid_i: 1, ready_n: 0, data_i:    12
On Cycle         344 (RV: 484eeb1f) -- valid_i: 0, ready_n: 0, data_i:     0
On Cycle         345 (RV: 4b7e545d) -- valid_i: 0, ready_n: 0, data_i:     0
On Cycle         346 (RV: 659526ee) -- valid_i: 1, ready_n: 1, data_i:     3
On Cycle         347 (RV: 0c5501d8) -- valid_i: 1, ready_n: 0, data_i:     3
On output iteration          89 -- data_o (Testbench Thread           0) got         90 (DUT Thread: 0)

On Cycle         348 (RV: ee2e7bc7) -- valid_i: 0, ready_n: 0, data_i:     0
On Cycle         349 (RV: cfa8dfd1) -- valid_i: 0, ready_n: 0, data_i:     0
On Cycle         350 (RV: f5d955d2) -- valid_i: 1, ready_n: 1, data_i:    12
On Cycle         351 (RV: d09fd4f8) -- valid_i: 1, ready_n: 0, data_i:    12
On output iteration          90 -- data_o (Testbench Thread           1) got         56 (DUT Thread: 0)

On Cycle         352 (RV: 4b089ab1) -- valid_i: 0, ready_n: 0, data_i:     0
On Cycle         353 (RV: 0b2a8999) -- valid_i: 0, ready_n: 0, data_i:     0
On Cycle         354 (RV: ddd8e1a8) -- valid_i: 1, ready_n: 1, data_i:    15
On Cycle         355 (RV: 18e86fcf) -- valid_i: 0, ready_n: 0, data_i:     0
On output iteration          91 -- data_o (Testbench Thread           0) got         87 (DUT Thread: 0)

On Cycle         356 (RV: 42a7038c) -- valid_i: 1, ready_n: 0, data_i:    15
On Cycle         357 (RV: 2179895e) -- valid_i: 1, ready_n: 1, data_i:    21
On Cycle         358 (RV: 8bb85e43) -- valid_i: 0, ready_n: 0, data_i:     0
On output iteration          92 -- data_o (Testbench Thread           1) got         62 (DUT Thread: 0)

On Cycle         359 (RV: 536e1a3a) -- valid_i: 1, ready_n: 0, data_i:    21
On Cycle         360 (RV: 533e1d0a) -- valid_i: 1, ready_n: 1, data_i:    28
On Cycle         361 (RV: 33732733) -- valid_i: 0, ready_n: 0, data_i:     0
On output iteration          93 -- data_o (Testbench Thread           0) got         94 (DUT Thread: 0)

On Cycle         362 (RV: 952961df) -- valid_i: 0, ready_n: 0, data_i:     0
On Cycle         363 (RV: 0693198d) -- valid_i: 0, ready_n: 0, data_i:     0
On Cycle         364 (RV: fa20f92c) -- valid_i: 1, ready_n: 0, data_i:    28
On Cycle         365 (RV: d9f59c81) -- valid_i: 0, ready_n: 0, data_i:     0
On Cycle         366 (RV: dca641bf) -- valid_i: 0, ready_n: 0, data_i:     0
On Cycle         367 (RV: 927546e7) -- valid_i: 0, ready_n: 0, data_i:     0
On Cycle         368 (RV: 53422106) -- valid_i: 1, ready_n: 1, data_i:    25
On Cycle         369 (RV: a9466d6c) -- valid_i: 1, ready_n: 0, data_i:    25
On output iteration          94 -- data_o (Testbench Thread           1) got         80 (DUT Thread: 0)

On Cycle         370 (RV: 905b7fc6) -- valid_i: 1, ready_n: 1, data_i:    19
On Cycle         371 (RV: 6db17c82) -- valid_i: 1, ready_n: 0, data_i:    19
On output iteration          95 -- data_o (Testbench Thread           0) got        104 (DUT Thread: 0)

On Cycle         372 (RV: 007f8885) -- valid_i: 0, ready_n: 0, data_i:     0
On Cycle         373 (RV: eebf9e6b) -- valid_i: 0, ready_n: 0, data_i:     0
On Cycle         374 (RV: 637679f0) -- valid_i: 1, ready_n: 1, data_i:    13
On Cycle         375 (RV: 812f0090) -- valid_i: 1, ready_n: 0, data_i:    13
On output iteration          96 -- data_o (Testbench Thread           1) got         86 (DUT Thread: 0)

On Cycle         376 (RV: 680c2085) -- valid_i: 0, ready_n: 0, data_i:     0
On Cycle         377 (RV: 40032e40) -- valid_i: 1, ready_n: 1, data_i:    25
On Cycle         378 (RV: 7fc01512) -- valid_i: 1, ready_n: 0, data_i:    25
On output iteration          97 -- data_o (Testbench Thread           0) got        100 (DUT Thread: 0)

On Cycle         379 (RV: 4bb7eeca) -- valid_i: 1, ready_n: 1, data_i:    19
On Cycle         380 (RV: d30b3bbc) -- valid_i: 1, ready_n: 0, data_i:    19
On output iteration          98 -- data_o (Testbench Thread           1) got         97 (DUT Thread: 0)

On Cycle         381 (RV: f1bc38ae) -- valid_i: 1, ready_n: 1, data_i:    19
On Cycle         382 (RV: b1cea343) -- valid_i: 0, ready_n: 0, data_i:     0
On output iteration          99 -- data_o (Testbench Thread           0) got        103 (DUT Thread: 0)

On Cycle         383 (RV: e2d0690d) -- valid_i: 0, ready_n: 0, data_i:     0
On Cycle         384 (RV: e07a8ec2) -- valid_i: 1, ready_n: 0, data_i:    19
On Cycle         385 (RV: 2840b0ee) -- valid_i: 1, ready_n: 1, data_i:    27
On Cycle         386 (RV: 37512d58) -- valid_i: 1, ready_n: 0, data_i:    27
On output iteration         100 -- data_o (Testbench Thread           1) got        100 (DUT Thread: 0)

On Cycle         387 (RV: 63eb08bc) -- valid_i: 1, ready_n: 1, data_i:    22
On Cycle         388 (RV: 10af5241) -- valid_i: 0, ready_n: 0, data_i:     0
On output iteration         101 -- data_o (Testbench Thread           0) got        113 (DUT Thread: 0)

On Cycle         389 (RV: 11b7771f) -- valid_i: 0, ready_n: 0, data_i:     0
On Cycle         390 (RV: 94b8f9c0) -- valid_i: 1, ready_n: 0, data_i:    22
On Cycle         391 (RV: 7119ba72) -- valid_i: 1, ready_n: 1, data_i:    28
On Cycle         392 (RV: 62b2f475) -- valid_i: 0, ready_n: 0, data_i:     0
On output iteration         102 -- data_o (Testbench Thread           1) got        106 (DUT Thread: 0)

On Cycle         393 (RV: 5d9f5fd8) -- valid_i: 1, ready_n: 0, data_i:    28
On Cycle         394 (RV: 350b45f6) -- valid_i: 1, ready_n: 1, data_i:     8
On Cycle         395 (RV: 5253b9df) -- valid_i: 0, ready_n: 0, data_i:     0
On output iteration         103 -- data_o (Testbench Thread           0) got        123 (DUT Thread: 0)

On Cycle         396 (RV: dda7aa60) -- valid_i: 1, ready_n: 0, data_i:     8
On Cycle         397 (RV: f2a586c7) -- valid_i: 0, ready_n: 0, data_i:     0
On Cycle         398 (RV: 7046c6c9) -- valid_i: 0, ready_n: 0, data_i:     0
On Cycle         399 (RV: d0b42d60) -- valid_i: 1, ready_n: 1, data_i:    17
On Cycle         400 (RV: 28b86e1b) -- valid_i: 0, ready_n: 0, data_i:     0
On output iteration         104 -- data_o (Testbench Thread           1) got         97 (DUT Thread: 0)

On Cycle         401 (RV: da96df5d) -- valid_i: 0, ready_n: 0, data_i:     0
On Cycle         402 (RV: bd8917b0) -- valid_i: 1, ready_n: 0, data_i:    17
On Cycle         403 (RV: 951f9c62) -- valid_i: 1, ready_n: 1, data_i:     1
On Cycle         404 (RV: 48658d9b) -- valid_i: 0, ready_n: 0, data_i:     0
On output iteration         105 -- data_o (Testbench Thread           0) got        120 (DUT Thread: 0)

On Cycle         405 (RV: 2f3d225c) -- valid_i: 1, ready_n: 0, data_i:     1
On Cycle         406 (RV: 61fd1417) -- valid_i: 0, ready_n: 0, data_i:     0
On Cycle         407 (RV: 628ecc6e) -- valid_i: 1, ready_n: 1, data_i:     1
On Cycle         408 (RV: 7ebf1a33) -- valid_i: 0, ready_n: 0, data_i:     0
On output iteration         106 -- data_o (Testbench Thread           1) got         82 (DUT Thread: 0)

On Cycle         409 (RV: 89a6d350) -- valid_i: 1, ready_n: 0, data_i:     1
On Cycle         410 (RV: 2f2e6c54) -- valid_i: 1, ready_n: 1, data_i:    28
On Cycle         411 (RV: 1bc04407) -- valid_i: 0, ready_n: 0, data_i:     0
On output iteration         107 -- data_o (Testbench Thread           0) got        102 (DUT Thread: 0)

On Cycle         412 (RV: 8956d33d) -- valid_i: 0, ready_n: 0, data_i:     0
On Cycle         413 (RV: d28765b3) -- valid_i: 0, ready_n: 0, data_i:     0
On Cycle         414 (RV: 5dd7ae02) -- valid_i: 1, ready_n: 0, data_i:    28
On Cycle         415 (RV: 857a8ea7) -- valid_i: 0, ready_n: 0, data_i:     0
On Cycle         416 (RV: e327004e) -- valid_i: 1, ready_n: 1, data_i:    26
On Cycle         417 (RV: 1a72a645) -- valid_i: 0, ready_n: 0, data_i:     0
On output iteration         108 -- data_o (Testbench Thread           1) got         97 (DUT Thread: 0)

On Cycle         418 (RV: 4a2815cf) -- valid_i: 0, ready_n: 0, data_i:     0
On Cycle         419 (RV: 5cfdbd0f) -- valid_i: 0, ready_n: 0, data_i:     0
On Cycle         420 (RV: 551748a9) -- valid_i: 0, ready_n: 0, data_i:     0
On Cycle         421 (RV: 2ef143c9) -- valid_i: 0, ready_n: 0, data_i:     0
On Cycle         422 (RV: 8ae0b654) -- valid_i: 1, ready_n: 0, data_i:    26
On Cycle         423 (RV: 77cdaaed) -- valid_i: 0, ready_n: 0, data_i:     0
On Cycle         424 (RV: 46052141) -- valid_i: 0, ready_n: 0, data_i:     0
On Cycle         425 (RV: 2f4e19d5) -- valid_i: 0, ready_n: 0, data_i:     0
On Cycle         426 (RV: c827defb) -- valid_i: 0, ready_n: 0, data_i:     0
On Cycle         427 (RV: 33b52550) -- valid_i: 1, ready_n: 1, data_i:    20
On Cycle         428 (RV: 3eb81ff0) -- valid_i: 1, ready_n: 0, data_i:    20
On output iteration         109 -- data_o (Testbench Thread           0) got        112 (DUT Thread: 0)

On Cycle         429 (RV: 8b39fa2c) -- valid_i: 1, ready_n: 1, data_i:    26
On Cycle         430 (RV: 06680c0f) -- valid_i: 0, ready_n: 0, data_i:     0
On output iteration         110 -- data_o (Testbench Thread           1) got        101 (DUT Thread: 0)

On Cycle         431 (RV: d2167706) -- valid_i: 1, ready_n: 0, data_i:    26
On Cycle         432 (RV: 15ccadff) -- valid_i: 0, ready_n: 0, data_i:     0
On Cycle         433 (RV: 0856e4b1) -- valid_i: 0, ready_n: 0, data_i:     0
On Cycle         434 (RV: 4dd4fd97) -- valid_i: 0, ready_n: 0, data_i:     0
On Cycle         435 (RV: fce5f57f) -- valid_i: 0, ready_n: 0, data_i:     0
On Cycle         436 (RV: 5face2bb) -- valid_i: 0, ready_n: 0, data_i:     0
On Cycle         437 (RV: 4615c5c0) -- valid_i: 1, ready_n: 1, data_i:    10
On Cycle         438 (RV: a3953be8) -- valid_i: 1, ready_n: 0, data_i:    10
On output iteration         111 -- data_o (Testbench Thread           0) got        120 (DUT Thread: 0)

On Cycle         439 (RV: e1b8b3eb) -- valid_i: 0, ready_n: 0, data_i:     0
On Cycle         440 (RV: 11279098) -- valid_i: 1, ready_n: 1, data_i:    23
On Cycle         441 (RV: 24113f7d) -- valid_i: 0, ready_n: 0, data_i:     0
On output iteration         112 -- data_o (Testbench Thread           1) got         95 (DUT Thread: 0)

On Cycle         442 (RV: 21678014) -- valid_i: 1, ready_n: 0, data_i:    23
On Cycle         443 (RV: 58a46a4e) -- valid_i: 1, ready_n: 1, data_i:    25
On Cycle         444 (RV: 1b932a84) -- valid_i: 1, ready_n: 0, data_i:    25
On output iteration         113 -- data_o (Testbench Thread           0) got        124 (DUT Thread: 0)

On Cycle         445 (RV: 8710ae24) -- valid_i: 1, ready_n: 1, data_i:     7
On Cycle         446 (RV: a437f548) -- valid_i: 1, ready_n: 0, data_i:     7
On output iteration         114 -- data_o (Testbench Thread           1) got        105 (DUT Thread: 0)

On Cycle         447 (RV: 2298dfe6) -- valid_i: 1, ready_n: 1, data_i:    20
On Cycle         448 (RV: 73798b4e) -- valid_i: 1, ready_n: 0, data_i:    20
On output iteration         115 -- data_o (Testbench Thread           0) got        111 (DUT Thread: 0)

On Cycle         449 (RV: 849be91f) -- valid_i: 0, ready_n: 0, data_i:     0
On Cycle         450 (RV: 551f84b3) -- valid_i: 0, ready_n: 0, data_i:     0
On Cycle         451 (RV: 9693414f) -- valid_i: 0, ready_n: 0, data_i:     0
On Cycle         452 (RV: 776eb6ec) -- valid_i: 1, ready_n: 1, data_i:     0
On Cycle         453 (RV: 8d5ff39c) -- valid_i: 1, ready_n: 0, data_i:     0
On output iteration         116 -- data_o (Testbench Thread           1) got        108 (DUT Thread: 0)

On Cycle         454 (RV: 984c801d) -- valid_i: 0, ready_n: 0, data_i:     0
On Cycle         455 (RV: 6a71fe87) -- valid_i: 0, ready_n: 0, data_i:     0
On Cycle         456 (RV: a793df30) -- valid_i: 1, ready_n: 1, data_i:    14
On Cycle         457 (RV: 46b0ecaa) -- valid_i: 1, ready_n: 0, data_i:    14
On output iteration         117 -- data_o (Testbench Thread           0) got         93 (DUT Thread: 0)

On Cycle         458 (RV: a6b4ca36) -- valid_i: 1, ready_n: 1, data_i:    11
On Cycle         459 (RV: 078beb5b) -- valid_i: 0, ready_n: 0, data_i:     0
On output iteration         118 -- data_o (Testbench Thread           1) got        105 (DUT Thread: 0)

On Cycle         460 (RV: 65187bbc) -- valid_i: 1, ready_n: 0, data_i:    11
On Cycle         461 (RV: 1f91812c) -- valid_i: 1, ready_n: 1, data_i:    12
On Cycle         462 (RV: 39d3d6f4) -- valid_i: 1, ready_n: 0, data_i:    12
On output iteration         119 -- data_o (Testbench Thread           0) got         89 (DUT Thread: 0)

On Cycle         463 (RV: 794bc5a5) -- valid_i: 0, ready_n: 0, data_i:     0
On Cycle         464 (RV: 563e407a) -- valid_i: 1, ready_n: 1, data_i:     9
On Cycle         465 (RV: d9ab2612) -- valid_i: 1, ready_n: 0, data_i:     9
On output iteration         120 -- data_o (Testbench Thread           1) got        100 (DUT Thread: 0)

On Cycle         466 (RV: 94f2c844) -- valid_i: 1, ready_n: 1, data_i:    28
On Cycle         467 (RV: 00548604) -- valid_i: 1, ready_n: 0, data_i:    28
On output iteration         121 -- data_o (Testbench Thread           0) got         84 (DUT Thread: 0)

On Cycle         468 (RV: f6605271) -- valid_i: 0, ready_n: 0, data_i:     0
On Cycle         469 (RV: 091af1f7) -- valid_i: 0, ready_n: 0, data_i:     0
On Cycle         470 (RV: 71305456) -- valid_i: 1, ready_n: 1, data_i:    11
On Cycle         471 (RV: a2faf30d) -- valid_i: 0, ready_n: 0, data_i:     0
On output iteration         122 -- data_o (Testbench Thread           1) got        112 (DUT Thread: 0)

On Cycle         472 (RV: 01ca0f84) -- valid_i: 1, ready_n: 0, data_i:    11
On Cycle         473 (RV: c55c874e) -- valid_i: 1, ready_n: 1, data_i:    25
On Cycle         474 (RV: d1ab67ca) -- valid_i: 1, ready_n: 0, data_i:    25
On output iteration         123 -- data_o (Testbench Thread           0) got         81 (DUT Thread: 0)

On Cycle         475 (RV: d593a4de) -- valid_i: 1, ready_n: 1, data_i:    27
On Cycle         476 (RV: e117e02c) -- valid_i: 1, ready_n: 0, data_i:    27
On output iteration         124 -- data_o (Testbench Thread           1) got        119 (DUT Thread: 0)

On Cycle         477 (RV: 4ffcb90f) -- valid_i: 0, ready_n: 0, data_i:     0
On Cycle         478 (RV: aee76eb7) -- valid_i: 0, ready_n: 0, data_i:     0
On Cycle         479 (RV: 010b5cee) -- valid_i: 1, ready_n: 1, data_i:    23
On Cycle         480 (RV: 510b79c1) -- valid_i: 0, ready_n: 0, data_i:     0
On output iteration         125 -- data_o (Testbench Thread           0) got         95 (DUT Thread: 0)

On Cycle         481 (RV: 86156a2e) -- valid_i: 1, ready_n: 0, data_i:    23
On Cycle         482 (RV: 6c7cef65) -- valid_i: 0, ready_n: 0, data_i:     0
On Cycle         483 (RV: 2897b663) -- valid_i: 0, ready_n: 0, data_i:     0
On Cycle         484 (RV: 946472ae) -- valid_i: 1, ready_n: 1, data_i:    14
On Cycle         485 (RV: 730aabeb) -- valid_i: 0, ready_n: 0, data_i:     0
On output iteration         126 -- data_o (Testbench Thread           1) got        123 (DUT Thread: 0)

On Cycle         486 (RV: 5d8a045a) -- valid_i: 1, ready_n: 0, data_i:    14
On Cycle         487 (RV: af59dd23) -- valid_i: 0, ready_n: 0, data_i:     0
On Cycle         488 (RV: 5d9753a4) -- valid_i: 1, ready_n: 1, data_i:    24
On Cycle         489 (RV: f117689f) -- valid_i: 0, ready_n: 0, data_i:     0
On output iteration         127 -- data_o (Testbench Thread           0) got         94 (DUT Thread: 0)

On Cycle         490 (RV: b3fc0494) -- valid_i: 1, ready_n: 0, data_i:    24
On Cycle         491 (RV: a5dbf23c) -- valid_i: 1, ready_n: 1, data_i:     9
On Cycle         492 (RV: fdfe3de6) -- valid_i: 1, ready_n: 0, data_i:     9
On output iteration         128 -- data_o (Testbench Thread           1) got        127 (DUT Thread: 0)

On Cycle         493 (RV: 474a7790) -- valid_i: 1, ready_n: 1, data_i:    19
On Cycle         494 (RV: 712b4e47) -- valid_i: 0, ready_n: 0, data_i:     0
On output iteration         129 -- data_o (Testbench Thread           0) got         88 (DUT Thread: 0)

On Cycle         495 (RV: d426fd2d) -- valid_i: 0, ready_n: 0, data_i:     0
On Cycle         496 (RV: a8cbc054) -- valid_i: 1, ready_n: 0, data_i:    19
On Cycle         497 (RV: 97b3f703) -- valid_i: 0, ready_n: 0, data_i:     0
On Cycle         498 (RV: 178e5523) -- valid_i: 0, ready_n: 0, data_i:     0
On Cycle         499 (RV: 3bcbf886) -- valid_i: 1, ready_n: 1, data_i:    15
On Cycle         500 (RV: fdb62f54) -- valid_i: 1, ready_n: 0, data_i:    15
On output iteration         130 -- data_o (Testbench Thread           1) got        126 (DUT Thread: 0)

On Cycle         501 (RV: 1bc52d94) -- valid_i: 1, ready_n: 1, data_i:    27
On Cycle         502 (RV: bfe7d7a3) -- valid_i: 0, ready_n: 0, data_i:     0
On output iteration         131 -- data_o (Testbench Thread           0) got         89 (DUT Thread: 0)

On Cycle         503 (RV: 153e1f4b) -- valid_i: 0, ready_n: 0, data_i:     0
On Cycle         504 (RV: 652800f3) -- valid_i: 0, ready_n: 0, data_i:     0
On Cycle         505 (RV: 2602b5f7) -- valid_i: 0, ready_n: 0, data_i:     0
On Cycle         506 (RV: 26ea47a6) -- valid_i: 1, ready_n: 0, data_i:    27
On Cycle         507 (RV: 4d3560c5) -- valid_i: 0, ready_n: 0, data_i:     0
On Cycle         508 (RV: add15a3a) -- valid_i: 1, ready_n: 1, data_i:    15
On Cycle         509 (RV: 79013d81) -- valid_i: 0, ready_n: 0, data_i:     0
On output iteration         132 -- data_o (Testbench Thread           1) got        133 (DUT Thread: 0)

On Cycle         510 (RV: 311ff80e) -- valid_i: 1, ready_n: 0, data_i:    15
On Cycle         511 (RV: 3760e758) -- valid_i: 1, ready_n: 1, data_i:     8
On Cycle         512 (RV: c0fc9e12) -- valid_i: 1, ready_n: 0, data_i:     8
On output iteration         133 -- data_o (Testbench Thread           0) got         90 (DUT Thread: 0)

On Cycle         513 (RV: 53695ce6) -- valid_i: 1, ready_n: 1, data_i:    14
On Cycle         514 (RV: 181c8971) -- valid_i: 0, ready_n: 0, data_i:     0
On output iteration         134 -- data_o (Testbench Thread           1) got        120 (DUT Thread: 0)

On Cycle         515 (RV: 2a233ee4) -- valid_i: 1, ready_n: 0, data_i:    14
On Cycle         516 (RV: 92c94679) -- valid_i: 0, ready_n: 0, data_i:     0
On Cycle         517 (RV: e87f740f) -- valid_i: 0, ready_n: 0, data_i:     0
On Cycle         518 (RV: 31919e3c) -- valid_i: 1, ready_n: 1, data_i:     7
On Cycle         519 (RV: de7b3547) -- valid_i: 0, ready_n: 0, data_i:     0
On output iteration         135 -- data_o (Testbench Thread           0) got         89 (DUT Thread: 0)

On Cycle         520 (RV: f2d63e91) -- valid_i: 0, ready_n: 0, data_i:     0
On Cycle         521 (RV: a524c94f) -- valid_i: 0, ready_n: 0, data_i:     0
On Cycle         522 (RV: 24d2d96d) -- valid_i: 0, ready_n: 0, data_i:     0
On Cycle         523 (RV: 98b4050b) -- valid_i: 0, ready_n: 0, data_i:     0
On Cycle         524 (RV: 389f7010) -- valid_i: 1, ready_n: 0, data_i:     7
On Cycle         525 (RV: 6b0ff9d8) -- valid_i: 1, ready_n: 1, data_i:    24
On Cycle         526 (RV: 56137d40) -- valid_i: 1, ready_n: 0, data_i:    24
On output iteration         136 -- data_o (Testbench Thread           1) got        108 (DUT Thread: 0)

On Cycle         527 (RV: 3405b789) -- valid_i: 0, ready_n: 0, data_i:     0
On Cycle         528 (RV: bd700811) -- valid_i: 0, ready_n: 0, data_i:     0
On Cycle         529 (RV: 24d40bf9) -- valid_i: 0, ready_n: 0, data_i:     0
On Cycle         530 (RV: 8ef45fbd) -- valid_i: 0, ready_n: 0, data_i:     0
On Cycle         531 (RV: e109d284) -- valid_i: 1, ready_n: 1, data_i:    24
On Cycle         532 (RV: 2a00937c) -- valid_i: 1, ready_n: 0, data_i:    24
On output iteration         137 -- data_o (Testbench Thread           0) got         99 (DUT Thread: 0)

On Cycle         533 (RV: 66c7d780) -- valid_i: 1, ready_n: 1, data_i:    25
On Cycle         534 (RV: 5793664b) -- valid_i: 0, ready_n: 0, data_i:     0
On output iteration         138 -- data_o (Testbench Thread           1) got        115 (DUT Thread: 0)

On Cycle         535 (RV: 77d562ca) -- valid_i: 1, ready_n: 0, data_i:    25
On Cycle         536 (RV: 46b1554c) -- valid_i: 1, ready_n: 1, data_i:    23
On Cycle         537 (RV: e815a8b8) -- valid_i: 1, ready_n: 0, data_i:    23
On output iteration         139 -- data_o (Testbench Thread           0) got        108 (DUT Thread: 0)

On Cycle         538 (RV: c2be1b5d) -- valid_i: 0, ready_n: 0, data_i:     0
On Cycle         539 (RV: 012aa6f2) -- valid_i: 1, ready_n: 1, data_i:    12
On Cycle         540 (RV: c29180e4) -- valid_i: 1, ready_n: 0, data_i:    12
On output iteration         140 -- data_o (Testbench Thread           1) got        120 (DUT Thread: 0)

On Cycle         541 (RV: bac81844) -- valid_i: 1, ready_n: 1, data_i:    20
On Cycle         542 (RV: 32895451) -- valid_i: 0, ready_n: 0, data_i:     0
On output iteration         141 -- data_o (Testbench Thread           0) got        103 (DUT Thread: 0)

On Cycle         543 (RV: 985f96af) -- valid_i: 0, ready_n: 0, data_i:     0
On Cycle         544 (RV: 88342540) -- valid_i: 1, ready_n: 0, data_i:    20
On Cycle         545 (RV: c1d7a5e6) -- valid_i: 1, ready_n: 1, data_i:    21
On Cycle         546 (RV: dfe88545) -- valid_i: 0, ready_n: 0, data_i:     0
On output iteration         142 -- data_o (Testbench Thread           1) got        121 (DUT Thread: 0)

On Cycle         547 (RV: 1c6cc0b7) -- valid_i: 0, ready_n: 0, data_i:     0
On Cycle         548 (RV: 05e20f58) -- valid_i: 1, ready_n: 0, data_i:    21
On Cycle         549 (RV: d1279ea5) -- valid_i: 0, ready_n: 0, data_i:     0
On Cycle         550 (RV: 8106ab6e) -- valid_i: 1, ready_n: 1, data_i:    10
On Cycle         551 (RV: 679d1ff5) -- valid_i: 0, ready_n: 0, data_i:     0
On output iteration         143 -- data_o (Testbench Thread           0) got        107 (DUT Thread: 0)

On Cycle         552 (RV: eaf02e64) -- valid_i: 1, ready_n: 0, data_i:    10
On Cycle         553 (RV: 91500e62) -- valid_i: 1, ready_n: 1, data_i:    16
On Cycle         554 (RV: 2226c098) -- valid_i: 1, ready_n: 0, data_i:    16
On output iteration         144 -- data_o (Testbench Thread           1) got        112 (DUT Thread: 0)

On Cycle         555 (RV: 8bc1d219) -- valid_i: 0, ready_n: 0, data_i:     0
On Cycle         556 (RV: ab2c7018) -- valid_i: 1, ready_n: 1, data_i:     1
On Cycle         557 (RV: 7b3ffef1) -- valid_i: 0, ready_n: 0, data_i:     0
On output iteration         145 -- data_o (Testbench Thread           0) got        106 (DUT Thread: 0)

On Cycle         558 (RV: 28e4c784) -- valid_i: 1, ready_n: 0, data_i:     1
On Cycle         559 (RV: 52a5de67) -- valid_i: 0, ready_n: 0, data_i:     0
On Cycle         560 (RV: d03e709c) -- valid_i: 1, ready_n: 1, data_i:    21
On Cycle         561 (RV: 43e06da4) -- valid_i: 1, ready_n: 0, data_i:    21
On output iteration         146 -- data_o (Testbench Thread           1) got         95 (DUT Thread: 0)

On Cycle         562 (RV: 174f65be) -- valid_i: 1, ready_n: 1, data_i:     0
On Cycle         563 (RV: c2600919) -- valid_i: 0, ready_n: 0, data_i:     0
On output iteration         147 -- data_o (Testbench Thread           0) got        110 (DUT Thread: 0)

On Cycle         564 (RV: 3de0d4b6) -- valid_i: 1, ready_n: 0, data_i:     0
On Cycle         565 (RV: a3f5cc41) -- valid_i: 0, ready_n: 0, data_i:     0
On Cycle         566 (RV: 0186f757) -- valid_i: 0, ready_n: 0, data_i:     0
On Cycle         567 (RV: 267c53c7) -- valid_i: 0, ready_n: 0, data_i:     0
On Cycle         568 (RV: b46ebbd7) -- valid_i: 0, ready_n: 0, data_i:     0
On Cycle         569 (RV: 995c8b5f) -- valid_i: 0, ready_n: 0, data_i:     0
On Cycle         570 (RV: 84c7ddaa) -- valid_i: 1, ready_n: 1, data_i:    22
On Cycle         571 (RV: 58440016) -- valid_i: 1, ready_n: 0, data_i:    22
On output iteration         148 -- data_o (Testbench Thread           1) got         80 (DUT Thread: 0)

On Cycle         572 (RV: 95f4e945) -- valid_i: 0, ready_n: 0, data_i:     0
On Cycle         573 (RV: 60bb7691) -- valid_i: 0, ready_n: 0, data_i:     0
On Cycle         574 (RV: ae33ec61) -- valid_i: 0, ready_n: 0, data_i:     0
On Cycle         575 (RV: b55af3dc) -- valid_i: 1, ready_n: 1, data_i:    25
On Cycle         576 (RV: 87c2db17) -- valid_i: 0, ready_n: 0, data_i:     0
On output iteration         149 -- data_o (Testbench Thread           0) got        114 (DUT Thread: 0)

On Cycle         577 (RV: f68b9020) -- valid_i: 1, ready_n: 0, data_i:    25
On Cycle         578 (RV: 142cba14) -- valid_i: 1, ready_n: 1, data_i:    18
On Cycle         579 (RV: dcb8faf8) -- valid_i: 1, ready_n: 0, data_i:    18
On output iteration         150 -- data_o (Testbench Thread           1) got         92 (DUT Thread: 0)

On Cycle         580 (RV: 34485acb) -- valid_i: 0, ready_n: 0, data_i:     0
On Cycle         581 (RV: e00187a1) -- valid_i: 0, ready_n: 0, data_i:     0
On Cycle         582 (RV: bf76bece) -- valid_i: 1, ready_n: 1, data_i:     3
On Cycle         583 (RV: 83c6f8ad) -- valid_i: 0, ready_n: 0, data_i:     0
On output iteration         151 -- data_o (Testbench Thread           0) got        114 (DUT Thread: 0)

On Cycle         584 (RV: 2274a15e) -- valid_i: 1, ready_n: 0, data_i:     3
On Cycle         585 (RV: ce2d1936) -- valid_i: 1, ready_n: 1, data_i:    10
On Cycle         586 (RV: 8105ed62) -- valid_i: 1, ready_n: 0, data_i:    10
On output iteration         152 -- data_o (Testbench Thread           1) got         80 (DUT Thread: 0)

On Cycle         587 (RV: 842ba74b) -- valid_i: 0, ready_n: 0, data_i:     0
On Cycle         588 (RV: 7b9e7a71) -- valid_i: 0, ready_n: 0, data_i:     0
On Cycle         589 (RV: 729a1848) -- valid_i: 1, ready_n: 1, data_i:     2
On Cycle         590 (RV: fd8be8e8) -- valid_i: 1, ready_n: 0, data_i:     2
On output iteration         153 -- data_o (Testbench Thread           0) got        106 (DUT Thread: 0)

On Cycle         591 (RV: 7da9f528) -- valid_i: 1, ready_n: 1, data_i:    25
On Cycle         592 (RV: d1ff6307) -- valid_i: 0, ready_n: 0, data_i:     0
On output iteration         154 -- data_o (Testbench Thread           1) got         69 (DUT Thread: 0)

On Cycle         593 (RV: b5e7de43) -- valid_i: 0, ready_n: 0, data_i:     0
On Cycle         594 (RV: c2211955) -- valid_i: 0, ready_n: 0, data_i:     0
On Cycle         595 (RV: 5b568320) -- valid_i: 1, ready_n: 0, data_i:    25
On Cycle         596 (RV: 45b9a6a6) -- valid_i: 1, ready_n: 1, data_i:    28
On Cycle         597 (RV: 264b1760) -- valid_i: 1, ready_n: 0, data_i:    28
On output iteration         155 -- data_o (Testbench Thread           0) got        114 (DUT Thread: 0)

On Cycle         598 (RV: e8a550c2) -- valid_i: 1, ready_n: 1, data_i:    24
On Cycle         599 (RV: 4ecb2b35) -- valid_i: 0, ready_n: 0, data_i:     0
On output iteration         156 -- data_o (Testbench Thread           1) got         86 (DUT Thread: 0)

On Cycle         600 (RV: f85fd620) -- valid_i: 1, ready_n: 0, data_i:    24
On Cycle         601 (RV: 88a4e299) -- valid_i: 0, ready_n: 0, data_i:     0
On Cycle         602 (RV: 9d640b18) -- valid_i: 1, ready_n: 1, data_i:    15
On Cycle         603 (RV: da116f04) -- valid_i: 1, ready_n: 0, data_i:    15
On output iteration         157 -- data_o (Testbench Thread           0) got        120 (DUT Thread: 0)

On Cycle         604 (RV: c0e6b483) -- valid_i: 0, ready_n: 0, data_i:     0
On Cycle         605 (RV: 043f20d9) -- valid_i: 0, ready_n: 0, data_i:     0
On Cycle         606 (RV: d6cbbc33) -- valid_i: 0, ready_n: 0, data_i:     0
On Cycle         607 (RV: 6fea4464) -- valid_i: 1, ready_n: 1, data_i:     9
On Cycle         608 (RV: 6ee01c98) -- valid_i: 1, ready_n: 0, data_i:     9
On output iteration         158 -- data_o (Testbench Thread           1) got         87 (DUT Thread: 0)

On Cycle         609 (RV: f884eee7) -- valid_i: 0, ready_n: 0, data_i:     0
On Cycle         610 (RV: 6fa87343) -- valid_i: 0, ready_n: 0, data_i:     0
On Cycle         611 (RV: 10c20f1c) -- valid_i: 1, ready_n: 1, data_i:    13
On Cycle         612 (RV: da8b099d) -- valid_i: 0, ready_n: 0, data_i:     0
On output iteration         159 -- data_o (Testbench Thread           0) got        110 (DUT Thread: 0)

On Cycle         613 (RV: 1910a652) -- valid_i: 1, ready_n: 0, data_i:    13
On Cycle         614 (RV: bbf1bf6f) -- valid_i: 0, ready_n: 0, data_i:     0
On Cycle         615 (RV: 67d90be5) -- valid_i: 0, ready_n: 0, data_i:     0
On Cycle         616 (RV: 46bafc48) -- valid_i: 1, ready_n: 1, data_i:    16
On Cycle         617 (RV: bcd75437) -- valid_i: 0, ready_n: 0, data_i:     0
On output iteration         160 -- data_o (Testbench Thread           1) got         86 (DUT Thread: 0)

On Cycle         618 (RV: 1e94544b) -- valid_i: 0, ready_n: 0, data_i:     0
On Cycle         619 (RV: e7cfc572) -- valid_i: 1, ready_n: 0, data_i:    16
On Cycle         620 (RV: d2c01738) -- valid_i: 1, ready_n: 1, data_i:    16
On Cycle         621 (RV: 27380fae) -- valid_i: 1, ready_n: 0, data_i:    16
On output iteration         161 -- data_o (Testbench Thread           0) got        108 (DUT Thread: 0)

On Cycle         622 (RV: f8722f3c) -- valid_i: 1, ready_n: 1, data_i:    10
On Cycle         623 (RV: c3726929) -- valid_i: 0, ready_n: 0, data_i:     0
On output iteration         162 -- data_o (Testbench Thread           1) got         88 (DUT Thread: 0)

On Cycle         624 (RV: 2bcc8136) -- valid_i: 1, ready_n: 0, data_i:    10
On Cycle         625 (RV: 942c3f67) -- valid_i: 0, ready_n: 0, data_i:     0
On Cycle         626 (RV: fb1f58a5) -- valid_i: 0, ready_n: 0, data_i:     0
On Cycle         627 (RV: 9aa243e4) -- valid_i: 1, ready_n: 1, data_i:     0
On Cycle         628 (RV: 7985efb0) -- valid_i: 1, ready_n: 0, data_i:     0
On output iteration         163 -- data_o (Testbench Thread           0) got        101 (DUT Thread: 0)

On Cycle         629 (RV: 011cc0a6) -- valid_i: 1, ready_n: 1, data_i:    18
On Cycle         630 (RV: e1af1590) -- valid_i: 1, ready_n: 0, data_i:    18
On output iteration         164 -- data_o (Testbench Thread           1) got         74 (DUT Thread: 0)

On Cycle         631 (RV: 8b86ae06) -- valid_i: 1, ready_n: 1, data_i:    21
On Cycle         632 (RV: aedc873e) -- valid_i: 1, ready_n: 0, data_i:    21
On output iteration         165 -- data_o (Testbench Thread           0) got        103 (DUT Thread: 0)

On Cycle         633 (RV: cbf724bb) -- valid_i: 0, ready_n: 0, data_i:     0
On Cycle         634 (RV: cb4f20d9) -- valid_i: 0, ready_n: 0, data_i:     0
On Cycle         635 (RV: 0bea7dd7) -- valid_i: 0, ready_n: 0, data_i:     0
On Cycle         636 (RV: 435fd961) -- valid_i: 0, ready_n: 0, data_i:     0
On Cycle         637 (RV: 98b0cd1c) -- valid_i: 1, ready_n: 1, data_i:     2
On Cycle         638 (RV: 907b9b14) -- valid_i: 1, ready_n: 0, data_i:     2
On output iteration         166 -- data_o (Testbench Thread           1) got         83 (DUT Thread: 0)

On Cycle         639 (RV: 616d05bd) -- valid_i: 0, ready_n: 0, data_i:     0
On Cycle         640 (RV: 133306ee) -- valid_i: 1, ready_n: 1, data_i:    28
On Cycle         641 (RV: fffd153a) -- valid_i: 1, ready_n: 0, data_i:    28
On output iteration         167 -- data_o (Testbench Thread           0) got         88 (DUT Thread: 0)

On Cycle         642 (RV: c880f3f6) -- valid_i: 1, ready_n: 1, data_i:    13
On Cycle         643 (RV: ec12576e) -- valid_i: 1, ready_n: 0, data_i:    13
On output iteration         168 -- data_o (Testbench Thread           1) got         98 (DUT Thread: 0)

On Cycle         644 (RV: 5e68cbe4) -- valid_i: 1, ready_n: 1, data_i:    13
On Cycle         645 (RV: 99789322) -- valid_i: 1, ready_n: 0, data_i:    13
On output iteration         169 -- data_o (Testbench Thread           0) got         87 (DUT Thread: 0)

On Cycle         646 (RV: 0d8c365b) -- valid_i: 0, ready_n: 0, data_i:     0
On Cycle         647 (RV: 72ce0d0b) -- valid_i: 0, ready_n: 0, data_i:     0
On Cycle         648 (RV: 22d2d953) -- valid_i: 0, ready_n: 0, data_i:     0
On Cycle         649 (RV: 70db3828) -- valid_i: 1, ready_n: 1, data_i:    13
On Cycle         650 (RV: 28593f41) -- valid_i: 0, ready_n: 0, data_i:     0
On output iteration         170 -- data_o (Testbench Thread           1) got         95 (DUT Thread: 0)

On Cycle         651 (RV: 1bd60065) -- valid_i: 0, ready_n: 0, data_i:     0
On Cycle         652 (RV: f8e732ac) -- valid_i: 1, ready_n: 0, data_i:    13
On Cycle         653 (RV: bbd53516) -- valid_i: 1, ready_n: 1, data_i:     4
On Cycle         654 (RV: 77258b6a) -- valid_i: 1, ready_n: 0, data_i:     4
On output iteration         171 -- data_o (Testbench Thread           0) got         86 (DUT Thread: 0)

On Cycle         655 (RV: d4ec497e) -- valid_i: 1, ready_n: 1, data_i:    27
On Cycle         656 (RV: b806464b) -- valid_i: 0, ready_n: 0, data_i:     0
On output iteration         172 -- data_o (Testbench Thread           1) got         84 (DUT Thread: 0)

On Cycle         657 (RV: 4b52e9b0) -- valid_i: 1, ready_n: 0, data_i:    27
On Cycle         658 (RV: 576dc92d) -- valid_i: 0, ready_n: 0, data_i:     0
On Cycle         659 (RV: 8d3df8d4) -- valid_i: 1, ready_n: 1, data_i:    19
On Cycle         660 (RV: 20645b53) -- valid_i: 0, ready_n: 0, data_i:     0
On output iteration         173 -- data_o (Testbench Thread           0) got         99 (DUT Thread: 0)

On Cycle         661 (RV: fd964d1b) -- valid_i: 0, ready_n: 0, data_i:     0
On Cycle         662 (RV: 8b2a9113) -- valid_i: 0, ready_n: 0, data_i:     0
On Cycle         663 (RV: 5baef08f) -- valid_i: 0, ready_n: 0, data_i:     0
On Cycle         664 (RV: 00539cba) -- valid_i: 1, ready_n: 0, data_i:    19
On Cycle         665 (RV: d423039a) -- valid_i: 1, ready_n: 1, data_i:     0
On Cycle         666 (RV: d65d789d) -- valid_i: 0, ready_n: 0, data_i:     0
On output iteration         174 -- data_o (Testbench Thread           1) got         89 (DUT Thread: 0)

On Cycle         667 (RV: 0ffad45f) -- valid_i: 0, ready_n: 0, data_i:     0
On Cycle         668 (RV: 0a8ecf5c) -- valid_i: 1, ready_n: 0, data_i:     0
On Cycle         669 (RV: c746177f) -- valid_i: 0, ready_n: 0, data_i:     0
On Cycle         670 (RV: 61461898) -- valid_i: 1, ready_n: 1, data_i:    21
On Cycle         671 (RV: 1349babf) -- valid_i: 0, ready_n: 0, data_i:     0
On output iteration         175 -- data_o (Testbench Thread           0) got         83 (DUT Thread: 0)

On Cycle         672 (RV: 1f6e617b) -- valid_i: 0, ready_n: 0, data_i:     0
On Cycle         673 (RV: 438fa41b) -- valid_i: 0, ready_n: 0, data_i:     0
On Cycle         674 (RV: adf227eb) -- valid_i: 0, ready_n: 0, data_i:     0
On Cycle         675 (RV: e413984e) -- valid_i: 1, ready_n: 0, data_i:    21
On Cycle         676 (RV: cfb53b86) -- valid_i: 1, ready_n: 1, data_i:    27
On Cycle         677 (RV: 612a22e0) -- valid_i: 1, ready_n: 0, data_i:    27
On output iteration         176 -- data_o (Testbench Thread           1) got         96 (DUT Thread: 0)

On Cycle         678 (RV: 07240655) -- valid_i: 0, ready_n: 0, data_i:     0
On Cycle         679 (RV: 064939ae) -- valid_i: 1, ready_n: 1, data_i:     6
On Cycle         680 (RV: 9dbe64ce) -- valid_i: 1, ready_n: 0, data_i:     6
On output iteration         177 -- data_o (Testbench Thread           0) got         97 (DUT Thread: 0)

On Cycle         681 (RV: 49fd1a2b) -- valid_i: 0, ready_n: 0, data_i:     0
On Cycle         682 (RV: bab02408) -- valid_i: 1, ready_n: 1, data_i:    17
On Cycle         683 (RV: 6485d353) -- valid_i: 0, ready_n: 0, data_i:     0
On output iteration         178 -- data_o (Testbench Thread           1) got         87 (DUT Thread: 0)

On Cycle         684 (RV: 4eec0c3d) -- valid_i: 0, ready_n: 0, data_i:     0
On Cycle         685 (RV: 0a6c4b8f) -- valid_i: 0, ready_n: 0, data_i:     0
On Cycle         686 (RV: 392c02a6) -- valid_i: 1, ready_n: 0, data_i:    17
On Cycle         687 (RV: 82af29c4) -- valid_i: 1, ready_n: 1, data_i:    14
On Cycle         688 (RV: d3fa1d8a) -- valid_i: 1, ready_n: 0, data_i:    14
On output iteration         179 -- data_o (Testbench Thread           0) got         98 (DUT Thread: 0)

On Cycle         689 (RV: 804d61fd) -- valid_i: 0, ready_n: 0, data_i:     0
On Cycle         690 (RV: bcb7ec63) -- valid_i: 0, ready_n: 0, data_i:     0
On Cycle         691 (RV: 227a4e83) -- valid_i: 0, ready_n: 0, data_i:     0
On Cycle         692 (RV: fed34982) -- valid_i: 1, ready_n: 1, data_i:     5
On Cycle         693 (RV: 07b17b95) -- valid_i: 0, ready_n: 0, data_i:     0
On output iteration         180 -- data_o (Testbench Thread           1) got         87 (DUT Thread: 0)

On Cycle         694 (RV: 9524c390) -- valid_i: 1, ready_n: 0, data_i:     5
On Cycle         695 (RV: fea351a8) -- valid_i: 1, ready_n: 1, data_i:    19
On Cycle         696 (RV: 0d774d24) -- valid_i: 1, ready_n: 0, data_i:    19
On output iteration         181 -- data_o (Testbench Thread           0) got         87 (DUT Thread: 0)

On Cycle         697 (RV: 0272df93) -- valid_i: 0, ready_n: 0, data_i:     0
On Cycle         698 (RV: 94bd5424) -- valid_i: 1, ready_n: 1, data_i:    17
On Cycle         699 (RV: 13264b98) -- valid_i: 1, ready_n: 0, data_i:    17
On output iteration         182 -- data_o (Testbench Thread           1) got         92 (DUT Thread: 0)

On Cycle         700 (RV: 56f1d975) -- valid_i: 0, ready_n: 0, data_i:     0
On Cycle         701 (RV: 85cb58a3) -- valid_i: 0, ready_n: 0, data_i:     0
On Cycle         702 (RV: ace09a28) -- valid_i: 1, ready_n: 1, data_i:     0
On Cycle         703 (RV: 1bc4ca56) -- valid_i: 1, ready_n: 0, data_i:     0
On output iteration         183 -- data_o (Testbench Thread           0) got         90 (DUT Thread: 0)

On Cycle         704 (RV: 0637bb6f) -- valid_i: 0, ready_n: 0, data_i:     0
On Cycle         705 (RV: e3d9efd0) -- valid_i: 1, ready_n: 1, data_i:    10
On Cycle         706 (RV: cd681238) -- valid_i: 1, ready_n: 0, data_i:    10
On output iteration         184 -- data_o (Testbench Thread           1) got         77 (DUT Thread: 0)

On Cycle         707 (RV: 4cd5a2a5) -- valid_i: 0, ready_n: 0, data_i:     0
On Cycle         708 (RV: 6d2b9f9f) -- valid_i: 0, ready_n: 0, data_i:     0
On Cycle         709 (RV: b45a1fa8) -- valid_i: 1, ready_n: 1, data_i:    23
On Cycle         710 (RV: 70e2d7d6) -- valid_i: 1, ready_n: 0, data_i:    23
On output iteration         185 -- data_o (Testbench Thread           0) got         85 (DUT Thread: 0)

On Cycle         711 (RV: ddfadbf5) -- valid_i: 0, ready_n: 0, data_i:     0
On Cycle         712 (RV: fc77bddb) -- valid_i: 0, ready_n: 0, data_i:     0
On Cycle         713 (RV: 44b8ca56) -- valid_i: 1, ready_n: 1, data_i:    17
On Cycle         714 (RV: ba4e5ef6) -- valid_i: 1, ready_n: 0, data_i:    17
On output iteration         186 -- data_o (Testbench Thread           1) got         87 (DUT Thread: 0)

On Cycle         715 (RV: b0a44334) -- valid_i: 1, ready_n: 1, data_i:    24
On Cycle         716 (RV: 4337b0ef) -- valid_i: 0, ready_n: 0, data_i:     0
On output iteration         187 -- data_o (Testbench Thread           0) got         88 (DUT Thread: 0)

On Cycle         717 (RV: 44a032c8) -- valid_i: 1, ready_n: 0, data_i:    24
On Cycle         718 (RV: c052073b) -- valid_i: 0, ready_n: 0, data_i:     0
On Cycle         719 (RV: 4152ea7b) -- valid_i: 0, ready_n: 0, data_i:     0
On Cycle         720 (RV: 88c2d9f6) -- valid_i: 1, ready_n: 1, data_i:     2
On Cycle         721 (RV: 22c5b2b3) -- valid_i: 0, ready_n: 0, data_i:     0
On output iteration         188 -- data_o (Testbench Thread           1) got         97 (DUT Thread: 0)

On Cycle         722 (RV: b6ff95e3) -- valid_i: 0, ready_n: 0, data_i:     0
On Cycle         723 (RV: 75fd0fde) -- valid_i: 1, ready_n: 0, data_i:     2
On Cycle         724 (RV: 21b2bc10) -- valid_i: 1, ready_n: 1, data_i:    16
On Cycle         725 (RV: fe52bf5f) -- valid_i: 0, ready_n: 0, data_i:     0
On output iteration         189 -- data_o (Testbench Thread           0) got         76 (DUT Thread: 0)

On Cycle         726 (RV: 697ac917) -- valid_i: 0, ready_n: 0, data_i:     0
On Cycle         727 (RV: 64c177cd) -- valid_i: 0, ready_n: 0, data_i:     0
On Cycle         728 (RV: ccebc8c0) -- valid_i: 1, ready_n: 0, data_i:    16
On Cycle         729 (RV: 333f3af3) -- valid_i: 0, ready_n: 0, data_i:     0
On Cycle         730 (RV: 83e2d4ff) -- valid_i: 0, ready_n: 0, data_i:     0
On Cycle         731 (RV: 462f399b) -- valid_i: 0, ready_n: 0, data_i:     0
On Cycle         732 (RV: be2696da) -- valid_i: 1, ready_n: 1, data_i:    14
On Cycle         733 (RV: 2ebe5861) -- valid_i: 0, ready_n: 0, data_i:     0
On output iteration         190 -- data_o (Testbench Thread           1) got         97 (DUT Thread: 0)

On Cycle         734 (RV: f9241385) -- valid_i: 0, ready_n: 0, data_i:     0
On Cycle         735 (RV: 00b2b95b) -- valid_i: 0, ready_n: 0, data_i:     0
On Cycle         736 (RV: d45c9d7a) -- valid_i: 1, ready_n: 0, data_i:    14
On Cycle         737 (RV: 52d4cbf5) -- valid_i: 0, ready_n: 0, data_i:     0
On Cycle         738 (RV: 6063253e) -- valid_i: 1, ready_n: 1, data_i:    10
On Cycle         739 (RV: 49a40a6d) -- valid_i: 0, ready_n: 0, data_i:     0
On output iteration         191 -- data_o (Testbench Thread           0) got         78 (DUT Thread: 0)

On Cycle         740 (RV: 6b24d497) -- valid_i: 0, ready_n: 0, data_i:     0
On Cycle         741 (RV: f095fd91) -- valid_i: 0, ready_n: 0, data_i:     0
On Cycle         742 (RV: f0a63722) -- valid_i: 1, ready_n: 0, data_i:    10
On Cycle         743 (RV: 8b12d26e) -- valid_i: 1, ready_n: 1, data_i:    17
On Cycle         744 (RV: 42ea4a1f) -- valid_i: 0, ready_n: 0, data_i:     0
On output iteration         192 -- data_o (Testbench Thread           1) got         91 (DUT Thread: 0)

On Cycle         745 (RV: e79e777f) -- valid_i: 0, ready_n: 0, data_i:     0
On Cycle         746 (RV: 5fdd1e11) -- valid_i: 0, ready_n: 0, data_i:     0
On Cycle         747 (RV: bb0e2c80) -- valid_i: 1, ready_n: 0, data_i:    17
On Cycle         748 (RV: 2cf714f2) -- valid_i: 1, ready_n: 1, data_i:     5
On Cycle         749 (RV: 73436169) -- valid_i: 0, ready_n: 0, data_i:     0
On output iteration         193 -- data_o (Testbench Thread           0) got         82 (DUT Thread: 0)

On Cycle         750 (RV: c1d71091) -- valid_i: 0, ready_n: 0, data_i:     0
On Cycle         751 (RV: 520b76ee) -- valid_i: 1, ready_n: 0, data_i:     5
On Cycle         752 (RV: 2cd66378) -- valid_i: 1, ready_n: 1, data_i:    11
On Cycle         753 (RV: 66547df9) -- valid_i: 0, ready_n: 0, data_i:     0
On output iteration         194 -- data_o (Testbench Thread           1) got         81 (DUT Thread: 0)

On Cycle         754 (RV: 0863ab8a) -- valid_i: 1, ready_n: 0, data_i:    11
On Cycle         755 (RV: f6ab1af0) -- valid_i: 1, ready_n: 1, data_i:    18
On Cycle         756 (RV: e8888c89) -- valid_i: 0, ready_n: 0, data_i:     0
On output iteration         195 -- data_o (Testbench Thread           0) got         80 (DUT Thread: 0)

On Cycle         757 (RV: 658c9984) -- valid_i: 1, ready_n: 0, data_i:    18
On Cycle         758 (RV: ed83c034) -- valid_i: 1, ready_n: 1, data_i:     2
On Cycle         759 (RV: 736d8e9a) -- valid_i: 1, ready_n: 0, data_i:     2
On output iteration         196 -- data_o (Testbench Thread           1) got         86 (DUT Thread: 0)

On Cycle         760 (RV: 402dafa2) -- valid_i: 1, ready_n: 1, data_i:    13
On Cycle         761 (RV: d758b8a1) -- valid_i: 0, ready_n: 0, data_i:     0
On output iteration         197 -- data_o (Testbench Thread           0) got         69 (DUT Thread: 0)

On Cycle         762 (RV: 7ceceae5) -- valid_i: 0, ready_n: 0, data_i:     0
On Cycle         763 (RV: 984c8dff) -- valid_i: 0, ready_n: 0, data_i:     0
On Cycle         764 (RV: 22d551cb) -- valid_i: 0, ready_n: 0, data_i:     0
On Cycle         765 (RV: 7255637f) -- valid_i: 0, ready_n: 0, data_i:     0
On Cycle         766 (RV: d25ddeff) -- valid_i: 0, ready_n: 0, data_i:     0
On Cycle         767 (RV: fa15e911) -- valid_i: 0, ready_n: 0, data_i:     0
On Cycle         768 (RV: 09378c51) -- valid_i: 0, ready_n: 0, data_i:     0
On Cycle         769 (RV: 326b3be4) -- valid_i: 1, ready_n: 0, data_i:    13
On Cycle         770 (RV: d92cf6d6) -- valid_i: 1, ready_n: 1, data_i:    23
On Cycle         771 (RV: c088ecba) -- valid_i: 1, ready_n: 0, data_i:    23
On output iteration         198 -- data_o (Testbench Thread           1) got         85 (DUT Thread: 0)

On Cycle         772 (RV: 1f7e02b4) -- valid_i: 1, ready_n: 1, data_i:     0
On Cycle         773 (RV: 9921e4e1) -- valid_i: 0, ready_n: 0, data_i:     0
On output iteration         199 -- data_o (Testbench Thread           0) got         81 (DUT Thread: 0)

- testbench.sv:173: Verilog $finish
Simulation time is              7875000
        200 data transmitted
[0;32m    ____  ___   __________[0m
[0;32m   / __ \/   | / ___/ ___/[0m
[0;32m  / /_/ / /| | \__ \__  [0m
[0;32m / ____/ ___ |___/ /__/ / [0m
[0;32m/_/   /_/  |_/____/____/  [0m

Simulation Succeeded!
