
  ______          __  __                    __                       _____       ___ 
 /_  __/__  _____/ /_/ /_  ___  ____  _____/ /_     ____ ___  __  __/ /__ \ _  _|__ \
  / / / _ \/ ___/ __/ __ \/ _ \/ __ \/ ___/ __ \   / __ `__ \/ / / / /__/ /| |/_/_/ /
 / / /  __(__  ) /_/ /_/ /  __/ / / / /__/ / / /  / / / / / / /_/ / // __/_>  </ __/ 
/_/  \___/____/\__/_.___/\___/_/ /_/\___/_/ /_/  /_/ /_/ /_/\__,_/_//____/_/|_/____/ 
Begin Test:

  a_i = 00, b_i = 00
  a_i = 00, b_i = 01
  a_i = 00, b_i = 10
  a_i = 00, b_i = 11
  a_i = 01, b_i = 00
  a_i = 01, b_i = 01
  a_i = 01, b_i = 10
  a_i = 01, b_i = 11
  a_i = 10, b_i = 00
  a_i = 10, b_i = 01
  a_i = 10, b_i = 10
  a_i = 10, b_i = 11
  a_i = 11, b_i = 00
  a_i = 11, b_i = 01
  a_i = 11, b_i = 10
  a_i = 11, b_i = 11
Simulation time is               170000
[0;32m    ____  ___   __________[0m
[0;32m   / __ \/   | / ___/ ___/[0m
[0;32m  / /_/ / /| | \__ \__  [0m
[0;32m / ____/ ___ |___/ /__/ / [0m
[0;32m/_/   /_/  |_/____/____/  [0m

Simulation Succeeded!
